[2026-04-10T13:23:22.657+0000] {logging_mixin.py:188} INFO - Changing /opt/***/logs/dag_id=job_search_medallion_pipeline_v1/run_id=manual__2026-04-10T10:04:54.687123+00:00/task_id=scrape_jobstreet_to_bronze permission to 509
[2026-04-10T13:23:22.658+0000] {logging_mixin.py:188} INFO - Failed to change /opt/***/logs/dag_id=job_search_medallion_pipeline_v1/run_id=manual__2026-04-10T10:04:54.687123+00:00/task_id=scrape_jobstreet_to_bronze permission to 509: [Errno 1] Operation not permitted: '/opt/***/logs/dag_id=job_search_medallion_pipeline_v1/run_id=manual__2026-04-10T10:04:54.687123+00:00/task_id=scrape_jobstreet_to_bronze'
[2026-04-10T13:23:22.724+0000] {logging_mixin.py:188} INFO - Changing /opt/***/logs/dag_id=job_search_medallion_pipeline_v1/run_id=manual__2026-04-10T10:04:54.687123+00:00/task_id=scrape_jobstreet_to_bronze permission to 509
[2026-04-10T13:23:22.725+0000] {logging_mixin.py:188} INFO - Failed to change /opt/***/logs/dag_id=job_search_medallion_pipeline_v1/run_id=manual__2026-04-10T10:04:54.687123+00:00/task_id=scrape_jobstreet_to_bronze permission to 509: [Errno 1] Operation not permitted: '/opt/***/logs/dag_id=job_search_medallion_pipeline_v1/run_id=manual__2026-04-10T10:04:54.687123+00:00/task_id=scrape_jobstreet_to_bronze'
[2026-04-10T13:23:22.790+0000] {taskinstance.py:1956} INFO - Dependencies all met for dep_context=non-requeueable deps ti=<TaskInstance: job_search_medallion_pipeline_v1.scrape_jobstreet_to_bronze manual__2026-04-10T10:04:54.687123+00:00 [queued]>
[2026-04-10T13:23:22.798+0000] {taskinstance.py:1956} INFO - Dependencies all met for dep_context=requeueable deps ti=<TaskInstance: job_search_medallion_pipeline_v1.scrape_jobstreet_to_bronze manual__2026-04-10T10:04:54.687123+00:00 [queued]>
[2026-04-10T13:23:22.798+0000] {taskinstance.py:2170} INFO - Starting attempt 2 of 3
[2026-04-10T13:23:22.822+0000] {taskinstance.py:2191} INFO - Executing <Task(BashOperator): scrape_jobstreet_to_bronze> on 2026-04-10 10:04:54.687123+00:00
[2026-04-10T13:23:22.832+0000] {standard_task_runner.py:60} INFO - Started process 522 to run task
[2026-04-10T13:23:22.835+0000] {standard_task_runner.py:87} INFO - Running: ['***', 'tasks', 'run', 'job_search_medallion_pipeline_v1', 'scrape_jobstreet_to_bronze', 'manual__2026-04-10T10:04:54.687123+00:00', '--job-id', '126', '--raw', '--subdir', 'DAGS_FOLDER/job_scraper_dag.py', '--cfg-path', '/tmp/tmp8_qxd9at']
[2026-04-10T13:23:22.839+0000] {standard_task_runner.py:88} INFO - Job 126: Subtask scrape_jobstreet_to_bronze
[2026-04-10T13:23:22.911+0000] {logging_mixin.py:188} INFO - Changing /opt/***/logs/dag_id=job_search_medallion_pipeline_v1/run_id=manual__2026-04-10T10:04:54.687123+00:00/task_id=scrape_jobstreet_to_bronze permission to 509
[2026-04-10T13:23:22.912+0000] {logging_mixin.py:188} INFO - Failed to change /opt/***/logs/dag_id=job_search_medallion_pipeline_v1/run_id=manual__2026-04-10T10:04:54.687123+00:00/task_id=scrape_jobstreet_to_bronze permission to 509: [Errno 1] Operation not permitted: '/opt/***/logs/dag_id=job_search_medallion_pipeline_v1/run_id=manual__2026-04-10T10:04:54.687123+00:00/task_id=scrape_jobstreet_to_bronze'
[2026-04-10T13:23:22.924+0000] {task_command.py:423} INFO - Running <TaskInstance: job_search_medallion_pipeline_v1.scrape_jobstreet_to_bronze manual__2026-04-10T10:04:54.687123+00:00 [running]> on host fa0bf68e89d0
[2026-04-10T13:23:23.044+0000] {taskinstance.py:2480} INFO - Exporting env vars: AIRFLOW_CTX_DAG_OWNER='rafif' AIRFLOW_CTX_DAG_ID='job_search_medallion_pipeline_v1' AIRFLOW_CTX_TASK_ID='scrape_jobstreet_to_bronze' AIRFLOW_CTX_EXECUTION_DATE='2026-04-10T10:04:54.687123+00:00' AIRFLOW_CTX_TRY_NUMBER='2' AIRFLOW_CTX_DAG_RUN_ID='manual__2026-04-10T10:04:54.687123+00:00'
[2026-04-10T13:23:23.045+0000] {subprocess.py:63} INFO - Tmp dir root location: /tmp
[2026-04-10T13:23:23.048+0000] {subprocess.py:75} INFO - Running command: ['/usr/bin/bash', '-c', 'python3 /opt/***/dags/scripts/scraper_jobstreet.py']
[2026-04-10T13:23:23.068+0000] {subprocess.py:86} INFO - Output:
[2026-04-10T13:27:26.169+0000] {subprocess.py:93} INFO - Menghubungkan ke Selenium Grid di Docker untuk Jobstreet...
[2026-04-10T13:27:26.170+0000] {subprocess.py:93} INFO - Mulai scraping Jobstreet untuk keyword: 'data', maksimal 5 halaman...
[2026-04-10T13:27:26.170+0000] {subprocess.py:93} INFO - 
[2026-04-10T13:27:26.170+0000] {subprocess.py:93} INFO - --- Jobstreet: Membuka Halaman 1 ---
[2026-04-10T13:27:26.171+0000] {subprocess.py:93} INFO - Ditemukan 32 lowongan di halaman 1
[2026-04-10T13:27:26.171+0000] {subprocess.py:93} INFO - Total Unik Jobstreet: 32
[2026-04-10T13:27:26.171+0000] {subprocess.py:93} INFO - 
[2026-04-10T13:27:26.172+0000] {subprocess.py:93} INFO - --- Jobstreet: Membuka Halaman 2 ---
[2026-04-10T13:27:26.172+0000] {subprocess.py:93} INFO - Ditemukan 32 lowongan di halaman 2
[2026-04-10T13:27:26.172+0000] {subprocess.py:93} INFO - Total Unik Jobstreet: 64
[2026-04-10T13:27:26.173+0000] {subprocess.py:93} INFO - 
[2026-04-10T13:27:26.173+0000] {subprocess.py:93} INFO - --- Jobstreet: Membuka Halaman 3 ---
[2026-04-10T13:27:26.173+0000] {subprocess.py:93} INFO - Ditemukan 32 lowongan di halaman 3
[2026-04-10T13:27:26.174+0000] {subprocess.py:93} INFO - Total Unik Jobstreet: 96
[2026-04-10T13:27:26.174+0000] {subprocess.py:93} INFO - 
[2026-04-10T13:27:26.174+0000] {subprocess.py:93} INFO - --- Jobstreet: Membuka Halaman 4 ---
[2026-04-10T13:27:26.174+0000] {subprocess.py:93} INFO - Ditemukan 32 lowongan di halaman 4
[2026-04-10T13:27:26.175+0000] {subprocess.py:93} INFO - Total Unik Jobstreet: 128
[2026-04-10T13:27:26.175+0000] {subprocess.py:93} INFO - 
[2026-04-10T13:27:26.175+0000] {subprocess.py:93} INFO - --- Jobstreet: Membuka Halaman 5 ---
[2026-04-10T13:27:26.176+0000] {subprocess.py:93} INFO - Ditemukan 32 lowongan di halaman 5
[2026-04-10T13:27:26.176+0000] {subprocess.py:93} INFO - Total Unik Jobstreet: 160
[2026-04-10T13:27:26.176+0000] {subprocess.py:93} INFO - ✅ [BRONZE] 160 data Jobstreet berhasil masuk ke DB.
[2026-04-10T13:27:26.294+0000] {subprocess.py:97} INFO - Command exited with return code 0
[2026-04-10T13:27:26.333+0000] {taskinstance.py:1138} INFO - Marking task as SUCCESS. dag_id=job_search_medallion_pipeline_v1, task_id=scrape_jobstreet_to_bronze, execution_date=20260410T100454, start_date=20260410T132322, end_date=20260410T132726
[2026-04-10T13:27:27.650+0000] {local_task_job_runner.py:234} INFO - Task exited with return code 0
[2026-04-10T13:27:27.671+0000] {taskinstance.py:3280} INFO - 0 downstream tasks scheduled from follow-on schedule check
