[2026-04-06T02:30:56.930+0000] {logging_mixin.py:188} INFO - Changing /opt/***/logs/dag_id=job_search_medallion_pipeline_v1/run_id=scheduled__2026-04-05T00:00:00+00:00/task_id=scrape_jobstreet_to_bronze permission to 509
[2026-04-06T02:30:56.931+0000] {logging_mixin.py:188} INFO - Failed to change /opt/***/logs/dag_id=job_search_medallion_pipeline_v1/run_id=scheduled__2026-04-05T00:00:00+00:00/task_id=scrape_jobstreet_to_bronze permission to 509: [Errno 1] Operation not permitted: '/opt/***/logs/dag_id=job_search_medallion_pipeline_v1/run_id=scheduled__2026-04-05T00:00:00+00:00/task_id=scrape_jobstreet_to_bronze'
[2026-04-06T02:30:56.980+0000] {logging_mixin.py:188} INFO - Changing /opt/***/logs/dag_id=job_search_medallion_pipeline_v1/run_id=scheduled__2026-04-05T00:00:00+00:00/task_id=scrape_jobstreet_to_bronze permission to 509
[2026-04-06T02:30:56.981+0000] {logging_mixin.py:188} INFO - Failed to change /opt/***/logs/dag_id=job_search_medallion_pipeline_v1/run_id=scheduled__2026-04-05T00:00:00+00:00/task_id=scrape_jobstreet_to_bronze permission to 509: [Errno 1] Operation not permitted: '/opt/***/logs/dag_id=job_search_medallion_pipeline_v1/run_id=scheduled__2026-04-05T00:00:00+00:00/task_id=scrape_jobstreet_to_bronze'
[2026-04-06T02:30:57.023+0000] {taskinstance.py:1956} INFO - Dependencies all met for dep_context=non-requeueable deps ti=<TaskInstance: job_search_medallion_pipeline_v1.scrape_jobstreet_to_bronze scheduled__2026-04-05T00:00:00+00:00 [queued]>
[2026-04-06T02:30:57.032+0000] {taskinstance.py:1956} INFO - Dependencies all met for dep_context=requeueable deps ti=<TaskInstance: job_search_medallion_pipeline_v1.scrape_jobstreet_to_bronze scheduled__2026-04-05T00:00:00+00:00 [queued]>
[2026-04-06T02:30:57.033+0000] {taskinstance.py:2170} INFO - Starting attempt 6 of 7
[2026-04-06T02:30:57.047+0000] {taskinstance.py:2191} INFO - Executing <Task(BashOperator): scrape_jobstreet_to_bronze> on 2026-04-05 00:00:00+00:00
[2026-04-06T02:30:57.054+0000] {standard_task_runner.py:60} INFO - Started process 195 to run task
[2026-04-06T02:30:57.057+0000] {standard_task_runner.py:87} INFO - Running: ['***', 'tasks', 'run', 'job_search_medallion_pipeline_v1', 'scrape_jobstreet_to_bronze', 'scheduled__2026-04-05T00:00:00+00:00', '--job-id', '91', '--raw', '--subdir', 'DAGS_FOLDER/job_scraper_dag.py', '--cfg-path', '/tmp/tmp3c4qdw_l']
[2026-04-06T02:30:57.060+0000] {standard_task_runner.py:88} INFO - Job 91: Subtask scrape_jobstreet_to_bronze
[2026-04-06T02:30:57.126+0000] {logging_mixin.py:188} INFO - Changing /opt/***/logs/dag_id=job_search_medallion_pipeline_v1/run_id=scheduled__2026-04-05T00:00:00+00:00/task_id=scrape_jobstreet_to_bronze permission to 509
[2026-04-06T02:30:57.127+0000] {logging_mixin.py:188} INFO - Failed to change /opt/***/logs/dag_id=job_search_medallion_pipeline_v1/run_id=scheduled__2026-04-05T00:00:00+00:00/task_id=scrape_jobstreet_to_bronze permission to 509: [Errno 1] Operation not permitted: '/opt/***/logs/dag_id=job_search_medallion_pipeline_v1/run_id=scheduled__2026-04-05T00:00:00+00:00/task_id=scrape_jobstreet_to_bronze'
[2026-04-06T02:30:57.136+0000] {task_command.py:423} INFO - Running <TaskInstance: job_search_medallion_pipeline_v1.scrape_jobstreet_to_bronze scheduled__2026-04-05T00:00:00+00:00 [running]> on host fa0bf68e89d0
[2026-04-06T02:30:57.232+0000] {taskinstance.py:2480} INFO - Exporting env vars: AIRFLOW_CTX_DAG_OWNER='rafif' AIRFLOW_CTX_DAG_ID='job_search_medallion_pipeline_v1' AIRFLOW_CTX_TASK_ID='scrape_jobstreet_to_bronze' AIRFLOW_CTX_EXECUTION_DATE='2026-04-05T00:00:00+00:00' AIRFLOW_CTX_TRY_NUMBER='6' AIRFLOW_CTX_DAG_RUN_ID='scheduled__2026-04-05T00:00:00+00:00'
[2026-04-06T02:30:57.234+0000] {subprocess.py:63} INFO - Tmp dir root location: /tmp
[2026-04-06T02:30:57.236+0000] {subprocess.py:75} INFO - Running command: ['/usr/bin/bash', '-c', 'python3 /opt/***/dags/scripts/scraper_jobstreet.py']
[2026-04-06T02:30:57.249+0000] {subprocess.py:86} INFO - Output:
[2026-04-06T02:31:14.348+0000] {subprocess.py:93} INFO - Menghubungkan ke Selenium Grid di Docker untuk Jobstreet...
[2026-04-06T02:31:14.349+0000] {subprocess.py:93} INFO - Mulai scraping Jobstreet untuk keyword: 'data', maksimal 5 halaman...
[2026-04-06T02:31:14.350+0000] {subprocess.py:93} INFO - 
[2026-04-06T02:31:14.351+0000] {subprocess.py:93} INFO - --- Jobstreet: Membuka Halaman 1 ---
[2026-04-06T02:31:14.352+0000] {subprocess.py:93} INFO - Data tidak ditemukan di halaman 1. Berhenti scraping.
[2026-04-06T02:31:14.352+0000] {subprocess.py:93} INFO - Menutup browser...
[2026-04-06T02:31:14.353+0000] {subprocess.py:93} INFO - 
[2026-04-06T02:31:14.354+0000] {subprocess.py:93} INFO - TOTAL DATA JOBSTREET DISCRAPE: 0
[2026-04-06T02:31:14.356+0000] {subprocess.py:93} INFO - ❌ Tidak ada data Jobstreet yang didapat.
[2026-04-06T02:31:14.437+0000] {subprocess.py:97} INFO - Command exited with return code 0
[2026-04-06T02:31:14.467+0000] {taskinstance.py:1138} INFO - Marking task as SUCCESS. dag_id=job_search_medallion_pipeline_v1, task_id=scrape_jobstreet_to_bronze, execution_date=20260405T000000, start_date=20260406T023057, end_date=20260406T023114
[2026-04-06T02:31:14.532+0000] {local_task_job_runner.py:234} INFO - Task exited with return code 0
[2026-04-06T02:31:14.558+0000] {taskinstance.py:3280} INFO - 1 downstream tasks scheduled from follow-on schedule check
