[2026-04-05T07:25:54.321+0000] {logging_mixin.py:188} INFO - Changing /opt/***/logs/dag_id=job_search_medallion_pipeline_v1/run_id=manual__2026-04-05T07:06:46.353973+00:00/task_id=clean_to_silver permission to 509
[2026-04-05T07:25:54.321+0000] {logging_mixin.py:188} INFO - Failed to change /opt/***/logs/dag_id=job_search_medallion_pipeline_v1/run_id=manual__2026-04-05T07:06:46.353973+00:00/task_id=clean_to_silver permission to 509: [Errno 1] Operation not permitted: '/opt/***/logs/dag_id=job_search_medallion_pipeline_v1/run_id=manual__2026-04-05T07:06:46.353973+00:00/task_id=clean_to_silver'
[2026-04-05T07:25:54.369+0000] {logging_mixin.py:188} INFO - Changing /opt/***/logs/dag_id=job_search_medallion_pipeline_v1/run_id=manual__2026-04-05T07:06:46.353973+00:00/task_id=clean_to_silver permission to 509
[2026-04-05T07:25:54.370+0000] {logging_mixin.py:188} INFO - Failed to change /opt/***/logs/dag_id=job_search_medallion_pipeline_v1/run_id=manual__2026-04-05T07:06:46.353973+00:00/task_id=clean_to_silver permission to 509: [Errno 1] Operation not permitted: '/opt/***/logs/dag_id=job_search_medallion_pipeline_v1/run_id=manual__2026-04-05T07:06:46.353973+00:00/task_id=clean_to_silver'
[2026-04-05T07:25:54.417+0000] {taskinstance.py:1956} INFO - Dependencies all met for dep_context=non-requeueable deps ti=<TaskInstance: job_search_medallion_pipeline_v1.clean_to_silver manual__2026-04-05T07:06:46.353973+00:00 [queued]>
[2026-04-05T07:25:54.427+0000] {taskinstance.py:1956} INFO - Dependencies all met for dep_context=requeueable deps ti=<TaskInstance: job_search_medallion_pipeline_v1.clean_to_silver manual__2026-04-05T07:06:46.353973+00:00 [queued]>
[2026-04-05T07:25:54.428+0000] {taskinstance.py:2170} INFO - Starting attempt 1 of 2
[2026-04-05T07:25:54.443+0000] {taskinstance.py:2191} INFO - Executing <Task(BashOperator): clean_to_silver> on 2026-04-05 07:06:46.353973+00:00
[2026-04-05T07:25:54.450+0000] {standard_task_runner.py:60} INFO - Started process 426 to run task
[2026-04-05T07:25:54.454+0000] {standard_task_runner.py:87} INFO - Running: ['***', 'tasks', 'run', 'job_search_medallion_pipeline_v1', 'clean_to_silver', 'manual__2026-04-05T07:06:46.353973+00:00', '--job-id', '27', '--raw', '--subdir', 'DAGS_FOLDER/job_scraper_dag.py', '--cfg-path', '/tmp/tmpzpu17mik']
[2026-04-05T07:25:54.456+0000] {standard_task_runner.py:88} INFO - Job 27: Subtask clean_to_silver
[2026-04-05T07:25:54.509+0000] {logging_mixin.py:188} INFO - Changing /opt/***/logs/dag_id=job_search_medallion_pipeline_v1/run_id=manual__2026-04-05T07:06:46.353973+00:00/task_id=clean_to_silver permission to 509
[2026-04-05T07:25:54.509+0000] {logging_mixin.py:188} INFO - Failed to change /opt/***/logs/dag_id=job_search_medallion_pipeline_v1/run_id=manual__2026-04-05T07:06:46.353973+00:00/task_id=clean_to_silver permission to 509: [Errno 1] Operation not permitted: '/opt/***/logs/dag_id=job_search_medallion_pipeline_v1/run_id=manual__2026-04-05T07:06:46.353973+00:00/task_id=clean_to_silver'
[2026-04-05T07:25:54.518+0000] {task_command.py:423} INFO - Running <TaskInstance: job_search_medallion_pipeline_v1.clean_to_silver manual__2026-04-05T07:06:46.353973+00:00 [running]> on host f3fed5265881
[2026-04-05T07:25:54.608+0000] {taskinstance.py:2480} INFO - Exporting env vars: AIRFLOW_CTX_DAG_OWNER='rafif' AIRFLOW_CTX_DAG_ID='job_search_medallion_pipeline_v1' AIRFLOW_CTX_TASK_ID='clean_to_silver' AIRFLOW_CTX_EXECUTION_DATE='2026-04-05T07:06:46.353973+00:00' AIRFLOW_CTX_TRY_NUMBER='1' AIRFLOW_CTX_DAG_RUN_ID='manual__2026-04-05T07:06:46.353973+00:00'
[2026-04-05T07:25:54.609+0000] {subprocess.py:63} INFO - Tmp dir root location: /tmp
[2026-04-05T07:25:54.611+0000] {subprocess.py:75} INFO - Running command: ['/usr/bin/bash', '-c', 'python3 /opt/***/dags/scripts/silver_layer.py']
[2026-04-05T07:25:54.622+0000] {subprocess.py:86} INFO - Output:
[2026-04-05T07:25:54.912+0000] {subprocess.py:93} INFO - 
[2026-04-05T07:25:54.913+0000] {subprocess.py:93} INFO - --- [SILVER LAYER] Cleaning & Parsing to 'silver' schema ---
[2026-04-05T07:25:54.913+0000] {subprocess.py:93} INFO - ✅ Sukses: Data bersih dan ter-parsing mendarat di silver.jobs
[2026-04-05T07:25:54.934+0000] {subprocess.py:97} INFO - Command exited with return code 0
[2026-04-05T07:25:54.963+0000] {taskinstance.py:1138} INFO - Marking task as SUCCESS. dag_id=job_search_medallion_pipeline_v1, task_id=clean_to_silver, execution_date=20260405T070646, start_date=20260405T072554, end_date=20260405T072554
[2026-04-05T07:25:54.985+0000] {local_task_job_runner.py:234} INFO - Task exited with return code 0
[2026-04-05T07:25:55.006+0000] {taskinstance.py:3280} INFO - 1 downstream tasks scheduled from follow-on schedule check
