[2026-04-10T10:04:55.521+0000] {logging_mixin.py:188} INFO - Changing /opt/***/logs/dag_id=job_search_medallion_pipeline_v1/run_id=manual__2026-04-10T10:04:54.687123+00:00/task_id=scrape_glints_to_bronze permission to 509
[2026-04-10T10:04:55.521+0000] {logging_mixin.py:188} INFO - Failed to change /opt/***/logs/dag_id=job_search_medallion_pipeline_v1/run_id=manual__2026-04-10T10:04:54.687123+00:00/task_id=scrape_glints_to_bronze permission to 509: [Errno 1] Operation not permitted: '/opt/***/logs/dag_id=job_search_medallion_pipeline_v1/run_id=manual__2026-04-10T10:04:54.687123+00:00/task_id=scrape_glints_to_bronze'
[2026-04-10T10:04:55.562+0000] {logging_mixin.py:188} INFO - Changing /opt/***/logs/dag_id=job_search_medallion_pipeline_v1/run_id=manual__2026-04-10T10:04:54.687123+00:00/task_id=scrape_glints_to_bronze permission to 509
[2026-04-10T10:04:55.563+0000] {logging_mixin.py:188} INFO - Failed to change /opt/***/logs/dag_id=job_search_medallion_pipeline_v1/run_id=manual__2026-04-10T10:04:54.687123+00:00/task_id=scrape_glints_to_bronze permission to 509: [Errno 1] Operation not permitted: '/opt/***/logs/dag_id=job_search_medallion_pipeline_v1/run_id=manual__2026-04-10T10:04:54.687123+00:00/task_id=scrape_glints_to_bronze'
[2026-04-10T10:04:55.601+0000] {taskinstance.py:1956} INFO - Dependencies all met for dep_context=non-requeueable deps ti=<TaskInstance: job_search_medallion_pipeline_v1.scrape_glints_to_bronze manual__2026-04-10T10:04:54.687123+00:00 [queued]>
[2026-04-10T10:04:55.607+0000] {taskinstance.py:1956} INFO - Dependencies all met for dep_context=requeueable deps ti=<TaskInstance: job_search_medallion_pipeline_v1.scrape_glints_to_bronze manual__2026-04-10T10:04:54.687123+00:00 [queued]>
[2026-04-10T10:04:55.608+0000] {taskinstance.py:2170} INFO - Starting attempt 1 of 2
[2026-04-10T10:04:55.623+0000] {taskinstance.py:2191} INFO - Executing <Task(BashOperator): scrape_glints_to_bronze> on 2026-04-10 10:04:54.687123+00:00
[2026-04-10T10:04:55.631+0000] {standard_task_runner.py:60} INFO - Started process 224 to run task
[2026-04-10T10:04:55.635+0000] {standard_task_runner.py:87} INFO - Running: ['***', 'tasks', 'run', 'job_search_medallion_pipeline_v1', 'scrape_glints_to_bronze', 'manual__2026-04-10T10:04:54.687123+00:00', '--job-id', '121', '--raw', '--subdir', 'DAGS_FOLDER/job_scraper_dag.py', '--cfg-path', '/tmp/tmpvowwsu6c']
[2026-04-10T10:04:55.637+0000] {standard_task_runner.py:88} INFO - Job 121: Subtask scrape_glints_to_bronze
[2026-04-10T10:04:55.695+0000] {logging_mixin.py:188} INFO - Changing /opt/***/logs/dag_id=job_search_medallion_pipeline_v1/run_id=manual__2026-04-10T10:04:54.687123+00:00/task_id=scrape_glints_to_bronze permission to 509
[2026-04-10T10:04:55.695+0000] {logging_mixin.py:188} INFO - Failed to change /opt/***/logs/dag_id=job_search_medallion_pipeline_v1/run_id=manual__2026-04-10T10:04:54.687123+00:00/task_id=scrape_glints_to_bronze permission to 509: [Errno 1] Operation not permitted: '/opt/***/logs/dag_id=job_search_medallion_pipeline_v1/run_id=manual__2026-04-10T10:04:54.687123+00:00/task_id=scrape_glints_to_bronze'
[2026-04-10T10:04:55.703+0000] {task_command.py:423} INFO - Running <TaskInstance: job_search_medallion_pipeline_v1.scrape_glints_to_bronze manual__2026-04-10T10:04:54.687123+00:00 [running]> on host fa0bf68e89d0
[2026-04-10T10:04:55.799+0000] {taskinstance.py:2480} INFO - Exporting env vars: AIRFLOW_CTX_DAG_OWNER='rafif' AIRFLOW_CTX_DAG_ID='job_search_medallion_pipeline_v1' AIRFLOW_CTX_TASK_ID='scrape_glints_to_bronze' AIRFLOW_CTX_EXECUTION_DATE='2026-04-10T10:04:54.687123+00:00' AIRFLOW_CTX_TRY_NUMBER='1' AIRFLOW_CTX_DAG_RUN_ID='manual__2026-04-10T10:04:54.687123+00:00'
[2026-04-10T10:04:55.800+0000] {subprocess.py:63} INFO - Tmp dir root location: /tmp
[2026-04-10T10:04:55.802+0000] {subprocess.py:75} INFO - Running command: ['/usr/bin/bash', '-c', 'python3 /opt/***/dags/scripts/scraper_glints.py']
[2026-04-10T10:04:55.814+0000] {subprocess.py:86} INFO - Output:
[2026-04-10T10:07:15.526+0000] {subprocess.py:93} INFO - Mencoba login Glints ID: gigachaacc2@gmail.com...
[2026-04-10T10:07:15.526+0000] {subprocess.py:93} INFO - -> Mengetuk pintu 'Masuk dengan Email'...
[2026-04-10T10:07:15.527+0000] {subprocess.py:93} INFO - -> Email terisi...
[2026-04-10T10:07:15.527+0000] {subprocess.py:93} INFO - -> Password terisi & Enter ditekan...
[2026-04-10T10:07:15.527+0000] {subprocess.py:93} INFO - -> Tombol mungkin sudah terproses lewat Enter.
[2026-04-10T10:07:15.527+0000] {subprocess.py:93} INFO - ✅ Login Berhasil! Sesi aman.
[2026-04-10T10:07:15.528+0000] {subprocess.py:93} INFO - 
[2026-04-10T10:07:15.528+0000] {subprocess.py:93} INFO - --- Mengambil Halaman 1 ---
[2026-04-10T10:07:15.528+0000] {subprocess.py:93} INFO - Ditemukan 713 lowongan di halaman 1.
[2026-04-10T10:07:15.529+0000] {subprocess.py:93} INFO - Total Unik Sementara: 30
[2026-04-10T10:07:15.529+0000] {subprocess.py:93} INFO - 
[2026-04-10T10:07:15.529+0000] {subprocess.py:93} INFO - --- Mengambil Halaman 2 ---
[2026-04-10T10:07:15.530+0000] {subprocess.py:93} INFO - Ditemukan 1397 lowongan di halaman 2.
[2026-04-10T10:07:15.530+0000] {subprocess.py:93} INFO - Total Unik Sementara: 61
[2026-04-10T10:07:15.530+0000] {subprocess.py:93} INFO - 
[2026-04-10T10:07:15.531+0000] {subprocess.py:93} INFO - --- Mengambil Halaman 3 ---
[2026-04-10T10:07:15.531+0000] {subprocess.py:93} INFO - Ditemukan 704 lowongan di halaman 3.
[2026-04-10T10:07:15.531+0000] {subprocess.py:93} INFO - Total Unik Sementara: 90
[2026-04-10T10:07:15.532+0000] {subprocess.py:93} INFO - 
[2026-04-10T10:07:15.532+0000] {subprocess.py:93} INFO - --- Mengambil Halaman 4 ---
[2026-04-10T10:07:15.532+0000] {subprocess.py:93} INFO - Ditemukan 706 lowongan di halaman 4.
[2026-04-10T10:07:15.533+0000] {subprocess.py:93} INFO - Total Unik Sementara: 120
[2026-04-10T10:07:15.533+0000] {subprocess.py:93} INFO - 
[2026-04-10T10:07:15.533+0000] {subprocess.py:93} INFO - --- Mengambil Halaman 5 ---
[2026-04-10T10:07:15.534+0000] {subprocess.py:93} INFO - Ditemukan 708 lowongan di halaman 5.
[2026-04-10T10:07:15.534+0000] {subprocess.py:93} INFO - Total Unik Sementara: 150
[2026-04-10T10:07:15.534+0000] {subprocess.py:93} INFO - ✅ [BRONZE] 150 data Glints berhasil masuk ke DB.
[2026-04-10T10:07:15.535+0000] {subprocess.py:93} INFO - ✅ Backup CSV berhasil disimpan.
[2026-04-10T10:07:15.662+0000] {subprocess.py:97} INFO - Command exited with return code 0
[2026-04-10T10:07:15.705+0000] {taskinstance.py:1138} INFO - Marking task as SUCCESS. dag_id=job_search_medallion_pipeline_v1, task_id=scrape_glints_to_bronze, execution_date=20260410T100454, start_date=20260410T100455, end_date=20260410T100715
[2026-04-10T10:07:15.753+0000] {local_task_job_runner.py:234} INFO - Task exited with return code 0
[2026-04-10T10:07:15.786+0000] {taskinstance.py:3280} INFO - 0 downstream tasks scheduled from follow-on schedule check
