[2026-04-10T09:21:37.222+0000] {logging_mixin.py:188} INFO - Changing /opt/***/logs/dag_id=job_search_medallion_pipeline_v1/run_id=scheduled__2026-04-09T00:00:00+00:00/task_id=scrape_jobstreet_to_bronze permission to 509
[2026-04-10T09:21:37.223+0000] {logging_mixin.py:188} INFO - Failed to change /opt/***/logs/dag_id=job_search_medallion_pipeline_v1/run_id=scheduled__2026-04-09T00:00:00+00:00/task_id=scrape_jobstreet_to_bronze permission to 509: [Errno 1] Operation not permitted: '/opt/***/logs/dag_id=job_search_medallion_pipeline_v1/run_id=scheduled__2026-04-09T00:00:00+00:00/task_id=scrape_jobstreet_to_bronze'
[2026-04-10T09:21:37.260+0000] {logging_mixin.py:188} INFO - Changing /opt/***/logs/dag_id=job_search_medallion_pipeline_v1/run_id=scheduled__2026-04-09T00:00:00+00:00/task_id=scrape_jobstreet_to_bronze permission to 509
[2026-04-10T09:21:37.261+0000] {logging_mixin.py:188} INFO - Failed to change /opt/***/logs/dag_id=job_search_medallion_pipeline_v1/run_id=scheduled__2026-04-09T00:00:00+00:00/task_id=scrape_jobstreet_to_bronze permission to 509: [Errno 1] Operation not permitted: '/opt/***/logs/dag_id=job_search_medallion_pipeline_v1/run_id=scheduled__2026-04-09T00:00:00+00:00/task_id=scrape_jobstreet_to_bronze'
[2026-04-10T09:21:37.308+0000] {taskinstance.py:1956} INFO - Dependencies all met for dep_context=non-requeueable deps ti=<TaskInstance: job_search_medallion_pipeline_v1.scrape_jobstreet_to_bronze scheduled__2026-04-09T00:00:00+00:00 [queued]>
[2026-04-10T09:21:37.315+0000] {taskinstance.py:1956} INFO - Dependencies all met for dep_context=requeueable deps ti=<TaskInstance: job_search_medallion_pipeline_v1.scrape_jobstreet_to_bronze scheduled__2026-04-09T00:00:00+00:00 [queued]>
[2026-04-10T09:21:37.316+0000] {taskinstance.py:2170} INFO - Starting attempt 1 of 2
[2026-04-10T09:21:37.327+0000] {taskinstance.py:2191} INFO - Executing <Task(BashOperator): scrape_jobstreet_to_bronze> on 2026-04-09 00:00:00+00:00
[2026-04-10T09:21:37.333+0000] {standard_task_runner.py:60} INFO - Started process 197 to run task
[2026-04-10T09:21:37.338+0000] {standard_task_runner.py:87} INFO - Running: ['***', 'tasks', 'run', 'job_search_medallion_pipeline_v1', 'scrape_jobstreet_to_bronze', 'scheduled__2026-04-09T00:00:00+00:00', '--job-id', '101', '--raw', '--subdir', 'DAGS_FOLDER/job_scraper_dag.py', '--cfg-path', '/tmp/tmpqy900o72']
[2026-04-10T09:21:37.340+0000] {standard_task_runner.py:88} INFO - Job 101: Subtask scrape_jobstreet_to_bronze
[2026-04-10T09:21:37.401+0000] {logging_mixin.py:188} INFO - Changing /opt/***/logs/dag_id=job_search_medallion_pipeline_v1/run_id=scheduled__2026-04-09T00:00:00+00:00/task_id=scrape_jobstreet_to_bronze permission to 509
[2026-04-10T09:21:37.402+0000] {logging_mixin.py:188} INFO - Failed to change /opt/***/logs/dag_id=job_search_medallion_pipeline_v1/run_id=scheduled__2026-04-09T00:00:00+00:00/task_id=scrape_jobstreet_to_bronze permission to 509: [Errno 1] Operation not permitted: '/opt/***/logs/dag_id=job_search_medallion_pipeline_v1/run_id=scheduled__2026-04-09T00:00:00+00:00/task_id=scrape_jobstreet_to_bronze'
[2026-04-10T09:21:37.410+0000] {task_command.py:423} INFO - Running <TaskInstance: job_search_medallion_pipeline_v1.scrape_jobstreet_to_bronze scheduled__2026-04-09T00:00:00+00:00 [running]> on host fa0bf68e89d0
[2026-04-10T09:21:37.497+0000] {taskinstance.py:2480} INFO - Exporting env vars: AIRFLOW_CTX_DAG_OWNER='rafif' AIRFLOW_CTX_DAG_ID='job_search_medallion_pipeline_v1' AIRFLOW_CTX_TASK_ID='scrape_jobstreet_to_bronze' AIRFLOW_CTX_EXECUTION_DATE='2026-04-09T00:00:00+00:00' AIRFLOW_CTX_TRY_NUMBER='1' AIRFLOW_CTX_DAG_RUN_ID='scheduled__2026-04-09T00:00:00+00:00'
[2026-04-10T09:21:37.498+0000] {subprocess.py:63} INFO - Tmp dir root location: /tmp
[2026-04-10T09:21:37.500+0000] {subprocess.py:75} INFO - Running command: ['/usr/bin/bash', '-c', 'python3 /opt/***/dags/scripts/scraper_jobstreet.py']
[2026-04-10T09:21:37.511+0000] {subprocess.py:86} INFO - Output:
[2026-04-10T09:25:10.462+0000] {subprocess.py:93} INFO - Menghubungkan ke Selenium Grid di Docker untuk Jobstreet...
[2026-04-10T09:25:10.465+0000] {subprocess.py:93} INFO - Mulai scraping Jobstreet untuk keyword: 'data', maksimal 5 halaman...
[2026-04-10T09:25:10.466+0000] {subprocess.py:93} INFO - 
[2026-04-10T09:25:10.466+0000] {subprocess.py:93} INFO - --- Jobstreet: Membuka Halaman 1 ---
[2026-04-10T09:25:10.467+0000] {subprocess.py:93} INFO - Data tidak ditemukan di halaman 1. Ambil screenshot...
[2026-04-10T09:25:10.467+0000] {subprocess.py:93} INFO - ❌ Tidak ada data Jobstreet yang didapat.
[2026-04-10T09:25:10.559+0000] {subprocess.py:97} INFO - Command exited with return code 0
[2026-04-10T09:25:10.596+0000] {taskinstance.py:1138} INFO - Marking task as SUCCESS. dag_id=job_search_medallion_pipeline_v1, task_id=scrape_jobstreet_to_bronze, execution_date=20260409T000000, start_date=20260410T092137, end_date=20260410T092510
[2026-04-10T09:25:10.629+0000] {local_task_job_runner.py:234} INFO - Task exited with return code 0
[2026-04-10T09:25:10.652+0000] {taskinstance.py:3280} INFO - 1 downstream tasks scheduled from follow-on schedule check
