[2026-04-05T07:23:14.334+0000] {logging_mixin.py:188} INFO - Changing /opt/***/logs/dag_id=job_search_medallion_pipeline_v1/run_id=manual__2026-04-05T07:06:46.353973+00:00/task_id=scrape_glints_to_bronze permission to 509
[2026-04-05T07:23:14.335+0000] {logging_mixin.py:188} INFO - Failed to change /opt/***/logs/dag_id=job_search_medallion_pipeline_v1/run_id=manual__2026-04-05T07:06:46.353973+00:00/task_id=scrape_glints_to_bronze permission to 509: [Errno 1] Operation not permitted: '/opt/***/logs/dag_id=job_search_medallion_pipeline_v1/run_id=manual__2026-04-05T07:06:46.353973+00:00/task_id=scrape_glints_to_bronze'
[2026-04-05T07:23:14.378+0000] {logging_mixin.py:188} INFO - Changing /opt/***/logs/dag_id=job_search_medallion_pipeline_v1/run_id=manual__2026-04-05T07:06:46.353973+00:00/task_id=scrape_glints_to_bronze permission to 509
[2026-04-05T07:23:14.379+0000] {logging_mixin.py:188} INFO - Failed to change /opt/***/logs/dag_id=job_search_medallion_pipeline_v1/run_id=manual__2026-04-05T07:06:46.353973+00:00/task_id=scrape_glints_to_bronze permission to 509: [Errno 1] Operation not permitted: '/opt/***/logs/dag_id=job_search_medallion_pipeline_v1/run_id=manual__2026-04-05T07:06:46.353973+00:00/task_id=scrape_glints_to_bronze'
[2026-04-05T07:23:14.424+0000] {taskinstance.py:1956} INFO - Dependencies all met for dep_context=non-requeueable deps ti=<TaskInstance: job_search_medallion_pipeline_v1.scrape_glints_to_bronze manual__2026-04-05T07:06:46.353973+00:00 [queued]>
[2026-04-05T07:23:14.432+0000] {taskinstance.py:1956} INFO - Dependencies all met for dep_context=requeueable deps ti=<TaskInstance: job_search_medallion_pipeline_v1.scrape_glints_to_bronze manual__2026-04-05T07:06:46.353973+00:00 [queued]>
[2026-04-05T07:23:14.432+0000] {taskinstance.py:2170} INFO - Starting attempt 3 of 4
[2026-04-05T07:23:14.444+0000] {taskinstance.py:2191} INFO - Executing <Task(BashOperator): scrape_glints_to_bronze> on 2026-04-05 07:06:46.353973+00:00
[2026-04-05T07:23:14.451+0000] {standard_task_runner.py:60} INFO - Started process 362 to run task
[2026-04-05T07:23:14.456+0000] {standard_task_runner.py:87} INFO - Running: ['***', 'tasks', 'run', 'job_search_medallion_pipeline_v1', 'scrape_glints_to_bronze', 'manual__2026-04-05T07:06:46.353973+00:00', '--job-id', '24', '--raw', '--subdir', 'DAGS_FOLDER/job_scraper_dag.py', '--cfg-path', '/tmp/tmpktg3e7en']
[2026-04-05T07:23:14.460+0000] {standard_task_runner.py:88} INFO - Job 24: Subtask scrape_glints_to_bronze
[2026-04-05T07:23:14.519+0000] {logging_mixin.py:188} INFO - Changing /opt/***/logs/dag_id=job_search_medallion_pipeline_v1/run_id=manual__2026-04-05T07:06:46.353973+00:00/task_id=scrape_glints_to_bronze permission to 509
[2026-04-05T07:23:14.520+0000] {logging_mixin.py:188} INFO - Failed to change /opt/***/logs/dag_id=job_search_medallion_pipeline_v1/run_id=manual__2026-04-05T07:06:46.353973+00:00/task_id=scrape_glints_to_bronze permission to 509: [Errno 1] Operation not permitted: '/opt/***/logs/dag_id=job_search_medallion_pipeline_v1/run_id=manual__2026-04-05T07:06:46.353973+00:00/task_id=scrape_glints_to_bronze'
[2026-04-05T07:23:14.528+0000] {task_command.py:423} INFO - Running <TaskInstance: job_search_medallion_pipeline_v1.scrape_glints_to_bronze manual__2026-04-05T07:06:46.353973+00:00 [running]> on host f3fed5265881
[2026-04-05T07:23:14.616+0000] {taskinstance.py:2480} INFO - Exporting env vars: AIRFLOW_CTX_DAG_OWNER='rafif' AIRFLOW_CTX_DAG_ID='job_search_medallion_pipeline_v1' AIRFLOW_CTX_TASK_ID='scrape_glints_to_bronze' AIRFLOW_CTX_EXECUTION_DATE='2026-04-05T07:06:46.353973+00:00' AIRFLOW_CTX_TRY_NUMBER='3' AIRFLOW_CTX_DAG_RUN_ID='manual__2026-04-05T07:06:46.353973+00:00'
[2026-04-05T07:23:14.617+0000] {subprocess.py:63} INFO - Tmp dir root location: /tmp
[2026-04-05T07:23:14.618+0000] {subprocess.py:75} INFO - Running command: ['/usr/bin/bash', '-c', 'python3 /opt/***/dags/scripts/scraper_glints.py']
[2026-04-05T07:23:14.633+0000] {subprocess.py:86} INFO - Output:
[2026-04-05T07:25:53.955+0000] {subprocess.py:93} INFO - Menghubungkan ke Selenium Grid di Docker...
[2026-04-05T07:25:53.956+0000] {subprocess.py:93} INFO - Mencoba login Glints ID: None...
[2026-04-05T07:25:53.958+0000] {subprocess.py:93} INFO - -> Mengetuk pintu 'Masuk dengan Email'...
[2026-04-05T07:25:53.958+0000] {subprocess.py:93} INFO - ❌ Login Gagal di tengah jalan: Message:
[2026-04-05T07:25:53.958+0000] {subprocess.py:93} INFO - Stacktrace:
[2026-04-05T07:25:53.959+0000] {subprocess.py:93} INFO - #0 0x5f81df0d0b6a <unknown>
[2026-04-05T07:25:53.959+0000] {subprocess.py:93} INFO - #1 0x5f81deae3a32 <unknown>
[2026-04-05T07:25:53.959+0000] {subprocess.py:93} INFO - #2 0x5f81deb38d66 <unknown>
[2026-04-05T07:25:53.960+0000] {subprocess.py:93} INFO - #3 0x5f81deb38fa1 <unknown>
[2026-04-05T07:25:53.960+0000] {subprocess.py:93} INFO - #4 0x5f81deb84144 <unknown>
[2026-04-05T07:25:53.960+0000] {subprocess.py:93} INFO - #5 0x5f81deb81369 <unknown>
[2026-04-05T07:25:53.961+0000] {subprocess.py:93} INFO - #6 0x5f81deb2ac0f <unknown>
[2026-04-05T07:25:53.961+0000] {subprocess.py:93} INFO - #7 0x5f81deb2b9d1 <unknown>
[2026-04-05T07:25:53.961+0000] {subprocess.py:93} INFO - #8 0x5f81df0956b9 <unknown>
[2026-04-05T07:25:53.962+0000] {subprocess.py:93} INFO - #9 0x5f81df0985c1 <unknown>
[2026-04-05T07:25:53.962+0000] {subprocess.py:93} INFO - #10 0x5f81df081e29 <unknown>
[2026-04-05T07:25:53.963+0000] {subprocess.py:93} INFO - #11 0x5f81df09917e <unknown>
[2026-04-05T07:25:53.963+0000] {subprocess.py:93} INFO - #12 0x5f81df0684b0 <unknown>
[2026-04-05T07:25:53.963+0000] {subprocess.py:93} INFO - #13 0x5f81df0bd578 <unknown>
[2026-04-05T07:25:53.964+0000] {subprocess.py:93} INFO - #14 0x5f81df0bd74b <unknown>
[2026-04-05T07:25:53.964+0000] {subprocess.py:93} INFO - #15 0x5f81df0cf1a3 <unknown>
[2026-04-05T07:25:53.964+0000] {subprocess.py:93} INFO - #16 0x723b56afbaa4 <unknown>
[2026-04-05T07:25:53.965+0000] {subprocess.py:93} INFO - #17 0x723b56b88a64 __clone
[2026-04-05T07:25:53.965+0000] {subprocess.py:93} INFO - 
[2026-04-05T07:25:53.965+0000] {subprocess.py:93} INFO - -> Cek screenshot di data/error_login_gatekeeper.png
[2026-04-05T07:25:53.966+0000] {subprocess.py:93} INFO - 
[2026-04-05T07:25:53.966+0000] {subprocess.py:93} INFO - --- Mengambil Halaman 1 ---
[2026-04-05T07:25:53.967+0000] {subprocess.py:93} INFO - Data tidak ditemukan di halaman 1. Berhenti.
[2026-04-05T07:25:53.967+0000] {subprocess.py:93} INFO - ❌ Tidak ada data Glints yang didapat.
[2026-04-05T07:25:54.086+0000] {subprocess.py:97} INFO - Command exited with return code 0
[2026-04-05T07:25:54.123+0000] {taskinstance.py:1138} INFO - Marking task as SUCCESS. dag_id=job_search_medallion_pipeline_v1, task_id=scrape_glints_to_bronze, execution_date=20260405T070646, start_date=20260405T072314, end_date=20260405T072554
[2026-04-05T07:25:54.176+0000] {local_task_job_runner.py:234} INFO - Task exited with return code 0
[2026-04-05T07:25:54.203+0000] {taskinstance.py:3280} INFO - 0 downstream tasks scheduled from follow-on schedule check
