[2026-04-06T02:35:37.793+0000] {logging_mixin.py:188} INFO - Changing /opt/***/logs/dag_id=job_search_medallion_pipeline_v1/run_id=scheduled__2026-04-05T00:00:00+00:00/task_id=finalize_to_gold permission to 509
[2026-04-06T02:35:37.793+0000] {logging_mixin.py:188} INFO - Failed to change /opt/***/logs/dag_id=job_search_medallion_pipeline_v1/run_id=scheduled__2026-04-05T00:00:00+00:00/task_id=finalize_to_gold permission to 509: [Errno 1] Operation not permitted: '/opt/***/logs/dag_id=job_search_medallion_pipeline_v1/run_id=scheduled__2026-04-05T00:00:00+00:00/task_id=finalize_to_gold'
[2026-04-06T02:35:37.837+0000] {logging_mixin.py:188} INFO - Changing /opt/***/logs/dag_id=job_search_medallion_pipeline_v1/run_id=scheduled__2026-04-05T00:00:00+00:00/task_id=finalize_to_gold permission to 509
[2026-04-06T02:35:37.838+0000] {logging_mixin.py:188} INFO - Failed to change /opt/***/logs/dag_id=job_search_medallion_pipeline_v1/run_id=scheduled__2026-04-05T00:00:00+00:00/task_id=finalize_to_gold permission to 509: [Errno 1] Operation not permitted: '/opt/***/logs/dag_id=job_search_medallion_pipeline_v1/run_id=scheduled__2026-04-05T00:00:00+00:00/task_id=finalize_to_gold'
[2026-04-06T02:35:37.880+0000] {taskinstance.py:1956} INFO - Dependencies all met for dep_context=non-requeueable deps ti=<TaskInstance: job_search_medallion_pipeline_v1.finalize_to_gold scheduled__2026-04-05T00:00:00+00:00 [queued]>
[2026-04-06T02:35:37.887+0000] {taskinstance.py:1956} INFO - Dependencies all met for dep_context=requeueable deps ti=<TaskInstance: job_search_medallion_pipeline_v1.finalize_to_gold scheduled__2026-04-05T00:00:00+00:00 [queued]>
[2026-04-06T02:35:37.888+0000] {taskinstance.py:2170} INFO - Starting attempt 8 of 9
[2026-04-06T02:35:37.904+0000] {taskinstance.py:2191} INFO - Executing <Task(BashOperator): finalize_to_gold> on 2026-04-05 00:00:00+00:00
[2026-04-06T02:35:37.912+0000] {standard_task_runner.py:60} INFO - Started process 220 to run task
[2026-04-06T02:35:37.915+0000] {standard_task_runner.py:87} INFO - Running: ['***', 'tasks', 'run', 'job_search_medallion_pipeline_v1', 'finalize_to_gold', 'scheduled__2026-04-05T00:00:00+00:00', '--job-id', '98', '--raw', '--subdir', 'DAGS_FOLDER/job_scraper_dag.py', '--cfg-path', '/tmp/tmp0l7trfb5']
[2026-04-06T02:35:37.917+0000] {standard_task_runner.py:88} INFO - Job 98: Subtask finalize_to_gold
[2026-04-06T02:35:37.973+0000] {logging_mixin.py:188} INFO - Changing /opt/***/logs/dag_id=job_search_medallion_pipeline_v1/run_id=scheduled__2026-04-05T00:00:00+00:00/task_id=finalize_to_gold permission to 509
[2026-04-06T02:35:37.974+0000] {logging_mixin.py:188} INFO - Failed to change /opt/***/logs/dag_id=job_search_medallion_pipeline_v1/run_id=scheduled__2026-04-05T00:00:00+00:00/task_id=finalize_to_gold permission to 509: [Errno 1] Operation not permitted: '/opt/***/logs/dag_id=job_search_medallion_pipeline_v1/run_id=scheduled__2026-04-05T00:00:00+00:00/task_id=finalize_to_gold'
[2026-04-06T02:35:37.984+0000] {task_command.py:423} INFO - Running <TaskInstance: job_search_medallion_pipeline_v1.finalize_to_gold scheduled__2026-04-05T00:00:00+00:00 [running]> on host fa0bf68e89d0
[2026-04-06T02:35:38.075+0000] {taskinstance.py:2480} INFO - Exporting env vars: AIRFLOW_CTX_DAG_OWNER='rafif' AIRFLOW_CTX_DAG_ID='job_search_medallion_pipeline_v1' AIRFLOW_CTX_TASK_ID='finalize_to_gold' AIRFLOW_CTX_EXECUTION_DATE='2026-04-05T00:00:00+00:00' AIRFLOW_CTX_TRY_NUMBER='8' AIRFLOW_CTX_DAG_RUN_ID='scheduled__2026-04-05T00:00:00+00:00'
[2026-04-06T02:35:38.076+0000] {subprocess.py:63} INFO - Tmp dir root location: /tmp
[2026-04-06T02:35:38.077+0000] {subprocess.py:75} INFO - Running command: ['/usr/bin/bash', '-c', 'python3 /opt/***/dags/scripts/gold_layer.py']
[2026-04-06T02:35:38.090+0000] {subprocess.py:86} INFO - Output:
[2026-04-06T02:35:38.508+0000] {subprocess.py:93} INFO - 
[2026-04-06T02:35:38.509+0000] {subprocess.py:93} INFO - --- [GOLD LAYER] Building Normalized Schema + Aggregate Stats ---
[2026-04-06T02:35:38.509+0000] {subprocess.py:93} INFO - ✅ Sukses: Star Schema & Tabel Agregat Dashboard siap!
[2026-04-06T02:35:38.533+0000] {subprocess.py:97} INFO - Command exited with return code 0
[2026-04-06T02:35:38.565+0000] {taskinstance.py:1138} INFO - Marking task as SUCCESS. dag_id=job_search_medallion_pipeline_v1, task_id=finalize_to_gold, execution_date=20260405T000000, start_date=20260406T023537, end_date=20260406T023538
[2026-04-06T02:35:38.628+0000] {local_task_job_runner.py:234} INFO - Task exited with return code 0
[2026-04-06T02:35:38.648+0000] {taskinstance.py:3280} INFO - 0 downstream tasks scheduled from follow-on schedule check
