[2026-04-05T08:01:05.476+0000] {logging_mixin.py:188} INFO - Changing /opt/***/logs/dag_id=job_search_medallion_pipeline_v1/run_id=manual__2026-04-05T07:10:03.640007+00:00/task_id=scrape_glints_to_bronze permission to 509
[2026-04-05T08:01:05.477+0000] {logging_mixin.py:188} INFO - Failed to change /opt/***/logs/dag_id=job_search_medallion_pipeline_v1/run_id=manual__2026-04-05T07:10:03.640007+00:00/task_id=scrape_glints_to_bronze permission to 509: [Errno 1] Operation not permitted: '/opt/***/logs/dag_id=job_search_medallion_pipeline_v1/run_id=manual__2026-04-05T07:10:03.640007+00:00/task_id=scrape_glints_to_bronze'
[2026-04-05T08:01:05.523+0000] {logging_mixin.py:188} INFO - Changing /opt/***/logs/dag_id=job_search_medallion_pipeline_v1/run_id=manual__2026-04-05T07:10:03.640007+00:00/task_id=scrape_glints_to_bronze permission to 509
[2026-04-05T08:01:05.524+0000] {logging_mixin.py:188} INFO - Failed to change /opt/***/logs/dag_id=job_search_medallion_pipeline_v1/run_id=manual__2026-04-05T07:10:03.640007+00:00/task_id=scrape_glints_to_bronze permission to 509: [Errno 1] Operation not permitted: '/opt/***/logs/dag_id=job_search_medallion_pipeline_v1/run_id=manual__2026-04-05T07:10:03.640007+00:00/task_id=scrape_glints_to_bronze'
[2026-04-05T08:01:05.567+0000] {taskinstance.py:1956} INFO - Dependencies all met for dep_context=non-requeueable deps ti=<TaskInstance: job_search_medallion_pipeline_v1.scrape_glints_to_bronze manual__2026-04-05T07:10:03.640007+00:00 [queued]>
[2026-04-05T08:01:05.575+0000] {taskinstance.py:1956} INFO - Dependencies all met for dep_context=requeueable deps ti=<TaskInstance: job_search_medallion_pipeline_v1.scrape_glints_to_bronze manual__2026-04-05T07:10:03.640007+00:00 [queued]>
[2026-04-05T08:01:05.576+0000] {taskinstance.py:2170} INFO - Starting attempt 7 of 8
[2026-04-05T08:01:05.591+0000] {taskinstance.py:2191} INFO - Executing <Task(BashOperator): scrape_glints_to_bronze> on 2026-04-05 07:10:03.640007+00:00
[2026-04-05T08:01:05.598+0000] {standard_task_runner.py:60} INFO - Started process 214 to run task
[2026-04-05T08:01:05.602+0000] {standard_task_runner.py:87} INFO - Running: ['***', 'tasks', 'run', 'job_search_medallion_pipeline_v1', 'scrape_glints_to_bronze', 'manual__2026-04-05T07:10:03.640007+00:00', '--job-id', '50', '--raw', '--subdir', 'DAGS_FOLDER/job_scraper_dag.py', '--cfg-path', '/tmp/tmp_1tko8v6']
[2026-04-05T08:01:05.604+0000] {standard_task_runner.py:88} INFO - Job 50: Subtask scrape_glints_to_bronze
[2026-04-05T08:01:05.662+0000] {logging_mixin.py:188} INFO - Changing /opt/***/logs/dag_id=job_search_medallion_pipeline_v1/run_id=manual__2026-04-05T07:10:03.640007+00:00/task_id=scrape_glints_to_bronze permission to 509
[2026-04-05T08:01:05.662+0000] {logging_mixin.py:188} INFO - Failed to change /opt/***/logs/dag_id=job_search_medallion_pipeline_v1/run_id=manual__2026-04-05T07:10:03.640007+00:00/task_id=scrape_glints_to_bronze permission to 509: [Errno 1] Operation not permitted: '/opt/***/logs/dag_id=job_search_medallion_pipeline_v1/run_id=manual__2026-04-05T07:10:03.640007+00:00/task_id=scrape_glints_to_bronze'
[2026-04-05T08:01:05.672+0000] {task_command.py:423} INFO - Running <TaskInstance: job_search_medallion_pipeline_v1.scrape_glints_to_bronze manual__2026-04-05T07:10:03.640007+00:00 [running]> on host abbd68d0f784
[2026-04-05T08:01:05.769+0000] {taskinstance.py:2480} INFO - Exporting env vars: AIRFLOW_CTX_DAG_OWNER='rafif' AIRFLOW_CTX_DAG_ID='job_search_medallion_pipeline_v1' AIRFLOW_CTX_TASK_ID='scrape_glints_to_bronze' AIRFLOW_CTX_EXECUTION_DATE='2026-04-05T07:10:03.640007+00:00' AIRFLOW_CTX_TRY_NUMBER='7' AIRFLOW_CTX_DAG_RUN_ID='manual__2026-04-05T07:10:03.640007+00:00'
[2026-04-05T08:01:05.770+0000] {subprocess.py:63} INFO - Tmp dir root location: /tmp
[2026-04-05T08:01:05.771+0000] {subprocess.py:75} INFO - Running command: ['/usr/bin/bash', '-c', 'python3 /opt/***/dags/scripts/scraper_glints.py']
[2026-04-05T08:01:05.783+0000] {subprocess.py:86} INFO - Output:
[2026-04-05T08:01:38.797+0000] {subprocess.py:93} INFO - Menghubungkan ke Selenium Grid di Docker...
[2026-04-05T08:01:38.799+0000] {subprocess.py:93} INFO - Mencoba login Glints ID: gigachaacc2@gmail.com...
[2026-04-05T08:01:38.801+0000] {subprocess.py:93} INFO - -> Mengetuk pintu 'Masuk dengan Email'...
[2026-04-05T08:01:38.803+0000] {subprocess.py:93} INFO - ❌ Login Gagal: Message:
[2026-04-05T08:01:38.804+0000] {subprocess.py:93} INFO - Stacktrace:
[2026-04-05T08:01:38.804+0000] {subprocess.py:93} INFO - #0 0x571ce579bb6a <unknown>
[2026-04-05T08:01:38.804+0000] {subprocess.py:93} INFO - #1 0x571ce51aea32 <unknown>
[2026-04-05T08:01:38.805+0000] {subprocess.py:93} INFO - #2 0x571ce5203d66 <unknown>
[2026-04-05T08:01:38.805+0000] {subprocess.py:93} INFO - #3 0x571ce5203fa1 <unknown>
[2026-04-05T08:01:38.806+0000] {subprocess.py:93} INFO - #4 0x571ce524f144 <unknown>
[2026-04-05T08:01:38.806+0000] {subprocess.py:93} INFO - #5 0x571ce524c369 <unknown>
[2026-04-05T08:01:38.807+0000] {subprocess.py:93} INFO - #6 0x571ce51f5c0f <unknown>
[2026-04-05T08:01:38.807+0000] {subprocess.py:93} INFO - #7 0x571ce51f69d1 <unknown>
[2026-04-05T08:01:38.808+0000] {subprocess.py:93} INFO - #8 0x571ce57606b9 <unknown>
[2026-04-05T08:01:38.808+0000] {subprocess.py:93} INFO - #9 0x571ce57635c1 <unknown>
[2026-04-05T08:01:38.808+0000] {subprocess.py:93} INFO - #10 0x571ce574ce29 <unknown>
[2026-04-05T08:01:38.809+0000] {subprocess.py:93} INFO - #11 0x571ce576417e <unknown>
[2026-04-05T08:01:38.809+0000] {subprocess.py:93} INFO - #12 0x571ce57334b0 <unknown>
[2026-04-05T08:01:38.810+0000] {subprocess.py:93} INFO - #13 0x571ce5788578 <unknown>
[2026-04-05T08:01:38.810+0000] {subprocess.py:93} INFO - #14 0x571ce578874b <unknown>
[2026-04-05T08:01:38.810+0000] {subprocess.py:93} INFO - #15 0x571ce579a1a3 <unknown>
[2026-04-05T08:01:38.811+0000] {subprocess.py:93} INFO - #16 0x74fa3d51caa4 <unknown>
[2026-04-05T08:01:38.811+0000] {subprocess.py:93} INFO - #17 0x74fa3d5a9a64 __clone
[2026-04-05T08:01:38.811+0000] {subprocess.py:93} INFO - 
[2026-04-05T08:01:38.812+0000] {subprocess.py:93} INFO - -> Foto TKP sudah dikirim ke: /opt/***/data/error_login_gatekeeper.png
[2026-04-05T08:01:38.813+0000] {subprocess.py:93} INFO - 
[2026-04-05T08:01:38.813+0000] {subprocess.py:93} INFO - --- Mengambil Halaman 1 ---
[2026-04-05T08:01:38.813+0000] {subprocess.py:93} INFO - Data tidak ditemukan di halaman 1. Berhenti.
[2026-04-05T08:01:38.814+0000] {subprocess.py:93} INFO - ❌ Tidak ada data Glints yang didapat.
[2026-04-05T08:01:38.921+0000] {subprocess.py:97} INFO - Command exited with return code 0
[2026-04-05T08:01:38.957+0000] {taskinstance.py:1138} INFO - Marking task as SUCCESS. dag_id=job_search_medallion_pipeline_v1, task_id=scrape_glints_to_bronze, execution_date=20260405T071003, start_date=20260405T080105, end_date=20260405T080138
[2026-04-05T08:01:39.001+0000] {local_task_job_runner.py:234} INFO - Task exited with return code 0
[2026-04-05T08:01:39.026+0000] {taskinstance.py:3280} INFO - 0 downstream tasks scheduled from follow-on schedule check
