[2026-04-05T07:48:50.102+0000] {logging_mixin.py:188} INFO - Changing /opt/***/logs/dag_id=job_search_medallion_pipeline_v1/run_id=manual__2026-04-05T07:10:03.640007+00:00/task_id=scrape_glints_to_bronze permission to 509
[2026-04-05T07:48:50.102+0000] {logging_mixin.py:188} INFO - Failed to change /opt/***/logs/dag_id=job_search_medallion_pipeline_v1/run_id=manual__2026-04-05T07:10:03.640007+00:00/task_id=scrape_glints_to_bronze permission to 509: [Errno 1] Operation not permitted: '/opt/***/logs/dag_id=job_search_medallion_pipeline_v1/run_id=manual__2026-04-05T07:10:03.640007+00:00/task_id=scrape_glints_to_bronze'
[2026-04-05T07:48:50.154+0000] {logging_mixin.py:188} INFO - Changing /opt/***/logs/dag_id=job_search_medallion_pipeline_v1/run_id=manual__2026-04-05T07:10:03.640007+00:00/task_id=scrape_glints_to_bronze permission to 509
[2026-04-05T07:48:50.158+0000] {logging_mixin.py:188} INFO - Failed to change /opt/***/logs/dag_id=job_search_medallion_pipeline_v1/run_id=manual__2026-04-05T07:10:03.640007+00:00/task_id=scrape_glints_to_bronze permission to 509: [Errno 1] Operation not permitted: '/opt/***/logs/dag_id=job_search_medallion_pipeline_v1/run_id=manual__2026-04-05T07:10:03.640007+00:00/task_id=scrape_glints_to_bronze'
[2026-04-05T07:48:50.206+0000] {taskinstance.py:1956} INFO - Dependencies all met for dep_context=non-requeueable deps ti=<TaskInstance: job_search_medallion_pipeline_v1.scrape_glints_to_bronze manual__2026-04-05T07:10:03.640007+00:00 [queued]>
[2026-04-05T07:48:50.216+0000] {taskinstance.py:1956} INFO - Dependencies all met for dep_context=requeueable deps ti=<TaskInstance: job_search_medallion_pipeline_v1.scrape_glints_to_bronze manual__2026-04-05T07:10:03.640007+00:00 [queued]>
[2026-04-05T07:48:50.217+0000] {taskinstance.py:2170} INFO - Starting attempt 5 of 6
[2026-04-05T07:48:50.230+0000] {taskinstance.py:2191} INFO - Executing <Task(BashOperator): scrape_glints_to_bronze> on 2026-04-05 07:10:03.640007+00:00
[2026-04-05T07:48:50.238+0000] {standard_task_runner.py:60} INFO - Started process 209 to run task
[2026-04-05T07:48:50.241+0000] {standard_task_runner.py:87} INFO - Running: ['***', 'tasks', 'run', 'job_search_medallion_pipeline_v1', 'scrape_glints_to_bronze', 'manual__2026-04-05T07:10:03.640007+00:00', '--job-id', '41', '--raw', '--subdir', 'DAGS_FOLDER/job_scraper_dag.py', '--cfg-path', '/tmp/tmpp5e2_7j0']
[2026-04-05T07:48:50.245+0000] {standard_task_runner.py:88} INFO - Job 41: Subtask scrape_glints_to_bronze
[2026-04-05T07:48:50.303+0000] {logging_mixin.py:188} INFO - Changing /opt/***/logs/dag_id=job_search_medallion_pipeline_v1/run_id=manual__2026-04-05T07:10:03.640007+00:00/task_id=scrape_glints_to_bronze permission to 509
[2026-04-05T07:48:50.304+0000] {logging_mixin.py:188} INFO - Failed to change /opt/***/logs/dag_id=job_search_medallion_pipeline_v1/run_id=manual__2026-04-05T07:10:03.640007+00:00/task_id=scrape_glints_to_bronze permission to 509: [Errno 1] Operation not permitted: '/opt/***/logs/dag_id=job_search_medallion_pipeline_v1/run_id=manual__2026-04-05T07:10:03.640007+00:00/task_id=scrape_glints_to_bronze'
[2026-04-05T07:48:50.312+0000] {task_command.py:423} INFO - Running <TaskInstance: job_search_medallion_pipeline_v1.scrape_glints_to_bronze manual__2026-04-05T07:10:03.640007+00:00 [running]> on host 1a7e565aeb59
[2026-04-05T07:48:50.401+0000] {taskinstance.py:2480} INFO - Exporting env vars: AIRFLOW_CTX_DAG_OWNER='rafif' AIRFLOW_CTX_DAG_ID='job_search_medallion_pipeline_v1' AIRFLOW_CTX_TASK_ID='scrape_glints_to_bronze' AIRFLOW_CTX_EXECUTION_DATE='2026-04-05T07:10:03.640007+00:00' AIRFLOW_CTX_TRY_NUMBER='5' AIRFLOW_CTX_DAG_RUN_ID='manual__2026-04-05T07:10:03.640007+00:00'
[2026-04-05T07:48:50.402+0000] {subprocess.py:63} INFO - Tmp dir root location: /tmp
[2026-04-05T07:48:50.403+0000] {subprocess.py:75} INFO - Running command: ['/usr/bin/bash', '-c', 'python3 /opt/***/dags/scripts/scraper_glints.py']
[2026-04-05T07:48:50.415+0000] {subprocess.py:86} INFO - Output:
[2026-04-05T07:50:11.356+0000] {subprocess.py:93} INFO - Menghubungkan ke Selenium Grid di Docker...
[2026-04-05T07:50:11.357+0000] {subprocess.py:93} INFO - Mencoba login Glints ID: gigachaacc2@gmail.com...
[2026-04-05T07:50:11.358+0000] {subprocess.py:93} INFO - -> Mengetuk pintu 'Masuk dengan Email'...
[2026-04-05T07:50:11.359+0000] {subprocess.py:93} INFO - ❌ Login Gagal di tengah jalan: Message:
[2026-04-05T07:50:11.360+0000] {subprocess.py:93} INFO - Stacktrace:
[2026-04-05T07:50:11.361+0000] {subprocess.py:93} INFO - #0 0x650dd2c81b6a <unknown>
[2026-04-05T07:50:11.361+0000] {subprocess.py:93} INFO - #1 0x650dd2694a32 <unknown>
[2026-04-05T07:50:11.362+0000] {subprocess.py:93} INFO - #2 0x650dd26e9d66 <unknown>
[2026-04-05T07:50:11.362+0000] {subprocess.py:93} INFO - #3 0x650dd26e9fa1 <unknown>
[2026-04-05T07:50:11.362+0000] {subprocess.py:93} INFO - #4 0x650dd2735144 <unknown>
[2026-04-05T07:50:11.363+0000] {subprocess.py:93} INFO - #5 0x650dd2732369 <unknown>
[2026-04-05T07:50:11.363+0000] {subprocess.py:93} INFO - #6 0x650dd26dbc0f <unknown>
[2026-04-05T07:50:11.364+0000] {subprocess.py:93} INFO - #7 0x650dd26dc9d1 <unknown>
[2026-04-05T07:50:11.364+0000] {subprocess.py:93} INFO - #8 0x650dd2c466b9 <unknown>
[2026-04-05T07:50:11.365+0000] {subprocess.py:93} INFO - #9 0x650dd2c495c1 <unknown>
[2026-04-05T07:50:11.365+0000] {subprocess.py:93} INFO - #10 0x650dd2c32e29 <unknown>
[2026-04-05T07:50:11.366+0000] {subprocess.py:93} INFO - #11 0x650dd2c4a17e <unknown>
[2026-04-05T07:50:11.366+0000] {subprocess.py:93} INFO - #12 0x650dd2c194b0 <unknown>
[2026-04-05T07:50:11.367+0000] {subprocess.py:93} INFO - #13 0x650dd2c6e578 <unknown>
[2026-04-05T07:50:11.367+0000] {subprocess.py:93} INFO - #14 0x650dd2c6e74b <unknown>
[2026-04-05T07:50:11.368+0000] {subprocess.py:93} INFO - #15 0x650dd2c801a3 <unknown>
[2026-04-05T07:50:11.368+0000] {subprocess.py:93} INFO - #16 0x7c00754a2aa4 <unknown>
[2026-04-05T07:50:11.369+0000] {subprocess.py:93} INFO - #17 0x7c007552fa64 __clone
[2026-04-05T07:50:11.369+0000] {subprocess.py:93} INFO - 
[2026-04-05T07:50:11.369+0000] {subprocess.py:93} INFO - -> Cek screenshot di data/error_login_gatekeeper.png
[2026-04-05T07:50:11.370+0000] {subprocess.py:93} INFO - 
[2026-04-05T07:50:11.370+0000] {subprocess.py:93} INFO - --- Mengambil Halaman 1 ---
[2026-04-05T07:50:11.371+0000] {subprocess.py:93} INFO - Data tidak ditemukan di halaman 1. Berhenti.
[2026-04-05T07:50:11.371+0000] {subprocess.py:93} INFO - ❌ Tidak ada data Glints yang didapat.
[2026-04-05T07:50:11.474+0000] {subprocess.py:97} INFO - Command exited with return code 0
[2026-04-05T07:50:11.508+0000] {taskinstance.py:1138} INFO - Marking task as SUCCESS. dag_id=job_search_medallion_pipeline_v1, task_id=scrape_glints_to_bronze, execution_date=20260405T071003, start_date=20260405T074850, end_date=20260405T075011
[2026-04-05T07:50:11.536+0000] {local_task_job_runner.py:234} INFO - Task exited with return code 0
[2026-04-05T07:50:11.560+0000] {taskinstance.py:3280} INFO - 1 downstream tasks scheduled from follow-on schedule check
