[2026-04-05T07:26:42.898+0000] {logging_mixin.py:188} INFO - Changing /opt/***/logs/dag_id=job_search_medallion_pipeline_v1/run_id=manual__2026-04-05T07:10:03.640007+00:00/task_id=scrape_glints_to_bronze permission to 509
[2026-04-05T07:26:42.898+0000] {logging_mixin.py:188} INFO - Failed to change /opt/***/logs/dag_id=job_search_medallion_pipeline_v1/run_id=manual__2026-04-05T07:10:03.640007+00:00/task_id=scrape_glints_to_bronze permission to 509: [Errno 1] Operation not permitted: '/opt/***/logs/dag_id=job_search_medallion_pipeline_v1/run_id=manual__2026-04-05T07:10:03.640007+00:00/task_id=scrape_glints_to_bronze'
[2026-04-05T07:26:42.942+0000] {logging_mixin.py:188} INFO - Changing /opt/***/logs/dag_id=job_search_medallion_pipeline_v1/run_id=manual__2026-04-05T07:10:03.640007+00:00/task_id=scrape_glints_to_bronze permission to 509
[2026-04-05T07:26:42.943+0000] {logging_mixin.py:188} INFO - Failed to change /opt/***/logs/dag_id=job_search_medallion_pipeline_v1/run_id=manual__2026-04-05T07:10:03.640007+00:00/task_id=scrape_glints_to_bronze permission to 509: [Errno 1] Operation not permitted: '/opt/***/logs/dag_id=job_search_medallion_pipeline_v1/run_id=manual__2026-04-05T07:10:03.640007+00:00/task_id=scrape_glints_to_bronze'
[2026-04-05T07:26:42.990+0000] {taskinstance.py:1956} INFO - Dependencies all met for dep_context=non-requeueable deps ti=<TaskInstance: job_search_medallion_pipeline_v1.scrape_glints_to_bronze manual__2026-04-05T07:10:03.640007+00:00 [queued]>
[2026-04-05T07:26:42.999+0000] {taskinstance.py:1956} INFO - Dependencies all met for dep_context=requeueable deps ti=<TaskInstance: job_search_medallion_pipeline_v1.scrape_glints_to_bronze manual__2026-04-05T07:10:03.640007+00:00 [queued]>
[2026-04-05T07:26:43.000+0000] {taskinstance.py:2170} INFO - Starting attempt 3 of 4
[2026-04-05T07:26:43.013+0000] {taskinstance.py:2191} INFO - Executing <Task(BashOperator): scrape_glints_to_bronze> on 2026-04-05 07:10:03.640007+00:00
[2026-04-05T07:26:43.020+0000] {standard_task_runner.py:60} INFO - Started process 443 to run task
[2026-04-05T07:26:43.024+0000] {standard_task_runner.py:87} INFO - Running: ['***', 'tasks', 'run', 'job_search_medallion_pipeline_v1', 'scrape_glints_to_bronze', 'manual__2026-04-05T07:10:03.640007+00:00', '--job-id', '29', '--raw', '--subdir', 'DAGS_FOLDER/job_scraper_dag.py', '--cfg-path', '/tmp/tmpwmpfguja']
[2026-04-05T07:26:43.026+0000] {standard_task_runner.py:88} INFO - Job 29: Subtask scrape_glints_to_bronze
[2026-04-05T07:26:43.083+0000] {logging_mixin.py:188} INFO - Changing /opt/***/logs/dag_id=job_search_medallion_pipeline_v1/run_id=manual__2026-04-05T07:10:03.640007+00:00/task_id=scrape_glints_to_bronze permission to 509
[2026-04-05T07:26:43.084+0000] {logging_mixin.py:188} INFO - Failed to change /opt/***/logs/dag_id=job_search_medallion_pipeline_v1/run_id=manual__2026-04-05T07:10:03.640007+00:00/task_id=scrape_glints_to_bronze permission to 509: [Errno 1] Operation not permitted: '/opt/***/logs/dag_id=job_search_medallion_pipeline_v1/run_id=manual__2026-04-05T07:10:03.640007+00:00/task_id=scrape_glints_to_bronze'
[2026-04-05T07:26:43.094+0000] {task_command.py:423} INFO - Running <TaskInstance: job_search_medallion_pipeline_v1.scrape_glints_to_bronze manual__2026-04-05T07:10:03.640007+00:00 [running]> on host f3fed5265881
[2026-04-05T07:26:43.362+0000] {taskinstance.py:2480} INFO - Exporting env vars: AIRFLOW_CTX_DAG_OWNER='rafif' AIRFLOW_CTX_DAG_ID='job_search_medallion_pipeline_v1' AIRFLOW_CTX_TASK_ID='scrape_glints_to_bronze' AIRFLOW_CTX_EXECUTION_DATE='2026-04-05T07:10:03.640007+00:00' AIRFLOW_CTX_TRY_NUMBER='3' AIRFLOW_CTX_DAG_RUN_ID='manual__2026-04-05T07:10:03.640007+00:00'
[2026-04-05T07:26:43.363+0000] {subprocess.py:63} INFO - Tmp dir root location: /tmp
[2026-04-05T07:26:43.366+0000] {subprocess.py:75} INFO - Running command: ['/usr/bin/bash', '-c', 'python3 /opt/***/dags/scripts/scraper_glints.py']
[2026-04-05T07:26:43.379+0000] {subprocess.py:86} INFO - Output:
[2026-04-05T07:27:16.623+0000] {subprocess.py:93} INFO - Menghubungkan ke Selenium Grid di Docker...
[2026-04-05T07:27:16.624+0000] {subprocess.py:93} INFO - Mencoba login Glints ID: None...
[2026-04-05T07:27:16.624+0000] {subprocess.py:93} INFO - -> Mengetuk pintu 'Masuk dengan Email'...
[2026-04-05T07:27:16.625+0000] {subprocess.py:93} INFO - ❌ Login Gagal di tengah jalan: Message:
[2026-04-05T07:27:16.625+0000] {subprocess.py:93} INFO - Stacktrace:
[2026-04-05T07:27:16.625+0000] {subprocess.py:93} INFO - #0 0x56d0b7429b6a <unknown>
[2026-04-05T07:27:16.626+0000] {subprocess.py:93} INFO - #1 0x56d0b6e3ca32 <unknown>
[2026-04-05T07:27:16.626+0000] {subprocess.py:93} INFO - #2 0x56d0b6e91d66 <unknown>
[2026-04-05T07:27:16.626+0000] {subprocess.py:93} INFO - #3 0x56d0b6e91fa1 <unknown>
[2026-04-05T07:27:16.627+0000] {subprocess.py:93} INFO - #4 0x56d0b6edd144 <unknown>
[2026-04-05T07:27:16.627+0000] {subprocess.py:93} INFO - #5 0x56d0b6eda369 <unknown>
[2026-04-05T07:27:16.628+0000] {subprocess.py:93} INFO - #6 0x56d0b6e83c0f <unknown>
[2026-04-05T07:27:16.628+0000] {subprocess.py:93} INFO - #7 0x56d0b6e849d1 <unknown>
[2026-04-05T07:27:16.628+0000] {subprocess.py:93} INFO - #8 0x56d0b73ee6b9 <unknown>
[2026-04-05T07:27:16.629+0000] {subprocess.py:93} INFO - #9 0x56d0b73f15c1 <unknown>
[2026-04-05T07:27:16.629+0000] {subprocess.py:93} INFO - #10 0x56d0b73dae29 <unknown>
[2026-04-05T07:27:16.630+0000] {subprocess.py:93} INFO - #11 0x56d0b73f217e <unknown>
[2026-04-05T07:27:16.631+0000] {subprocess.py:93} INFO - #12 0x56d0b73c14b0 <unknown>
[2026-04-05T07:27:16.631+0000] {subprocess.py:93} INFO - #13 0x56d0b7416578 <unknown>
[2026-04-05T07:27:16.632+0000] {subprocess.py:93} INFO - #14 0x56d0b741674b <unknown>
[2026-04-05T07:27:16.634+0000] {subprocess.py:93} INFO - #15 0x56d0b74281a3 <unknown>
[2026-04-05T07:27:16.634+0000] {subprocess.py:93} INFO - #16 0x71fecbdaaaa4 <unknown>
[2026-04-05T07:27:16.635+0000] {subprocess.py:93} INFO - #17 0x71fecbe37a64 __clone
[2026-04-05T07:27:16.635+0000] {subprocess.py:93} INFO - 
[2026-04-05T07:27:16.635+0000] {subprocess.py:93} INFO - -> Cek screenshot di data/error_login_gatekeeper.png
[2026-04-05T07:27:16.636+0000] {subprocess.py:93} INFO - 
[2026-04-05T07:27:16.637+0000] {subprocess.py:93} INFO - --- Mengambil Halaman 1 ---
[2026-04-05T07:27:16.639+0000] {subprocess.py:93} INFO - Data tidak ditemukan di halaman 1. Berhenti.
[2026-04-05T07:27:16.639+0000] {subprocess.py:93} INFO - ❌ Tidak ada data Glints yang didapat.
[2026-04-05T07:27:16.793+0000] {subprocess.py:97} INFO - Command exited with return code 0
[2026-04-05T07:27:16.846+0000] {taskinstance.py:1138} INFO - Marking task as SUCCESS. dag_id=job_search_medallion_pipeline_v1, task_id=scrape_glints_to_bronze, execution_date=20260405T071003, start_date=20260405T072642, end_date=20260405T072716
[2026-04-05T07:27:16.886+0000] {local_task_job_runner.py:234} INFO - Task exited with return code 0
[2026-04-05T07:27:16.920+0000] {taskinstance.py:3280} INFO - 0 downstream tasks scheduled from follow-on schedule check
