[2026-04-05T07:52:31.286+0000] {logging_mixin.py:188} INFO - Changing /opt/***/logs/dag_id=job_search_medallion_pipeline_v1/run_id=manual__2026-04-05T07:10:03.640007+00:00/task_id=scrape_glints_to_bronze permission to 509
[2026-04-05T07:52:31.287+0000] {logging_mixin.py:188} INFO - Failed to change /opt/***/logs/dag_id=job_search_medallion_pipeline_v1/run_id=manual__2026-04-05T07:10:03.640007+00:00/task_id=scrape_glints_to_bronze permission to 509: [Errno 1] Operation not permitted: '/opt/***/logs/dag_id=job_search_medallion_pipeline_v1/run_id=manual__2026-04-05T07:10:03.640007+00:00/task_id=scrape_glints_to_bronze'
[2026-04-05T07:52:31.336+0000] {logging_mixin.py:188} INFO - Changing /opt/***/logs/dag_id=job_search_medallion_pipeline_v1/run_id=manual__2026-04-05T07:10:03.640007+00:00/task_id=scrape_glints_to_bronze permission to 509
[2026-04-05T07:52:31.337+0000] {logging_mixin.py:188} INFO - Failed to change /opt/***/logs/dag_id=job_search_medallion_pipeline_v1/run_id=manual__2026-04-05T07:10:03.640007+00:00/task_id=scrape_glints_to_bronze permission to 509: [Errno 1] Operation not permitted: '/opt/***/logs/dag_id=job_search_medallion_pipeline_v1/run_id=manual__2026-04-05T07:10:03.640007+00:00/task_id=scrape_glints_to_bronze'
[2026-04-05T07:52:31.386+0000] {taskinstance.py:1956} INFO - Dependencies all met for dep_context=non-requeueable deps ti=<TaskInstance: job_search_medallion_pipeline_v1.scrape_glints_to_bronze manual__2026-04-05T07:10:03.640007+00:00 [queued]>
[2026-04-05T07:52:31.397+0000] {taskinstance.py:1956} INFO - Dependencies all met for dep_context=requeueable deps ti=<TaskInstance: job_search_medallion_pipeline_v1.scrape_glints_to_bronze manual__2026-04-05T07:10:03.640007+00:00 [queued]>
[2026-04-05T07:52:31.397+0000] {taskinstance.py:2170} INFO - Starting attempt 6 of 7
[2026-04-05T07:52:31.423+0000] {taskinstance.py:2191} INFO - Executing <Task(BashOperator): scrape_glints_to_bronze> on 2026-04-05 07:10:03.640007+00:00
[2026-04-05T07:52:31.430+0000] {standard_task_runner.py:60} INFO - Started process 205 to run task
[2026-04-05T07:52:31.435+0000] {standard_task_runner.py:87} INFO - Running: ['***', 'tasks', 'run', 'job_search_medallion_pipeline_v1', 'scrape_glints_to_bronze', 'manual__2026-04-05T07:10:03.640007+00:00', '--job-id', '44', '--raw', '--subdir', 'DAGS_FOLDER/job_scraper_dag.py', '--cfg-path', '/tmp/tmp6ks93ayg']
[2026-04-05T07:52:31.438+0000] {standard_task_runner.py:88} INFO - Job 44: Subtask scrape_glints_to_bronze
[2026-04-05T07:52:31.501+0000] {logging_mixin.py:188} INFO - Changing /opt/***/logs/dag_id=job_search_medallion_pipeline_v1/run_id=manual__2026-04-05T07:10:03.640007+00:00/task_id=scrape_glints_to_bronze permission to 509
[2026-04-05T07:52:31.501+0000] {logging_mixin.py:188} INFO - Failed to change /opt/***/logs/dag_id=job_search_medallion_pipeline_v1/run_id=manual__2026-04-05T07:10:03.640007+00:00/task_id=scrape_glints_to_bronze permission to 509: [Errno 1] Operation not permitted: '/opt/***/logs/dag_id=job_search_medallion_pipeline_v1/run_id=manual__2026-04-05T07:10:03.640007+00:00/task_id=scrape_glints_to_bronze'
[2026-04-05T07:52:31.511+0000] {task_command.py:423} INFO - Running <TaskInstance: job_search_medallion_pipeline_v1.scrape_glints_to_bronze manual__2026-04-05T07:10:03.640007+00:00 [running]> on host 978b9c7ee09d
[2026-04-05T07:52:31.610+0000] {taskinstance.py:2480} INFO - Exporting env vars: AIRFLOW_CTX_DAG_OWNER='rafif' AIRFLOW_CTX_DAG_ID='job_search_medallion_pipeline_v1' AIRFLOW_CTX_TASK_ID='scrape_glints_to_bronze' AIRFLOW_CTX_EXECUTION_DATE='2026-04-05T07:10:03.640007+00:00' AIRFLOW_CTX_TRY_NUMBER='6' AIRFLOW_CTX_DAG_RUN_ID='manual__2026-04-05T07:10:03.640007+00:00'
[2026-04-05T07:52:31.611+0000] {subprocess.py:63} INFO - Tmp dir root location: /tmp
[2026-04-05T07:52:31.612+0000] {subprocess.py:75} INFO - Running command: ['/usr/bin/bash', '-c', 'python3 /opt/***/dags/scripts/scraper_glints.py']
[2026-04-05T07:52:31.624+0000] {subprocess.py:86} INFO - Output:
[2026-04-05T07:53:02.075+0000] {subprocess.py:93} INFO - Menghubungkan ke Selenium Grid di Docker...
[2026-04-05T07:53:02.081+0000] {subprocess.py:93} INFO - Mencoba login Glints ID: gigachaacc2@gmail.com...
[2026-04-05T07:53:02.082+0000] {subprocess.py:93} INFO - -> Mengetuk pintu 'Masuk dengan Email'...
[2026-04-05T07:53:02.082+0000] {subprocess.py:93} INFO - ❌ Login Gagal di tengah jalan: Message:
[2026-04-05T07:53:02.083+0000] {subprocess.py:93} INFO - Stacktrace:
[2026-04-05T07:53:02.083+0000] {subprocess.py:93} INFO - #0 0x63e68154fb6a <unknown>
[2026-04-05T07:53:02.083+0000] {subprocess.py:93} INFO - #1 0x63e680f62a32 <unknown>
[2026-04-05T07:53:02.084+0000] {subprocess.py:93} INFO - #2 0x63e680fb7d66 <unknown>
[2026-04-05T07:53:02.084+0000] {subprocess.py:93} INFO - #3 0x63e680fb7fa1 <unknown>
[2026-04-05T07:53:02.084+0000] {subprocess.py:93} INFO - #4 0x63e681003144 <unknown>
[2026-04-05T07:53:02.085+0000] {subprocess.py:93} INFO - #5 0x63e681000369 <unknown>
[2026-04-05T07:53:02.085+0000] {subprocess.py:93} INFO - #6 0x63e680fa9c0f <unknown>
[2026-04-05T07:53:02.085+0000] {subprocess.py:93} INFO - #7 0x63e680faa9d1 <unknown>
[2026-04-05T07:53:02.086+0000] {subprocess.py:93} INFO - #8 0x63e6815146b9 <unknown>
[2026-04-05T07:53:02.086+0000] {subprocess.py:93} INFO - #9 0x63e6815175c1 <unknown>
[2026-04-05T07:53:02.086+0000] {subprocess.py:93} INFO - #10 0x63e681500e29 <unknown>
[2026-04-05T07:53:02.087+0000] {subprocess.py:93} INFO - #11 0x63e68151817e <unknown>
[2026-04-05T07:53:02.087+0000] {subprocess.py:93} INFO - #12 0x63e6814e74b0 <unknown>
[2026-04-05T07:53:02.088+0000] {subprocess.py:93} INFO - #13 0x63e68153c578 <unknown>
[2026-04-05T07:53:02.088+0000] {subprocess.py:93} INFO - #14 0x63e68153c74b <unknown>
[2026-04-05T07:53:02.088+0000] {subprocess.py:93} INFO - #15 0x63e68154e1a3 <unknown>
[2026-04-05T07:53:02.089+0000] {subprocess.py:93} INFO - #16 0x7dbc5d1feaa4 <unknown>
[2026-04-05T07:53:02.089+0000] {subprocess.py:93} INFO - #17 0x7dbc5d28ba64 __clone
[2026-04-05T07:53:02.089+0000] {subprocess.py:93} INFO - 
[2026-04-05T07:53:02.090+0000] {subprocess.py:93} INFO - -> Cek screenshot di data/error_login_gatekeeper.png
[2026-04-05T07:53:02.090+0000] {subprocess.py:93} INFO - 
[2026-04-05T07:53:02.091+0000] {subprocess.py:93} INFO - --- Mengambil Halaman 1 ---
[2026-04-05T07:53:02.091+0000] {subprocess.py:93} INFO - Data tidak ditemukan di halaman 1. Berhenti.
[2026-04-05T07:53:02.091+0000] {subprocess.py:93} INFO - ❌ Tidak ada data Glints yang didapat.
[2026-04-05T07:53:02.189+0000] {subprocess.py:97} INFO - Command exited with return code 0
[2026-04-05T07:53:02.228+0000] {taskinstance.py:1138} INFO - Marking task as SUCCESS. dag_id=job_search_medallion_pipeline_v1, task_id=scrape_glints_to_bronze, execution_date=20260405T071003, start_date=20260405T075231, end_date=20260405T075302
[2026-04-05T07:53:02.269+0000] {local_task_job_runner.py:234} INFO - Task exited with return code 0
[2026-04-05T07:53:02.291+0000] {taskinstance.py:3280} INFO - 0 downstream tasks scheduled from follow-on schedule check
