[2026-04-05T07:15:06.102+0000] {logging_mixin.py:188} INFO - Changing /opt/***/logs/dag_id=job_search_medallion_pipeline_v1/run_id=manual__2026-04-05T07:10:03.640007+00:00/task_id=scrape_glints_to_bronze permission to 509
[2026-04-05T07:15:06.103+0000] {logging_mixin.py:188} INFO - Failed to change /opt/***/logs/dag_id=job_search_medallion_pipeline_v1/run_id=manual__2026-04-05T07:10:03.640007+00:00/task_id=scrape_glints_to_bronze permission to 509: [Errno 1] Operation not permitted: '/opt/***/logs/dag_id=job_search_medallion_pipeline_v1/run_id=manual__2026-04-05T07:10:03.640007+00:00/task_id=scrape_glints_to_bronze'
[2026-04-05T07:15:06.208+0000] {logging_mixin.py:188} INFO - Changing /opt/***/logs/dag_id=job_search_medallion_pipeline_v1/run_id=manual__2026-04-05T07:10:03.640007+00:00/task_id=scrape_glints_to_bronze permission to 509
[2026-04-05T07:15:06.209+0000] {logging_mixin.py:188} INFO - Failed to change /opt/***/logs/dag_id=job_search_medallion_pipeline_v1/run_id=manual__2026-04-05T07:10:03.640007+00:00/task_id=scrape_glints_to_bronze permission to 509: [Errno 1] Operation not permitted: '/opt/***/logs/dag_id=job_search_medallion_pipeline_v1/run_id=manual__2026-04-05T07:10:03.640007+00:00/task_id=scrape_glints_to_bronze'
[2026-04-05T07:15:06.252+0000] {taskinstance.py:1956} INFO - Dependencies all met for dep_context=non-requeueable deps ti=<TaskInstance: job_search_medallion_pipeline_v1.scrape_glints_to_bronze manual__2026-04-05T07:10:03.640007+00:00 [queued]>
[2026-04-05T07:15:06.260+0000] {taskinstance.py:1956} INFO - Dependencies all met for dep_context=requeueable deps ti=<TaskInstance: job_search_medallion_pipeline_v1.scrape_glints_to_bronze manual__2026-04-05T07:10:03.640007+00:00 [queued]>
[2026-04-05T07:15:06.261+0000] {taskinstance.py:2170} INFO - Starting attempt 2 of 2
[2026-04-05T07:15:06.275+0000] {taskinstance.py:2191} INFO - Executing <Task(BashOperator): scrape_glints_to_bronze> on 2026-04-05 07:10:03.640007+00:00
[2026-04-05T07:15:06.282+0000] {standard_task_runner.py:60} INFO - Started process 199 to run task
[2026-04-05T07:15:06.287+0000] {standard_task_runner.py:87} INFO - Running: ['***', 'tasks', 'run', 'job_search_medallion_pipeline_v1', 'scrape_glints_to_bronze', 'manual__2026-04-05T07:10:03.640007+00:00', '--job-id', '19', '--raw', '--subdir', 'DAGS_FOLDER/job_scraper_dag.py', '--cfg-path', '/tmp/tmpduz6fuw7']
[2026-04-05T07:15:06.290+0000] {standard_task_runner.py:88} INFO - Job 19: Subtask scrape_glints_to_bronze
[2026-04-05T07:15:06.355+0000] {logging_mixin.py:188} INFO - Changing /opt/***/logs/dag_id=job_search_medallion_pipeline_v1/run_id=manual__2026-04-05T07:10:03.640007+00:00/task_id=scrape_glints_to_bronze permission to 509
[2026-04-05T07:15:06.356+0000] {logging_mixin.py:188} INFO - Failed to change /opt/***/logs/dag_id=job_search_medallion_pipeline_v1/run_id=manual__2026-04-05T07:10:03.640007+00:00/task_id=scrape_glints_to_bronze permission to 509: [Errno 1] Operation not permitted: '/opt/***/logs/dag_id=job_search_medallion_pipeline_v1/run_id=manual__2026-04-05T07:10:03.640007+00:00/task_id=scrape_glints_to_bronze'
[2026-04-05T07:15:06.366+0000] {task_command.py:423} INFO - Running <TaskInstance: job_search_medallion_pipeline_v1.scrape_glints_to_bronze manual__2026-04-05T07:10:03.640007+00:00 [running]> on host f3fed5265881
[2026-04-05T07:15:06.460+0000] {taskinstance.py:2480} INFO - Exporting env vars: AIRFLOW_CTX_DAG_OWNER='rafif' AIRFLOW_CTX_DAG_ID='job_search_medallion_pipeline_v1' AIRFLOW_CTX_TASK_ID='scrape_glints_to_bronze' AIRFLOW_CTX_EXECUTION_DATE='2026-04-05T07:10:03.640007+00:00' AIRFLOW_CTX_TRY_NUMBER='2' AIRFLOW_CTX_DAG_RUN_ID='manual__2026-04-05T07:10:03.640007+00:00'
[2026-04-05T07:15:06.461+0000] {subprocess.py:63} INFO - Tmp dir root location: /tmp
[2026-04-05T07:15:06.463+0000] {subprocess.py:75} INFO - Running command: ['/usr/bin/bash', '-c', 'python3 /opt/***/dags/scripts/scraper_glints.py']
[2026-04-05T07:15:06.474+0000] {subprocess.py:86} INFO - Output:
[2026-04-05T07:15:08.028+0000] {subprocess.py:93} INFO - Menghubungkan ke Selenium Grid di Docker...
[2026-04-05T07:15:08.038+0000] {subprocess.py:93} INFO - Traceback (most recent call last):
[2026-04-05T07:15:08.038+0000] {subprocess.py:93} INFO -   File "/home/***/.local/lib/python3.8/site-packages/urllib3/connection.py", line 174, in _new_conn
[2026-04-05T07:15:08.039+0000] {subprocess.py:93} INFO -     conn = connection.create_connection(
[2026-04-05T07:15:08.039+0000] {subprocess.py:93} INFO -   File "/home/***/.local/lib/python3.8/site-packages/urllib3/util/connection.py", line 95, in create_connection
[2026-04-05T07:15:08.039+0000] {subprocess.py:93} INFO -     raise err
[2026-04-05T07:15:08.040+0000] {subprocess.py:93} INFO -   File "/home/***/.local/lib/python3.8/site-packages/urllib3/util/connection.py", line 85, in create_connection
[2026-04-05T07:15:08.040+0000] {subprocess.py:93} INFO -     sock.connect(sa)
[2026-04-05T07:15:08.040+0000] {subprocess.py:93} INFO - ConnectionRefusedError: [Errno 111] Connection refused
[2026-04-05T07:15:08.041+0000] {subprocess.py:93} INFO - 
[2026-04-05T07:15:08.041+0000] {subprocess.py:93} INFO - During handling of the above exception, another exception occurred:
[2026-04-05T07:15:08.041+0000] {subprocess.py:93} INFO - 
[2026-04-05T07:15:08.042+0000] {subprocess.py:93} INFO - Traceback (most recent call last):
[2026-04-05T07:15:08.042+0000] {subprocess.py:93} INFO -   File "/home/***/.local/lib/python3.8/site-packages/urllib3/connectionpool.py", line 715, in urlopen
[2026-04-05T07:15:08.043+0000] {subprocess.py:93} INFO -     httplib_response = self._make_request(
[2026-04-05T07:15:08.043+0000] {subprocess.py:93} INFO -   File "/home/***/.local/lib/python3.8/site-packages/urllib3/connectionpool.py", line 416, in _make_request
[2026-04-05T07:15:08.043+0000] {subprocess.py:93} INFO -     conn.request(method, url, **httplib_request_kw)
[2026-04-05T07:15:08.043+0000] {subprocess.py:93} INFO -   File "/home/***/.local/lib/python3.8/site-packages/urllib3/connection.py", line 244, in request
[2026-04-05T07:15:08.044+0000] {subprocess.py:93} INFO -     super(HTTPConnection, self).request(method, url, body=body, headers=headers)
[2026-04-05T07:15:08.044+0000] {subprocess.py:93} INFO -   File "/usr/local/lib/python3.8/http/client.py", line 1256, in request
[2026-04-05T07:15:08.044+0000] {subprocess.py:93} INFO -     self._send_request(method, url, body, headers, encode_chunked)
[2026-04-05T07:15:08.045+0000] {subprocess.py:93} INFO -   File "/usr/local/lib/python3.8/http/client.py", line 1302, in _send_request
[2026-04-05T07:15:08.045+0000] {subprocess.py:93} INFO -     self.endheaders(body, encode_chunked=encode_chunked)
[2026-04-05T07:15:08.045+0000] {subprocess.py:93} INFO -   File "/usr/local/lib/python3.8/http/client.py", line 1251, in endheaders
[2026-04-05T07:15:08.046+0000] {subprocess.py:93} INFO -     self._send_output(message_body, encode_chunked=encode_chunked)
[2026-04-05T07:15:08.046+0000] {subprocess.py:93} INFO -   File "/usr/local/lib/python3.8/http/client.py", line 1011, in _send_output
[2026-04-05T07:15:08.046+0000] {subprocess.py:93} INFO -     self.send(msg)
[2026-04-05T07:15:08.047+0000] {subprocess.py:93} INFO -   File "/usr/local/lib/python3.8/http/client.py", line 951, in send
[2026-04-05T07:15:08.047+0000] {subprocess.py:93} INFO -     self.connect()
[2026-04-05T07:15:08.047+0000] {subprocess.py:93} INFO -   File "/home/***/.local/lib/python3.8/site-packages/urllib3/connection.py", line 205, in connect
[2026-04-05T07:15:08.048+0000] {subprocess.py:93} INFO -     conn = self._new_conn()
[2026-04-05T07:15:08.048+0000] {subprocess.py:93} INFO -   File "/home/***/.local/lib/python3.8/site-packages/urllib3/connection.py", line 186, in _new_conn
[2026-04-05T07:15:08.048+0000] {subprocess.py:93} INFO -     raise NewConnectionError(
[2026-04-05T07:15:08.049+0000] {subprocess.py:93} INFO - urllib3.exceptions.NewConnectionError: <urllib3.connection.HTTPConnection object at 0x754f158cc670>: Failed to establish a new connection: [Errno 111] Connection refused
[2026-04-05T07:15:08.049+0000] {subprocess.py:93} INFO - 
[2026-04-05T07:15:08.050+0000] {subprocess.py:93} INFO - During handling of the above exception, another exception occurred:
[2026-04-05T07:15:08.051+0000] {subprocess.py:93} INFO - 
[2026-04-05T07:15:08.051+0000] {subprocess.py:93} INFO - Traceback (most recent call last):
[2026-04-05T07:15:08.051+0000] {subprocess.py:93} INFO -   File "/opt/***/dags/scripts/scraper_glints.py", line 151, in <module>
[2026-04-05T07:15:08.052+0000] {subprocess.py:93} INFO -     data = run_scraper()
[2026-04-05T07:15:08.052+0000] {subprocess.py:93} INFO -   File "/opt/***/dags/scripts/scraper_glints.py", line 87, in run_scraper
[2026-04-05T07:15:08.053+0000] {subprocess.py:93} INFO -     driver = init_driver()
[2026-04-05T07:15:08.053+0000] {subprocess.py:93} INFO -   File "/opt/***/dags/scripts/scraper_glints.py", line 29, in init_driver
[2026-04-05T07:15:08.053+0000] {subprocess.py:93} INFO -     driver = webdriver.Remote(
[2026-04-05T07:15:08.054+0000] {subprocess.py:93} INFO -   File "/home/***/.local/lib/python3.8/site-packages/selenium/webdriver/remote/webdriver.py", line 241, in __init__
[2026-04-05T07:15:08.054+0000] {subprocess.py:93} INFO -     self.start_session(capabilities)
[2026-04-05T07:15:08.054+0000] {subprocess.py:93} INFO -   File "/home/***/.local/lib/python3.8/site-packages/selenium/webdriver/remote/webdriver.py", line 329, in start_session
[2026-04-05T07:15:08.055+0000] {subprocess.py:93} INFO -     response = self.execute(Command.NEW_SESSION, caps)["value"]
[2026-04-05T07:15:08.055+0000] {subprocess.py:93} INFO -   File "/home/***/.local/lib/python3.8/site-packages/selenium/webdriver/remote/webdriver.py", line 382, in execute
[2026-04-05T07:15:08.055+0000] {subprocess.py:93} INFO -     response = self.command_executor.execute(driver_command, params)
[2026-04-05T07:15:08.056+0000] {subprocess.py:93} INFO -   File "/home/***/.local/lib/python3.8/site-packages/selenium/webdriver/remote/remote_connection.py", line 404, in execute
[2026-04-05T07:15:08.056+0000] {subprocess.py:93} INFO -     return self._request(command_info[0], url, body=data)
[2026-04-05T07:15:08.056+0000] {subprocess.py:93} INFO -   File "/home/***/.local/lib/python3.8/site-packages/selenium/webdriver/remote/remote_connection.py", line 428, in _request
[2026-04-05T07:15:08.057+0000] {subprocess.py:93} INFO -     response = self._conn.request(method, url, body=body, headers=headers, timeout=self._client_config.timeout)
[2026-04-05T07:15:08.057+0000] {subprocess.py:93} INFO -   File "/home/***/.local/lib/python3.8/site-packages/urllib3/request.py", line 81, in request
[2026-04-05T07:15:08.057+0000] {subprocess.py:93} INFO -     return self.request_encode_body(
[2026-04-05T07:15:08.058+0000] {subprocess.py:93} INFO -   File "/home/***/.local/lib/python3.8/site-packages/urllib3/request.py", line 173, in request_encode_body
[2026-04-05T07:15:08.058+0000] {subprocess.py:93} INFO -     return self.urlopen(method, url, **extra_kw)
[2026-04-05T07:15:08.058+0000] {subprocess.py:93} INFO -   File "/home/***/.local/lib/python3.8/site-packages/urllib3/poolmanager.py", line 376, in urlopen
[2026-04-05T07:15:08.059+0000] {subprocess.py:93} INFO -     response = conn.urlopen(method, u.request_uri, **kw)
[2026-04-05T07:15:08.059+0000] {subprocess.py:93} INFO -   File "/home/***/.local/lib/python3.8/site-packages/urllib3/connectionpool.py", line 827, in urlopen
[2026-04-05T07:15:08.059+0000] {subprocess.py:93} INFO -     return self.urlopen(
[2026-04-05T07:15:08.060+0000] {subprocess.py:93} INFO -   File "/home/***/.local/lib/python3.8/site-packages/urllib3/connectionpool.py", line 827, in urlopen
[2026-04-05T07:15:08.060+0000] {subprocess.py:93} INFO -     return self.urlopen(
[2026-04-05T07:15:08.060+0000] {subprocess.py:93} INFO -   File "/home/***/.local/lib/python3.8/site-packages/urllib3/connectionpool.py", line 827, in urlopen
[2026-04-05T07:15:08.061+0000] {subprocess.py:93} INFO -     return self.urlopen(
[2026-04-05T07:15:08.061+0000] {subprocess.py:93} INFO -   File "/home/***/.local/lib/python3.8/site-packages/urllib3/connectionpool.py", line 799, in urlopen
[2026-04-05T07:15:08.062+0000] {subprocess.py:93} INFO -     retries = retries.increment(
[2026-04-05T07:15:08.062+0000] {subprocess.py:93} INFO -   File "/home/***/.local/lib/python3.8/site-packages/urllib3/util/retry.py", line 592, in increment
[2026-04-05T07:15:08.063+0000] {subprocess.py:93} INFO -     raise MaxRetryError(_pool, url, error or ResponseError(cause))
[2026-04-05T07:15:08.063+0000] {subprocess.py:93} INFO - urllib3.exceptions.MaxRetryError: HTTPConnectionPool(host='localhost', port=4444): Max retries exceeded with url: /wd/hub/session (Caused by NewConnectionError('<urllib3.connection.HTTPConnection object at 0x754f158cc670>: Failed to establish a new connection: [Errno 111] Connection refused'))
[2026-04-05T07:15:08.150+0000] {subprocess.py:97} INFO - Command exited with return code 1
[2026-04-05T07:15:08.163+0000] {taskinstance.py:2698} ERROR - Task failed with exception
Traceback (most recent call last):
  File "/home/airflow/.local/lib/python3.8/site-packages/airflow/models/taskinstance.py", line 433, in _execute_task
    result = execute_callable(context=context, **execute_callable_kwargs)
  File "/home/airflow/.local/lib/python3.8/site-packages/airflow/operators/bash.py", line 212, in execute
    raise AirflowException(
airflow.exceptions.AirflowException: Bash command failed. The command returned a non-zero exit code 1.
[2026-04-05T07:15:08.166+0000] {taskinstance.py:1138} INFO - Marking task as FAILED. dag_id=job_search_medallion_pipeline_v1, task_id=scrape_glints_to_bronze, execution_date=20260405T071003, start_date=20260405T071506, end_date=20260405T071508
[2026-04-05T07:15:08.187+0000] {standard_task_runner.py:107} ERROR - Failed to execute job 19 for task scrape_glints_to_bronze (Bash command failed. The command returned a non-zero exit code 1.; 199)
[2026-04-05T07:15:08.206+0000] {local_task_job_runner.py:234} INFO - Task exited with return code 1
[2026-04-05T07:15:08.226+0000] {taskinstance.py:3280} INFO - 0 downstream tasks scheduled from follow-on schedule check
