[2026-04-05T07:10:04.486+0000] {logging_mixin.py:188} INFO - Changing /opt/***/logs/dag_id=job_search_medallion_pipeline_v1/run_id=manual__2026-04-05T07:10:03.640007+00:00/task_id=scrape_glints_to_bronze permission to 509
[2026-04-05T07:10:04.487+0000] {logging_mixin.py:188} INFO - Failed to change /opt/***/logs/dag_id=job_search_medallion_pipeline_v1/run_id=manual__2026-04-05T07:10:03.640007+00:00/task_id=scrape_glints_to_bronze permission to 509: [Errno 1] Operation not permitted: '/opt/***/logs/dag_id=job_search_medallion_pipeline_v1/run_id=manual__2026-04-05T07:10:03.640007+00:00/task_id=scrape_glints_to_bronze'
[2026-04-05T07:10:04.524+0000] {logging_mixin.py:188} INFO - Changing /opt/***/logs/dag_id=job_search_medallion_pipeline_v1/run_id=manual__2026-04-05T07:10:03.640007+00:00/task_id=scrape_glints_to_bronze permission to 509
[2026-04-05T07:10:04.525+0000] {logging_mixin.py:188} INFO - Failed to change /opt/***/logs/dag_id=job_search_medallion_pipeline_v1/run_id=manual__2026-04-05T07:10:03.640007+00:00/task_id=scrape_glints_to_bronze permission to 509: [Errno 1] Operation not permitted: '/opt/***/logs/dag_id=job_search_medallion_pipeline_v1/run_id=manual__2026-04-05T07:10:03.640007+00:00/task_id=scrape_glints_to_bronze'
[2026-04-05T07:10:04.572+0000] {taskinstance.py:1956} INFO - Dependencies all met for dep_context=non-requeueable deps ti=<TaskInstance: job_search_medallion_pipeline_v1.scrape_glints_to_bronze manual__2026-04-05T07:10:03.640007+00:00 [queued]>
[2026-04-05T07:10:04.580+0000] {taskinstance.py:1956} INFO - Dependencies all met for dep_context=requeueable deps ti=<TaskInstance: job_search_medallion_pipeline_v1.scrape_glints_to_bronze manual__2026-04-05T07:10:03.640007+00:00 [queued]>
[2026-04-05T07:10:04.580+0000] {taskinstance.py:2170} INFO - Starting attempt 1 of 2
[2026-04-05T07:10:04.593+0000] {taskinstance.py:2191} INFO - Executing <Task(BashOperator): scrape_glints_to_bronze> on 2026-04-05 07:10:03.640007+00:00
[2026-04-05T07:10:04.600+0000] {standard_task_runner.py:60} INFO - Started process 288 to run task
[2026-04-05T07:10:04.604+0000] {standard_task_runner.py:87} INFO - Running: ['***', 'tasks', 'run', 'job_search_medallion_pipeline_v1', 'scrape_glints_to_bronze', 'manual__2026-04-05T07:10:03.640007+00:00', '--job-id', '13', '--raw', '--subdir', 'DAGS_FOLDER/job_scraper_dag.py', '--cfg-path', '/tmp/tmpcoxq1hud']
[2026-04-05T07:10:04.608+0000] {standard_task_runner.py:88} INFO - Job 13: Subtask scrape_glints_to_bronze
[2026-04-05T07:10:04.671+0000] {logging_mixin.py:188} INFO - Changing /opt/***/logs/dag_id=job_search_medallion_pipeline_v1/run_id=manual__2026-04-05T07:10:03.640007+00:00/task_id=scrape_glints_to_bronze permission to 509
[2026-04-05T07:10:04.671+0000] {logging_mixin.py:188} INFO - Failed to change /opt/***/logs/dag_id=job_search_medallion_pipeline_v1/run_id=manual__2026-04-05T07:10:03.640007+00:00/task_id=scrape_glints_to_bronze permission to 509: [Errno 1] Operation not permitted: '/opt/***/logs/dag_id=job_search_medallion_pipeline_v1/run_id=manual__2026-04-05T07:10:03.640007+00:00/task_id=scrape_glints_to_bronze'
[2026-04-05T07:10:04.680+0000] {task_command.py:423} INFO - Running <TaskInstance: job_search_medallion_pipeline_v1.scrape_glints_to_bronze manual__2026-04-05T07:10:03.640007+00:00 [running]> on host 6961edabcf5c
[2026-04-05T07:10:04.761+0000] {taskinstance.py:2480} INFO - Exporting env vars: AIRFLOW_CTX_DAG_OWNER='rafif' AIRFLOW_CTX_DAG_ID='job_search_medallion_pipeline_v1' AIRFLOW_CTX_TASK_ID='scrape_glints_to_bronze' AIRFLOW_CTX_EXECUTION_DATE='2026-04-05T07:10:03.640007+00:00' AIRFLOW_CTX_TRY_NUMBER='1' AIRFLOW_CTX_DAG_RUN_ID='manual__2026-04-05T07:10:03.640007+00:00'
[2026-04-05T07:10:04.763+0000] {subprocess.py:63} INFO - Tmp dir root location: /tmp
[2026-04-05T07:10:04.764+0000] {subprocess.py:75} INFO - Running command: ['/usr/bin/bash', '-c', 'python3 /opt/***/dags/scripts/scraper_glints.py']
[2026-04-05T07:10:04.777+0000] {subprocess.py:86} INFO - Output:
[2026-04-05T07:10:05.356+0000] {subprocess.py:93} INFO - Traceback (most recent call last):
[2026-04-05T07:10:05.357+0000] {subprocess.py:93} INFO -   File "/opt/***/dags/scripts/scraper_glints.py", line 5, in <module>
[2026-04-05T07:10:05.357+0000] {subprocess.py:93} INFO -     from selenium import webdriver
[2026-04-05T07:10:05.358+0000] {subprocess.py:93} INFO - ModuleNotFoundError: No module named 'selenium'
[2026-04-05T07:10:05.429+0000] {subprocess.py:97} INFO - Command exited with return code 1
[2026-04-05T07:10:05.441+0000] {taskinstance.py:2698} ERROR - Task failed with exception
Traceback (most recent call last):
  File "/home/airflow/.local/lib/python3.8/site-packages/airflow/models/taskinstance.py", line 433, in _execute_task
    result = execute_callable(context=context, **execute_callable_kwargs)
  File "/home/airflow/.local/lib/python3.8/site-packages/airflow/operators/bash.py", line 212, in execute
    raise AirflowException(
airflow.exceptions.AirflowException: Bash command failed. The command returned a non-zero exit code 1.
[2026-04-05T07:10:05.444+0000] {taskinstance.py:1138} INFO - Marking task as UP_FOR_RETRY. dag_id=job_search_medallion_pipeline_v1, task_id=scrape_glints_to_bronze, execution_date=20260405T071003, start_date=20260405T071004, end_date=20260405T071005
[2026-04-05T07:10:05.460+0000] {standard_task_runner.py:107} ERROR - Failed to execute job 13 for task scrape_glints_to_bronze (Bash command failed. The command returned a non-zero exit code 1.; 288)
[2026-04-05T07:10:05.492+0000] {local_task_job_runner.py:234} INFO - Task exited with return code 1
[2026-04-05T07:10:05.518+0000] {taskinstance.py:3280} INFO - 0 downstream tasks scheduled from follow-on schedule check
