[2026-04-05T07:37:05.860+0000] {logging_mixin.py:188} INFO - Changing /opt/***/logs/dag_id=job_search_medallion_pipeline_v1/run_id=manual__2026-04-05T07:10:03.640007+00:00/task_id=scrape_glints_to_bronze permission to 509
[2026-04-05T07:37:05.862+0000] {logging_mixin.py:188} INFO - Failed to change /opt/***/logs/dag_id=job_search_medallion_pipeline_v1/run_id=manual__2026-04-05T07:10:03.640007+00:00/task_id=scrape_glints_to_bronze permission to 509: [Errno 1] Operation not permitted: '/opt/***/logs/dag_id=job_search_medallion_pipeline_v1/run_id=manual__2026-04-05T07:10:03.640007+00:00/task_id=scrape_glints_to_bronze'
[2026-04-05T07:37:05.912+0000] {logging_mixin.py:188} INFO - Changing /opt/***/logs/dag_id=job_search_medallion_pipeline_v1/run_id=manual__2026-04-05T07:10:03.640007+00:00/task_id=scrape_glints_to_bronze permission to 509
[2026-04-05T07:37:05.913+0000] {logging_mixin.py:188} INFO - Failed to change /opt/***/logs/dag_id=job_search_medallion_pipeline_v1/run_id=manual__2026-04-05T07:10:03.640007+00:00/task_id=scrape_glints_to_bronze permission to 509: [Errno 1] Operation not permitted: '/opt/***/logs/dag_id=job_search_medallion_pipeline_v1/run_id=manual__2026-04-05T07:10:03.640007+00:00/task_id=scrape_glints_to_bronze'
[2026-04-05T07:37:05.965+0000] {taskinstance.py:1956} INFO - Dependencies all met for dep_context=non-requeueable deps ti=<TaskInstance: job_search_medallion_pipeline_v1.scrape_glints_to_bronze manual__2026-04-05T07:10:03.640007+00:00 [queued]>
[2026-04-05T07:37:05.976+0000] {taskinstance.py:1956} INFO - Dependencies all met for dep_context=requeueable deps ti=<TaskInstance: job_search_medallion_pipeline_v1.scrape_glints_to_bronze manual__2026-04-05T07:10:03.640007+00:00 [queued]>
[2026-04-05T07:37:05.977+0000] {taskinstance.py:2170} INFO - Starting attempt 4 of 5
[2026-04-05T07:37:05.994+0000] {taskinstance.py:2191} INFO - Executing <Task(BashOperator): scrape_glints_to_bronze> on 2026-04-05 07:10:03.640007+00:00
[2026-04-05T07:37:06.002+0000] {standard_task_runner.py:60} INFO - Started process 215 to run task
[2026-04-05T07:37:06.007+0000] {standard_task_runner.py:87} INFO - Running: ['***', 'tasks', 'run', 'job_search_medallion_pipeline_v1', 'scrape_glints_to_bronze', 'manual__2026-04-05T07:10:03.640007+00:00', '--job-id', '34', '--raw', '--subdir', 'DAGS_FOLDER/job_scraper_dag.py', '--cfg-path', '/tmp/tmp50e8jzrh']
[2026-04-05T07:37:06.012+0000] {standard_task_runner.py:88} INFO - Job 34: Subtask scrape_glints_to_bronze
[2026-04-05T07:37:06.081+0000] {logging_mixin.py:188} INFO - Changing /opt/***/logs/dag_id=job_search_medallion_pipeline_v1/run_id=manual__2026-04-05T07:10:03.640007+00:00/task_id=scrape_glints_to_bronze permission to 509
[2026-04-05T07:37:06.082+0000] {logging_mixin.py:188} INFO - Failed to change /opt/***/logs/dag_id=job_search_medallion_pipeline_v1/run_id=manual__2026-04-05T07:10:03.640007+00:00/task_id=scrape_glints_to_bronze permission to 509: [Errno 1] Operation not permitted: '/opt/***/logs/dag_id=job_search_medallion_pipeline_v1/run_id=manual__2026-04-05T07:10:03.640007+00:00/task_id=scrape_glints_to_bronze'
[2026-04-05T07:37:06.091+0000] {task_command.py:423} INFO - Running <TaskInstance: job_search_medallion_pipeline_v1.scrape_glints_to_bronze manual__2026-04-05T07:10:03.640007+00:00 [running]> on host 14c85699bf15
[2026-04-05T07:37:06.197+0000] {taskinstance.py:2480} INFO - Exporting env vars: AIRFLOW_CTX_DAG_OWNER='rafif' AIRFLOW_CTX_DAG_ID='job_search_medallion_pipeline_v1' AIRFLOW_CTX_TASK_ID='scrape_glints_to_bronze' AIRFLOW_CTX_EXECUTION_DATE='2026-04-05T07:10:03.640007+00:00' AIRFLOW_CTX_TRY_NUMBER='4' AIRFLOW_CTX_DAG_RUN_ID='manual__2026-04-05T07:10:03.640007+00:00'
[2026-04-05T07:37:06.199+0000] {subprocess.py:63} INFO - Tmp dir root location: /tmp
[2026-04-05T07:37:06.200+0000] {subprocess.py:75} INFO - Running command: ['/usr/bin/bash', '-c', 'python3 /opt/***/dags/scripts/scraper_glints.py']
[2026-04-05T07:37:06.212+0000] {subprocess.py:86} INFO - Output:
[2026-04-05T07:38:30.570+0000] {subprocess.py:93} INFO - Menghubungkan ke Selenium Grid di Docker...
[2026-04-05T07:38:30.571+0000] {subprocess.py:93} INFO - Mencoba login Glints ID: gigachaacc2@gmail.com...
[2026-04-05T07:38:30.573+0000] {subprocess.py:93} INFO - -> Mengetuk pintu 'Masuk dengan Email'...
[2026-04-05T07:38:30.574+0000] {subprocess.py:93} INFO - ❌ Login Gagal di tengah jalan: Message:
[2026-04-05T07:38:30.574+0000] {subprocess.py:93} INFO - Stacktrace:
[2026-04-05T07:38:30.575+0000] {subprocess.py:93} INFO - #0 0x5e5239632b6a <unknown>
[2026-04-05T07:38:30.575+0000] {subprocess.py:93} INFO - #1 0x5e5239045a32 <unknown>
[2026-04-05T07:38:30.576+0000] {subprocess.py:93} INFO - #2 0x5e523909ad66 <unknown>
[2026-04-05T07:38:30.576+0000] {subprocess.py:93} INFO - #3 0x5e523909afa1 <unknown>
[2026-04-05T07:38:30.576+0000] {subprocess.py:93} INFO - #4 0x5e52390e6144 <unknown>
[2026-04-05T07:38:30.577+0000] {subprocess.py:93} INFO - #5 0x5e52390e3369 <unknown>
[2026-04-05T07:38:30.577+0000] {subprocess.py:93} INFO - #6 0x5e523908cc0f <unknown>
[2026-04-05T07:38:30.578+0000] {subprocess.py:93} INFO - #7 0x5e523908d9d1 <unknown>
[2026-04-05T07:38:30.579+0000] {subprocess.py:93} INFO - #8 0x5e52395f76b9 <unknown>
[2026-04-05T07:38:30.579+0000] {subprocess.py:93} INFO - #9 0x5e52395fa5c1 <unknown>
[2026-04-05T07:38:30.579+0000] {subprocess.py:93} INFO - #10 0x5e52395e3e29 <unknown>
[2026-04-05T07:38:30.580+0000] {subprocess.py:93} INFO - #11 0x5e52395fb17e <unknown>
[2026-04-05T07:38:30.581+0000] {subprocess.py:93} INFO - #12 0x5e52395ca4b0 <unknown>
[2026-04-05T07:38:30.581+0000] {subprocess.py:93} INFO - #13 0x5e523961f578 <unknown>
[2026-04-05T07:38:30.581+0000] {subprocess.py:93} INFO - #14 0x5e523961f74b <unknown>
[2026-04-05T07:38:30.582+0000] {subprocess.py:93} INFO - #15 0x5e52396311a3 <unknown>
[2026-04-05T07:38:30.582+0000] {subprocess.py:93} INFO - #16 0x76b409884aa4 <unknown>
[2026-04-05T07:38:30.582+0000] {subprocess.py:93} INFO - #17 0x76b409911a64 __clone
[2026-04-05T07:38:30.583+0000] {subprocess.py:93} INFO - 
[2026-04-05T07:38:30.583+0000] {subprocess.py:93} INFO - -> Cek screenshot di data/error_login_gatekeeper.png
[2026-04-05T07:38:30.584+0000] {subprocess.py:93} INFO - 
[2026-04-05T07:38:30.584+0000] {subprocess.py:93} INFO - --- Mengambil Halaman 1 ---
[2026-04-05T07:38:30.584+0000] {subprocess.py:93} INFO - Data tidak ditemukan di halaman 1. Berhenti.
[2026-04-05T07:38:30.585+0000] {subprocess.py:93} INFO - ❌ Tidak ada data Glints yang didapat.
[2026-04-05T07:38:30.782+0000] {subprocess.py:97} INFO - Command exited with return code 0
[2026-04-05T07:38:30.817+0000] {taskinstance.py:1138} INFO - Marking task as SUCCESS. dag_id=job_search_medallion_pipeline_v1, task_id=scrape_glints_to_bronze, execution_date=20260405T071003, start_date=20260405T073705, end_date=20260405T073830
[2026-04-05T07:38:30.863+0000] {local_task_job_runner.py:234} INFO - Task exited with return code 0
[2026-04-05T07:38:30.886+0000] {taskinstance.py:3280} INFO - 1 downstream tasks scheduled from follow-on schedule check
