[2026-04-05T08:10:44.673+0000] {logging_mixin.py:188} INFO - Changing /opt/***/logs/dag_id=job_search_medallion_pipeline_v1/run_id=manual__2026-04-05T07:10:03.640007+00:00/task_id=scrape_glints_to_bronze permission to 509
[2026-04-05T08:10:44.674+0000] {logging_mixin.py:188} INFO - Failed to change /opt/***/logs/dag_id=job_search_medallion_pipeline_v1/run_id=manual__2026-04-05T07:10:03.640007+00:00/task_id=scrape_glints_to_bronze permission to 509: [Errno 1] Operation not permitted: '/opt/***/logs/dag_id=job_search_medallion_pipeline_v1/run_id=manual__2026-04-05T07:10:03.640007+00:00/task_id=scrape_glints_to_bronze'
[2026-04-05T08:10:44.727+0000] {logging_mixin.py:188} INFO - Changing /opt/***/logs/dag_id=job_search_medallion_pipeline_v1/run_id=manual__2026-04-05T07:10:03.640007+00:00/task_id=scrape_glints_to_bronze permission to 509
[2026-04-05T08:10:44.728+0000] {logging_mixin.py:188} INFO - Failed to change /opt/***/logs/dag_id=job_search_medallion_pipeline_v1/run_id=manual__2026-04-05T07:10:03.640007+00:00/task_id=scrape_glints_to_bronze permission to 509: [Errno 1] Operation not permitted: '/opt/***/logs/dag_id=job_search_medallion_pipeline_v1/run_id=manual__2026-04-05T07:10:03.640007+00:00/task_id=scrape_glints_to_bronze'
[2026-04-05T08:10:44.778+0000] {taskinstance.py:1956} INFO - Dependencies all met for dep_context=non-requeueable deps ti=<TaskInstance: job_search_medallion_pipeline_v1.scrape_glints_to_bronze manual__2026-04-05T07:10:03.640007+00:00 [queued]>
[2026-04-05T08:10:44.788+0000] {taskinstance.py:1956} INFO - Dependencies all met for dep_context=requeueable deps ti=<TaskInstance: job_search_medallion_pipeline_v1.scrape_glints_to_bronze manual__2026-04-05T07:10:03.640007+00:00 [queued]>
[2026-04-05T08:10:44.788+0000] {taskinstance.py:2170} INFO - Starting attempt 8 of 9
[2026-04-05T08:10:44.808+0000] {taskinstance.py:2191} INFO - Executing <Task(BashOperator): scrape_glints_to_bronze> on 2026-04-05 07:10:03.640007+00:00
[2026-04-05T08:10:44.817+0000] {standard_task_runner.py:60} INFO - Started process 200 to run task
[2026-04-05T08:10:44.821+0000] {standard_task_runner.py:87} INFO - Running: ['***', 'tasks', 'run', 'job_search_medallion_pipeline_v1', 'scrape_glints_to_bronze', 'manual__2026-04-05T07:10:03.640007+00:00', '--job-id', '56', '--raw', '--subdir', 'DAGS_FOLDER/job_scraper_dag.py', '--cfg-path', '/tmp/tmpezjsliv9']
[2026-04-05T08:10:44.824+0000] {standard_task_runner.py:88} INFO - Job 56: Subtask scrape_glints_to_bronze
[2026-04-05T08:10:44.897+0000] {logging_mixin.py:188} INFO - Changing /opt/***/logs/dag_id=job_search_medallion_pipeline_v1/run_id=manual__2026-04-05T07:10:03.640007+00:00/task_id=scrape_glints_to_bronze permission to 509
[2026-04-05T08:10:44.897+0000] {logging_mixin.py:188} INFO - Failed to change /opt/***/logs/dag_id=job_search_medallion_pipeline_v1/run_id=manual__2026-04-05T07:10:03.640007+00:00/task_id=scrape_glints_to_bronze permission to 509: [Errno 1] Operation not permitted: '/opt/***/logs/dag_id=job_search_medallion_pipeline_v1/run_id=manual__2026-04-05T07:10:03.640007+00:00/task_id=scrape_glints_to_bronze'
[2026-04-05T08:10:44.909+0000] {task_command.py:423} INFO - Running <TaskInstance: job_search_medallion_pipeline_v1.scrape_glints_to_bronze manual__2026-04-05T07:10:03.640007+00:00 [running]> on host fa0bf68e89d0
[2026-04-05T08:10:45.001+0000] {taskinstance.py:2480} INFO - Exporting env vars: AIRFLOW_CTX_DAG_OWNER='rafif' AIRFLOW_CTX_DAG_ID='job_search_medallion_pipeline_v1' AIRFLOW_CTX_TASK_ID='scrape_glints_to_bronze' AIRFLOW_CTX_EXECUTION_DATE='2026-04-05T07:10:03.640007+00:00' AIRFLOW_CTX_TRY_NUMBER='8' AIRFLOW_CTX_DAG_RUN_ID='manual__2026-04-05T07:10:03.640007+00:00'
[2026-04-05T08:10:45.002+0000] {subprocess.py:63} INFO - Tmp dir root location: /tmp
[2026-04-05T08:10:45.003+0000] {subprocess.py:75} INFO - Running command: ['/usr/bin/bash', '-c', 'python3 /opt/***/dags/scripts/scraper_glints.py']
[2026-04-05T08:10:45.016+0000] {subprocess.py:86} INFO - Output:
[2026-04-05T08:12:06.455+0000] {subprocess.py:93} INFO - Mencoba login Glints ID: gigachaacc2@gmail.com...
[2026-04-05T08:12:06.456+0000] {subprocess.py:93} INFO - -> Mengetuk pintu 'Masuk dengan Email'...
[2026-04-05T08:12:06.457+0000] {subprocess.py:93} INFO - ❌ Login Gagal: Message:
[2026-04-05T08:12:06.458+0000] {subprocess.py:93} INFO - Stacktrace:
[2026-04-05T08:12:06.458+0000] {subprocess.py:93} INFO - #0 0x5d39c0ff0b6a <unknown>
[2026-04-05T08:12:06.459+0000] {subprocess.py:93} INFO - #1 0x5d39c0a03a32 <unknown>
[2026-04-05T08:12:06.459+0000] {subprocess.py:93} INFO - #2 0x5d39c0a58d66 <unknown>
[2026-04-05T08:12:06.459+0000] {subprocess.py:93} INFO - #3 0x5d39c0a58fa1 <unknown>
[2026-04-05T08:12:06.460+0000] {subprocess.py:93} INFO - #4 0x5d39c0aa4144 <unknown>
[2026-04-05T08:12:06.460+0000] {subprocess.py:93} INFO - #5 0x5d39c0aa1369 <unknown>
[2026-04-05T08:12:06.461+0000] {subprocess.py:93} INFO - #6 0x5d39c0a4ac0f <unknown>
[2026-04-05T08:12:06.461+0000] {subprocess.py:93} INFO - #7 0x5d39c0a4b9d1 <unknown>
[2026-04-05T08:12:06.461+0000] {subprocess.py:93} INFO - #8 0x5d39c0fb56b9 <unknown>
[2026-04-05T08:12:06.461+0000] {subprocess.py:93} INFO - #9 0x5d39c0fb85c1 <unknown>
[2026-04-05T08:12:06.462+0000] {subprocess.py:93} INFO - #10 0x5d39c0fa1e29 <unknown>
[2026-04-05T08:12:06.462+0000] {subprocess.py:93} INFO - #11 0x5d39c0fb917e <unknown>
[2026-04-05T08:12:06.462+0000] {subprocess.py:93} INFO - #12 0x5d39c0f884b0 <unknown>
[2026-04-05T08:12:06.463+0000] {subprocess.py:93} INFO - #13 0x5d39c0fdd578 <unknown>
[2026-04-05T08:12:06.463+0000] {subprocess.py:93} INFO - #14 0x5d39c0fdd74b <unknown>
[2026-04-05T08:12:06.463+0000] {subprocess.py:93} INFO - #15 0x5d39c0fef1a3 <unknown>
[2026-04-05T08:12:06.464+0000] {subprocess.py:93} INFO - #16 0x77e1aeb0caa4 <unknown>
[2026-04-05T08:12:06.464+0000] {subprocess.py:93} INFO - #17 0x77e1aeb99a64 __clone
[2026-04-05T08:12:06.464+0000] {subprocess.py:93} INFO - 
[2026-04-05T08:12:06.464+0000] {subprocess.py:93} INFO - -> Foto TKP sudah dikirim ke: /opt/***/data/error_login_gatekeeper.png
[2026-04-05T08:12:06.465+0000] {subprocess.py:93} INFO - 
[2026-04-05T08:12:06.465+0000] {subprocess.py:93} INFO - --- Mengambil Halaman 1 ---
[2026-04-05T08:12:06.465+0000] {subprocess.py:93} INFO - Data tidak ditemukan di halaman 1. Berhenti.
[2026-04-05T08:12:06.466+0000] {subprocess.py:93} INFO - ❌ Tidak ada data Glints yang didapat.
[2026-04-05T08:12:06.549+0000] {subprocess.py:97} INFO - Command exited with return code 0
[2026-04-05T08:12:06.586+0000] {taskinstance.py:1138} INFO - Marking task as SUCCESS. dag_id=job_search_medallion_pipeline_v1, task_id=scrape_glints_to_bronze, execution_date=20260405T071003, start_date=20260405T081044, end_date=20260405T081206
[2026-04-05T08:12:06.619+0000] {local_task_job_runner.py:234} INFO - Task exited with return code 0
[2026-04-05T08:12:06.640+0000] {taskinstance.py:3280} INFO - 1 downstream tasks scheduled from follow-on schedule check
