[2026-04-05T08:23:49.115+0000] {logging_mixin.py:188} INFO - Changing /opt/***/logs/dag_id=job_search_medallion_pipeline_v1/run_id=manual__2026-04-05T08:17:55.972829+00:00/task_id=scrape_glints_to_bronze permission to 509
[2026-04-05T08:23:49.116+0000] {logging_mixin.py:188} INFO - Failed to change /opt/***/logs/dag_id=job_search_medallion_pipeline_v1/run_id=manual__2026-04-05T08:17:55.972829+00:00/task_id=scrape_glints_to_bronze permission to 509: [Errno 1] Operation not permitted: '/opt/***/logs/dag_id=job_search_medallion_pipeline_v1/run_id=manual__2026-04-05T08:17:55.972829+00:00/task_id=scrape_glints_to_bronze'
[2026-04-05T08:23:49.194+0000] {logging_mixin.py:188} INFO - Changing /opt/***/logs/dag_id=job_search_medallion_pipeline_v1/run_id=manual__2026-04-05T08:17:55.972829+00:00/task_id=scrape_glints_to_bronze permission to 509
[2026-04-05T08:23:49.195+0000] {logging_mixin.py:188} INFO - Failed to change /opt/***/logs/dag_id=job_search_medallion_pipeline_v1/run_id=manual__2026-04-05T08:17:55.972829+00:00/task_id=scrape_glints_to_bronze permission to 509: [Errno 1] Operation not permitted: '/opt/***/logs/dag_id=job_search_medallion_pipeline_v1/run_id=manual__2026-04-05T08:17:55.972829+00:00/task_id=scrape_glints_to_bronze'
[2026-04-05T08:23:49.247+0000] {taskinstance.py:1956} INFO - Dependencies all met for dep_context=non-requeueable deps ti=<TaskInstance: job_search_medallion_pipeline_v1.scrape_glints_to_bronze manual__2026-04-05T08:17:55.972829+00:00 [queued]>
[2026-04-05T08:23:49.272+0000] {taskinstance.py:1956} INFO - Dependencies all met for dep_context=requeueable deps ti=<TaskInstance: job_search_medallion_pipeline_v1.scrape_glints_to_bronze manual__2026-04-05T08:17:55.972829+00:00 [queued]>
[2026-04-05T08:23:49.272+0000] {taskinstance.py:2170} INFO - Starting attempt 2 of 2
[2026-04-05T08:23:49.288+0000] {taskinstance.py:2191} INFO - Executing <Task(BashOperator): scrape_glints_to_bronze> on 2026-04-05 08:17:55.972829+00:00
[2026-04-05T08:23:49.294+0000] {standard_task_runner.py:60} INFO - Started process 205 to run task
[2026-04-05T08:23:49.297+0000] {standard_task_runner.py:87} INFO - Running: ['***', 'tasks', 'run', 'job_search_medallion_pipeline_v1', 'scrape_glints_to_bronze', 'manual__2026-04-05T08:17:55.972829+00:00', '--job-id', '63', '--raw', '--subdir', 'DAGS_FOLDER/job_scraper_dag.py', '--cfg-path', '/tmp/tmpdnt_29qv']
[2026-04-05T08:23:49.300+0000] {standard_task_runner.py:88} INFO - Job 63: Subtask scrape_glints_to_bronze
[2026-04-05T08:23:49.359+0000] {logging_mixin.py:188} INFO - Changing /opt/***/logs/dag_id=job_search_medallion_pipeline_v1/run_id=manual__2026-04-05T08:17:55.972829+00:00/task_id=scrape_glints_to_bronze permission to 509
[2026-04-05T08:23:49.359+0000] {logging_mixin.py:188} INFO - Failed to change /opt/***/logs/dag_id=job_search_medallion_pipeline_v1/run_id=manual__2026-04-05T08:17:55.972829+00:00/task_id=scrape_glints_to_bronze permission to 509: [Errno 1] Operation not permitted: '/opt/***/logs/dag_id=job_search_medallion_pipeline_v1/run_id=manual__2026-04-05T08:17:55.972829+00:00/task_id=scrape_glints_to_bronze'
[2026-04-05T08:23:49.368+0000] {task_command.py:423} INFO - Running <TaskInstance: job_search_medallion_pipeline_v1.scrape_glints_to_bronze manual__2026-04-05T08:17:55.972829+00:00 [running]> on host fa0bf68e89d0
[2026-04-05T08:23:49.453+0000] {taskinstance.py:2480} INFO - Exporting env vars: AIRFLOW_CTX_DAG_OWNER='rafif' AIRFLOW_CTX_DAG_ID='job_search_medallion_pipeline_v1' AIRFLOW_CTX_TASK_ID='scrape_glints_to_bronze' AIRFLOW_CTX_EXECUTION_DATE='2026-04-05T08:17:55.972829+00:00' AIRFLOW_CTX_TRY_NUMBER='2' AIRFLOW_CTX_DAG_RUN_ID='manual__2026-04-05T08:17:55.972829+00:00'
[2026-04-05T08:23:49.454+0000] {subprocess.py:63} INFO - Tmp dir root location: /tmp
[2026-04-05T08:23:49.456+0000] {subprocess.py:75} INFO - Running command: ['/usr/bin/bash', '-c', 'python3 /opt/***/dags/scripts/scraper_glints.py']
[2026-04-05T08:23:49.468+0000] {subprocess.py:86} INFO - Output:
[2026-04-05T08:24:22.882+0000] {subprocess.py:93} INFO - Mencoba login Glints ID: gigachaacc2@gmail.com...
[2026-04-05T08:24:22.883+0000] {subprocess.py:93} INFO - -> Mengetuk pintu 'Masuk dengan Email'...
[2026-04-05T08:24:22.883+0000] {subprocess.py:93} INFO - ❌ Login Gagal: Message:
[2026-04-05T08:24:22.884+0000] {subprocess.py:93} INFO - Stacktrace:
[2026-04-05T08:24:22.884+0000] {subprocess.py:93} INFO - #0 0x5c6963815b6a <unknown>
[2026-04-05T08:24:22.885+0000] {subprocess.py:93} INFO - #1 0x5c6963228a32 <unknown>
[2026-04-05T08:24:22.886+0000] {subprocess.py:93} INFO - #2 0x5c696327dd66 <unknown>
[2026-04-05T08:24:22.887+0000] {subprocess.py:93} INFO - #3 0x5c696327dfa1 <unknown>
[2026-04-05T08:24:22.887+0000] {subprocess.py:93} INFO - #4 0x5c69632c9144 <unknown>
[2026-04-05T08:24:22.888+0000] {subprocess.py:93} INFO - #5 0x5c69632c6369 <unknown>
[2026-04-05T08:24:22.888+0000] {subprocess.py:93} INFO - #6 0x5c696326fc0f <unknown>
[2026-04-05T08:24:22.888+0000] {subprocess.py:93} INFO - #7 0x5c69632709d1 <unknown>
[2026-04-05T08:24:22.889+0000] {subprocess.py:93} INFO - #8 0x5c69637da6b9 <unknown>
[2026-04-05T08:24:22.889+0000] {subprocess.py:93} INFO - #9 0x5c69637dd5c1 <unknown>
[2026-04-05T08:24:22.889+0000] {subprocess.py:93} INFO - #10 0x5c69637c6e29 <unknown>
[2026-04-05T08:24:22.890+0000] {subprocess.py:93} INFO - #11 0x5c69637de17e <unknown>
[2026-04-05T08:24:22.890+0000] {subprocess.py:93} INFO - #12 0x5c69637ad4b0 <unknown>
[2026-04-05T08:24:22.890+0000] {subprocess.py:93} INFO - #13 0x5c6963802578 <unknown>
[2026-04-05T08:24:22.891+0000] {subprocess.py:93} INFO - #14 0x5c696380274b <unknown>
[2026-04-05T08:24:22.891+0000] {subprocess.py:93} INFO - #15 0x5c69638141a3 <unknown>
[2026-04-05T08:24:22.891+0000] {subprocess.py:93} INFO - #16 0x797b9692caa4 <unknown>
[2026-04-05T08:24:22.892+0000] {subprocess.py:93} INFO - #17 0x797b969b9a64 __clone
[2026-04-05T08:24:22.892+0000] {subprocess.py:93} INFO - 
[2026-04-05T08:24:22.893+0000] {subprocess.py:93} INFO - -> Foto TKP sudah dikirim ke: /opt/***/data/error_login_gatekeeper.png
[2026-04-05T08:24:22.893+0000] {subprocess.py:93} INFO - 
[2026-04-05T08:24:22.893+0000] {subprocess.py:93} INFO - --- Mengambil Halaman 1 ---
[2026-04-05T08:24:22.894+0000] {subprocess.py:93} INFO - Data tidak ditemukan di halaman 1. Berhenti.
[2026-04-05T08:24:22.894+0000] {subprocess.py:93} INFO - ❌ Tidak ada data Glints yang didapat.
[2026-04-05T08:24:22.974+0000] {subprocess.py:97} INFO - Command exited with return code 0
[2026-04-05T08:24:23.008+0000] {taskinstance.py:1138} INFO - Marking task as SUCCESS. dag_id=job_search_medallion_pipeline_v1, task_id=scrape_glints_to_bronze, execution_date=20260405T081755, start_date=20260405T082349, end_date=20260405T082423
[2026-04-05T08:24:23.057+0000] {local_task_job_runner.py:234} INFO - Task exited with return code 0
[2026-04-05T08:24:23.079+0000] {taskinstance.py:3280} INFO - 1 downstream tasks scheduled from follow-on schedule check
