[2026-04-05T08:17:56.977+0000] {logging_mixin.py:188} INFO - Changing /opt/***/logs/dag_id=job_search_medallion_pipeline_v1/run_id=manual__2026-04-05T08:17:55.972829+00:00/task_id=scrape_glints_to_bronze permission to 509
[2026-04-05T08:17:56.978+0000] {logging_mixin.py:188} INFO - Failed to change /opt/***/logs/dag_id=job_search_medallion_pipeline_v1/run_id=manual__2026-04-05T08:17:55.972829+00:00/task_id=scrape_glints_to_bronze permission to 509: [Errno 1] Operation not permitted: '/opt/***/logs/dag_id=job_search_medallion_pipeline_v1/run_id=manual__2026-04-05T08:17:55.972829+00:00/task_id=scrape_glints_to_bronze'
[2026-04-05T08:17:57.019+0000] {logging_mixin.py:188} INFO - Changing /opt/***/logs/dag_id=job_search_medallion_pipeline_v1/run_id=manual__2026-04-05T08:17:55.972829+00:00/task_id=scrape_glints_to_bronze permission to 509
[2026-04-05T08:17:57.020+0000] {logging_mixin.py:188} INFO - Failed to change /opt/***/logs/dag_id=job_search_medallion_pipeline_v1/run_id=manual__2026-04-05T08:17:55.972829+00:00/task_id=scrape_glints_to_bronze permission to 509: [Errno 1] Operation not permitted: '/opt/***/logs/dag_id=job_search_medallion_pipeline_v1/run_id=manual__2026-04-05T08:17:55.972829+00:00/task_id=scrape_glints_to_bronze'
[2026-04-05T08:17:57.061+0000] {taskinstance.py:1956} INFO - Dependencies all met for dep_context=non-requeueable deps ti=<TaskInstance: job_search_medallion_pipeline_v1.scrape_glints_to_bronze manual__2026-04-05T08:17:55.972829+00:00 [queued]>
[2026-04-05T08:17:57.068+0000] {taskinstance.py:1956} INFO - Dependencies all met for dep_context=requeueable deps ti=<TaskInstance: job_search_medallion_pipeline_v1.scrape_glints_to_bronze manual__2026-04-05T08:17:55.972829+00:00 [queued]>
[2026-04-05T08:17:57.068+0000] {taskinstance.py:2170} INFO - Starting attempt 1 of 2
[2026-04-05T08:17:57.079+0000] {taskinstance.py:2191} INFO - Executing <Task(BashOperator): scrape_glints_to_bronze> on 2026-04-05 08:17:55.972829+00:00
[2026-04-05T08:17:57.088+0000] {standard_task_runner.py:60} INFO - Started process 196 to run task
[2026-04-05T08:17:57.092+0000] {standard_task_runner.py:87} INFO - Running: ['***', 'tasks', 'run', 'job_search_medallion_pipeline_v1', 'scrape_glints_to_bronze', 'manual__2026-04-05T08:17:55.972829+00:00', '--job-id', '61', '--raw', '--subdir', 'DAGS_FOLDER/job_scraper_dag.py', '--cfg-path', '/tmp/tmpvtt8ndh4']
[2026-04-05T08:17:57.095+0000] {standard_task_runner.py:88} INFO - Job 61: Subtask scrape_glints_to_bronze
[2026-04-05T08:17:57.149+0000] {logging_mixin.py:188} INFO - Changing /opt/***/logs/dag_id=job_search_medallion_pipeline_v1/run_id=manual__2026-04-05T08:17:55.972829+00:00/task_id=scrape_glints_to_bronze permission to 509
[2026-04-05T08:17:57.150+0000] {logging_mixin.py:188} INFO - Failed to change /opt/***/logs/dag_id=job_search_medallion_pipeline_v1/run_id=manual__2026-04-05T08:17:55.972829+00:00/task_id=scrape_glints_to_bronze permission to 509: [Errno 1] Operation not permitted: '/opt/***/logs/dag_id=job_search_medallion_pipeline_v1/run_id=manual__2026-04-05T08:17:55.972829+00:00/task_id=scrape_glints_to_bronze'
[2026-04-05T08:17:57.159+0000] {task_command.py:423} INFO - Running <TaskInstance: job_search_medallion_pipeline_v1.scrape_glints_to_bronze manual__2026-04-05T08:17:55.972829+00:00 [running]> on host fa0bf68e89d0
[2026-04-05T08:17:57.245+0000] {taskinstance.py:2480} INFO - Exporting env vars: AIRFLOW_CTX_DAG_OWNER='rafif' AIRFLOW_CTX_DAG_ID='job_search_medallion_pipeline_v1' AIRFLOW_CTX_TASK_ID='scrape_glints_to_bronze' AIRFLOW_CTX_EXECUTION_DATE='2026-04-05T08:17:55.972829+00:00' AIRFLOW_CTX_TRY_NUMBER='1' AIRFLOW_CTX_DAG_RUN_ID='manual__2026-04-05T08:17:55.972829+00:00'
[2026-04-05T08:17:57.246+0000] {subprocess.py:63} INFO - Tmp dir root location: /tmp
[2026-04-05T08:17:57.247+0000] {subprocess.py:75} INFO - Running command: ['/usr/bin/bash', '-c', 'python3 /opt/***/dags/scripts/scraper_glints.py']
[2026-04-05T08:17:57.260+0000] {subprocess.py:86} INFO - Output:
[2026-04-05T08:18:47.932+0000] {subprocess.py:93} INFO - Menghubungkan ke Selenium Grid dengan Super Stealth...
[2026-04-05T08:18:47.945+0000] {subprocess.py:93} INFO - Traceback (most recent call last):
[2026-04-05T08:18:47.946+0000] {subprocess.py:93} INFO -   File "/opt/***/dags/scripts/scraper_glints.py", line 155, in <module>
[2026-04-05T08:18:47.947+0000] {subprocess.py:93} INFO -     data = run_scraper()
[2026-04-05T08:18:47.947+0000] {subprocess.py:93} INFO -   File "/opt/***/dags/scripts/scraper_glints.py", line 91, in run_scraper
[2026-04-05T08:18:47.947+0000] {subprocess.py:93} INFO -     driver = init_driver()
[2026-04-05T08:18:47.948+0000] {subprocess.py:93} INFO -   File "/opt/***/dags/scripts/scraper_glints.py", line 44, in init_driver
[2026-04-05T08:18:47.948+0000] {subprocess.py:93} INFO -     driver.execute_cdp_cmd('Network.setUserAgentOverride', {"userAgent": user_agent})
[2026-04-05T08:18:47.949+0000] {subprocess.py:93} INFO - AttributeError: 'WebDriver' object has no attribute 'execute_cdp_cmd'
[2026-04-05T08:18:48.064+0000] {subprocess.py:97} INFO - Command exited with return code 1
[2026-04-05T08:18:48.076+0000] {taskinstance.py:2698} ERROR - Task failed with exception
Traceback (most recent call last):
  File "/home/airflow/.local/lib/python3.8/site-packages/airflow/models/taskinstance.py", line 433, in _execute_task
    result = execute_callable(context=context, **execute_callable_kwargs)
  File "/home/airflow/.local/lib/python3.8/site-packages/airflow/operators/bash.py", line 212, in execute
    raise AirflowException(
airflow.exceptions.AirflowException: Bash command failed. The command returned a non-zero exit code 1.
[2026-04-05T08:18:48.079+0000] {taskinstance.py:1138} INFO - Marking task as UP_FOR_RETRY. dag_id=job_search_medallion_pipeline_v1, task_id=scrape_glints_to_bronze, execution_date=20260405T081755, start_date=20260405T081757, end_date=20260405T081848
[2026-04-05T08:18:48.091+0000] {standard_task_runner.py:107} ERROR - Failed to execute job 61 for task scrape_glints_to_bronze (Bash command failed. The command returned a non-zero exit code 1.; 196)
[2026-04-05T08:18:48.121+0000] {local_task_job_runner.py:234} INFO - Task exited with return code 1
[2026-04-05T08:18:48.141+0000] {taskinstance.py:3280} INFO - 0 downstream tasks scheduled from follow-on schedule check
