[2026-04-05T07:48:50.102+0000] {logging_mixin.py:188} INFO - Changing /opt/***/logs/dag_id=job_search_medallion_pipeline_v1/run_id=manual__2026-04-05T07:10:03.640007+00:00/task_id=scrape_jobstreet_to_bronze permission to 509
[2026-04-05T07:48:50.102+0000] {logging_mixin.py:188} INFO - Failed to change /opt/***/logs/dag_id=job_search_medallion_pipeline_v1/run_id=manual__2026-04-05T07:10:03.640007+00:00/task_id=scrape_jobstreet_to_bronze permission to 509: [Errno 1] Operation not permitted: '/opt/***/logs/dag_id=job_search_medallion_pipeline_v1/run_id=manual__2026-04-05T07:10:03.640007+00:00/task_id=scrape_jobstreet_to_bronze'
[2026-04-05T07:48:50.158+0000] {logging_mixin.py:188} INFO - Changing /opt/***/logs/dag_id=job_search_medallion_pipeline_v1/run_id=manual__2026-04-05T07:10:03.640007+00:00/task_id=scrape_jobstreet_to_bronze permission to 509
[2026-04-05T07:48:50.159+0000] {logging_mixin.py:188} INFO - Failed to change /opt/***/logs/dag_id=job_search_medallion_pipeline_v1/run_id=manual__2026-04-05T07:10:03.640007+00:00/task_id=scrape_jobstreet_to_bronze permission to 509: [Errno 1] Operation not permitted: '/opt/***/logs/dag_id=job_search_medallion_pipeline_v1/run_id=manual__2026-04-05T07:10:03.640007+00:00/task_id=scrape_jobstreet_to_bronze'
[2026-04-05T07:48:50.206+0000] {taskinstance.py:1956} INFO - Dependencies all met for dep_context=non-requeueable deps ti=<TaskInstance: job_search_medallion_pipeline_v1.scrape_jobstreet_to_bronze manual__2026-04-05T07:10:03.640007+00:00 [queued]>
[2026-04-05T07:48:50.216+0000] {taskinstance.py:1956} INFO - Dependencies all met for dep_context=requeueable deps ti=<TaskInstance: job_search_medallion_pipeline_v1.scrape_jobstreet_to_bronze manual__2026-04-05T07:10:03.640007+00:00 [queued]>
[2026-04-05T07:48:50.217+0000] {taskinstance.py:2170} INFO - Starting attempt 5 of 6
[2026-04-05T07:48:50.229+0000] {taskinstance.py:2191} INFO - Executing <Task(BashOperator): scrape_jobstreet_to_bronze> on 2026-04-05 07:10:03.640007+00:00
[2026-04-05T07:48:50.235+0000] {standard_task_runner.py:60} INFO - Started process 208 to run task
[2026-04-05T07:48:50.239+0000] {standard_task_runner.py:87} INFO - Running: ['***', 'tasks', 'run', 'job_search_medallion_pipeline_v1', 'scrape_jobstreet_to_bronze', 'manual__2026-04-05T07:10:03.640007+00:00', '--job-id', '40', '--raw', '--subdir', 'DAGS_FOLDER/job_scraper_dag.py', '--cfg-path', '/tmp/tmpl42z06rh']
[2026-04-05T07:48:50.242+0000] {standard_task_runner.py:88} INFO - Job 40: Subtask scrape_jobstreet_to_bronze
[2026-04-05T07:48:50.299+0000] {logging_mixin.py:188} INFO - Changing /opt/***/logs/dag_id=job_search_medallion_pipeline_v1/run_id=manual__2026-04-05T07:10:03.640007+00:00/task_id=scrape_jobstreet_to_bronze permission to 509
[2026-04-05T07:48:50.300+0000] {logging_mixin.py:188} INFO - Failed to change /opt/***/logs/dag_id=job_search_medallion_pipeline_v1/run_id=manual__2026-04-05T07:10:03.640007+00:00/task_id=scrape_jobstreet_to_bronze permission to 509: [Errno 1] Operation not permitted: '/opt/***/logs/dag_id=job_search_medallion_pipeline_v1/run_id=manual__2026-04-05T07:10:03.640007+00:00/task_id=scrape_jobstreet_to_bronze'
[2026-04-05T07:48:50.310+0000] {task_command.py:423} INFO - Running <TaskInstance: job_search_medallion_pipeline_v1.scrape_jobstreet_to_bronze manual__2026-04-05T07:10:03.640007+00:00 [running]> on host 1a7e565aeb59
[2026-04-05T07:48:50.398+0000] {taskinstance.py:2480} INFO - Exporting env vars: AIRFLOW_CTX_DAG_OWNER='rafif' AIRFLOW_CTX_DAG_ID='job_search_medallion_pipeline_v1' AIRFLOW_CTX_TASK_ID='scrape_jobstreet_to_bronze' AIRFLOW_CTX_EXECUTION_DATE='2026-04-05T07:10:03.640007+00:00' AIRFLOW_CTX_TRY_NUMBER='5' AIRFLOW_CTX_DAG_RUN_ID='manual__2026-04-05T07:10:03.640007+00:00'
[2026-04-05T07:48:50.399+0000] {subprocess.py:63} INFO - Tmp dir root location: /tmp
[2026-04-05T07:48:50.401+0000] {subprocess.py:75} INFO - Running command: ['/usr/bin/bash', '-c', 'python3 /opt/***/dags/scripts/scraper_jobstreet.py']
[2026-04-05T07:48:50.414+0000] {subprocess.py:86} INFO - Output:
[2026-04-05T07:49:41.918+0000] {subprocess.py:93} INFO - Menghubungkan ke Selenium Grid di Docker untuk Jobstreet...
[2026-04-05T07:49:41.920+0000] {subprocess.py:93} INFO - Mulai scraping Jobstreet untuk keyword: 'data', maksimal 5 halaman...
[2026-04-05T07:49:41.920+0000] {subprocess.py:93} INFO - 
[2026-04-05T07:49:41.921+0000] {subprocess.py:93} INFO - --- Jobstreet: Membuka Halaman 1 ---
[2026-04-05T07:49:41.922+0000] {subprocess.py:93} INFO - Ditemukan 32 lowongan di halaman 1
[2026-04-05T07:49:41.923+0000] {subprocess.py:93} INFO - 
[2026-04-05T07:49:41.923+0000] {subprocess.py:93} INFO - --- Jobstreet: Membuka Halaman 2 ---
[2026-04-05T07:49:41.924+0000] {subprocess.py:93} INFO - Ditemukan 32 lowongan di halaman 2
[2026-04-05T07:49:41.925+0000] {subprocess.py:93} INFO - 
[2026-04-05T07:49:41.926+0000] {subprocess.py:93} INFO - --- Jobstreet: Membuka Halaman 3 ---
[2026-04-05T07:49:41.927+0000] {subprocess.py:93} INFO - Ditemukan 32 lowongan di halaman 3
[2026-04-05T07:49:41.927+0000] {subprocess.py:93} INFO - 
[2026-04-05T07:49:41.928+0000] {subprocess.py:93} INFO - --- Jobstreet: Membuka Halaman 4 ---
[2026-04-05T07:49:41.928+0000] {subprocess.py:93} INFO - Ditemukan 32 lowongan di halaman 4
[2026-04-05T07:49:41.929+0000] {subprocess.py:93} INFO - 
[2026-04-05T07:49:41.929+0000] {subprocess.py:93} INFO - --- Jobstreet: Membuka Halaman 5 ---
[2026-04-05T07:49:41.932+0000] {subprocess.py:93} INFO - Ditemukan 32 lowongan di halaman 5
[2026-04-05T07:49:41.933+0000] {subprocess.py:93} INFO - Menutup browser...
[2026-04-05T07:49:41.934+0000] {subprocess.py:93} INFO - 
[2026-04-05T07:49:41.935+0000] {subprocess.py:93} INFO - TOTAL DATA JOBSTREET DISCRAPE: 160
[2026-04-05T07:49:41.935+0000] {subprocess.py:93} INFO - ❌ [DB ERROR] Gagal ingest ke DB: (psycopg2.OperationalError) connection to server at "localhost" (::1), port 5432 failed: Connection refused
[2026-04-05T07:49:41.936+0000] {subprocess.py:93} INFO - 	Is the server running on that host and accepting TCP/IP connections?
[2026-04-05T07:49:41.937+0000] {subprocess.py:93} INFO - connection to server at "localhost" (127.0.0.1), port 5432 failed: Connection refused
[2026-04-05T07:49:41.938+0000] {subprocess.py:93} INFO - 	Is the server running on that host and accepting TCP/IP connections?
[2026-04-05T07:49:41.939+0000] {subprocess.py:93} INFO - 
[2026-04-05T07:49:41.940+0000] {subprocess.py:93} INFO - (Background on this error at: https://sqlalche.me/e/14/e3q8)
[2026-04-05T07:49:42.084+0000] {subprocess.py:97} INFO - Command exited with return code 0
[2026-04-05T07:49:42.123+0000] {taskinstance.py:1138} INFO - Marking task as SUCCESS. dag_id=job_search_medallion_pipeline_v1, task_id=scrape_jobstreet_to_bronze, execution_date=20260405T071003, start_date=20260405T074850, end_date=20260405T074942
[2026-04-05T07:49:42.179+0000] {local_task_job_runner.py:234} INFO - Task exited with return code 0
[2026-04-05T07:49:42.220+0000] {taskinstance.py:3280} INFO - 0 downstream tasks scheduled from follow-on schedule check
