[2026-04-05T07:37:05.860+0000] {logging_mixin.py:188} INFO - Changing /opt/***/logs/dag_id=job_search_medallion_pipeline_v1/run_id=manual__2026-04-05T07:10:03.640007+00:00/task_id=scrape_jobstreet_to_bronze permission to 509
[2026-04-05T07:37:05.861+0000] {logging_mixin.py:188} INFO - Failed to change /opt/***/logs/dag_id=job_search_medallion_pipeline_v1/run_id=manual__2026-04-05T07:10:03.640007+00:00/task_id=scrape_jobstreet_to_bronze permission to 509: [Errno 1] Operation not permitted: '/opt/***/logs/dag_id=job_search_medallion_pipeline_v1/run_id=manual__2026-04-05T07:10:03.640007+00:00/task_id=scrape_jobstreet_to_bronze'
[2026-04-05T07:37:05.912+0000] {logging_mixin.py:188} INFO - Changing /opt/***/logs/dag_id=job_search_medallion_pipeline_v1/run_id=manual__2026-04-05T07:10:03.640007+00:00/task_id=scrape_jobstreet_to_bronze permission to 509
[2026-04-05T07:37:05.913+0000] {logging_mixin.py:188} INFO - Failed to change /opt/***/logs/dag_id=job_search_medallion_pipeline_v1/run_id=manual__2026-04-05T07:10:03.640007+00:00/task_id=scrape_jobstreet_to_bronze permission to 509: [Errno 1] Operation not permitted: '/opt/***/logs/dag_id=job_search_medallion_pipeline_v1/run_id=manual__2026-04-05T07:10:03.640007+00:00/task_id=scrape_jobstreet_to_bronze'
[2026-04-05T07:37:05.965+0000] {taskinstance.py:1956} INFO - Dependencies all met for dep_context=non-requeueable deps ti=<TaskInstance: job_search_medallion_pipeline_v1.scrape_jobstreet_to_bronze manual__2026-04-05T07:10:03.640007+00:00 [queued]>
[2026-04-05T07:37:05.976+0000] {taskinstance.py:1956} INFO - Dependencies all met for dep_context=requeueable deps ti=<TaskInstance: job_search_medallion_pipeline_v1.scrape_jobstreet_to_bronze manual__2026-04-05T07:10:03.640007+00:00 [queued]>
[2026-04-05T07:37:05.976+0000] {taskinstance.py:2170} INFO - Starting attempt 4 of 5
[2026-04-05T07:37:06.000+0000] {taskinstance.py:2191} INFO - Executing <Task(BashOperator): scrape_jobstreet_to_bronze> on 2026-04-05 07:10:03.640007+00:00
[2026-04-05T07:37:06.009+0000] {standard_task_runner.py:60} INFO - Started process 216 to run task
[2026-04-05T07:37:06.012+0000] {standard_task_runner.py:87} INFO - Running: ['***', 'tasks', 'run', 'job_search_medallion_pipeline_v1', 'scrape_jobstreet_to_bronze', 'manual__2026-04-05T07:10:03.640007+00:00', '--job-id', '35', '--raw', '--subdir', 'DAGS_FOLDER/job_scraper_dag.py', '--cfg-path', '/tmp/tmp1iuc1tuq']
[2026-04-05T07:37:06.016+0000] {standard_task_runner.py:88} INFO - Job 35: Subtask scrape_jobstreet_to_bronze
[2026-04-05T07:37:06.082+0000] {logging_mixin.py:188} INFO - Changing /opt/***/logs/dag_id=job_search_medallion_pipeline_v1/run_id=manual__2026-04-05T07:10:03.640007+00:00/task_id=scrape_jobstreet_to_bronze permission to 509
[2026-04-05T07:37:06.082+0000] {logging_mixin.py:188} INFO - Failed to change /opt/***/logs/dag_id=job_search_medallion_pipeline_v1/run_id=manual__2026-04-05T07:10:03.640007+00:00/task_id=scrape_jobstreet_to_bronze permission to 509: [Errno 1] Operation not permitted: '/opt/***/logs/dag_id=job_search_medallion_pipeline_v1/run_id=manual__2026-04-05T07:10:03.640007+00:00/task_id=scrape_jobstreet_to_bronze'
[2026-04-05T07:37:06.091+0000] {task_command.py:423} INFO - Running <TaskInstance: job_search_medallion_pipeline_v1.scrape_jobstreet_to_bronze manual__2026-04-05T07:10:03.640007+00:00 [running]> on host 14c85699bf15
[2026-04-05T07:37:06.196+0000] {taskinstance.py:2480} INFO - Exporting env vars: AIRFLOW_CTX_DAG_OWNER='rafif' AIRFLOW_CTX_DAG_ID='job_search_medallion_pipeline_v1' AIRFLOW_CTX_TASK_ID='scrape_jobstreet_to_bronze' AIRFLOW_CTX_EXECUTION_DATE='2026-04-05T07:10:03.640007+00:00' AIRFLOW_CTX_TRY_NUMBER='4' AIRFLOW_CTX_DAG_RUN_ID='manual__2026-04-05T07:10:03.640007+00:00'
[2026-04-05T07:37:06.198+0000] {subprocess.py:63} INFO - Tmp dir root location: /tmp
[2026-04-05T07:37:06.199+0000] {subprocess.py:75} INFO - Running command: ['/usr/bin/bash', '-c', 'python3 /opt/***/dags/scripts/scraper_jobstreet.py']
[2026-04-05T07:37:06.212+0000] {subprocess.py:86} INFO - Output:
[2026-04-05T07:38:00.726+0000] {subprocess.py:93} INFO - Menghubungkan ke Selenium Grid di Docker untuk Jobstreet...
[2026-04-05T07:38:00.727+0000] {subprocess.py:93} INFO - Mulai scraping Jobstreet untuk keyword: 'data', maksimal 5 halaman...
[2026-04-05T07:38:00.727+0000] {subprocess.py:93} INFO - 
[2026-04-05T07:38:00.727+0000] {subprocess.py:93} INFO - --- Jobstreet: Membuka Halaman 1 ---
[2026-04-05T07:38:00.728+0000] {subprocess.py:93} INFO - Ditemukan 32 lowongan di halaman 1
[2026-04-05T07:38:00.728+0000] {subprocess.py:93} INFO - 
[2026-04-05T07:38:00.729+0000] {subprocess.py:93} INFO - --- Jobstreet: Membuka Halaman 2 ---
[2026-04-05T07:38:00.729+0000] {subprocess.py:93} INFO - Ditemukan 32 lowongan di halaman 2
[2026-04-05T07:38:00.729+0000] {subprocess.py:93} INFO - 
[2026-04-05T07:38:00.730+0000] {subprocess.py:93} INFO - --- Jobstreet: Membuka Halaman 3 ---
[2026-04-05T07:38:00.730+0000] {subprocess.py:93} INFO - Ditemukan 32 lowongan di halaman 3
[2026-04-05T07:38:00.730+0000] {subprocess.py:93} INFO - 
[2026-04-05T07:38:00.731+0000] {subprocess.py:93} INFO - --- Jobstreet: Membuka Halaman 4 ---
[2026-04-05T07:38:00.731+0000] {subprocess.py:93} INFO - Ditemukan 32 lowongan di halaman 4
[2026-04-05T07:38:00.731+0000] {subprocess.py:93} INFO - 
[2026-04-05T07:38:00.731+0000] {subprocess.py:93} INFO - --- Jobstreet: Membuka Halaman 5 ---
[2026-04-05T07:38:00.732+0000] {subprocess.py:93} INFO - Ditemukan 32 lowongan di halaman 5
[2026-04-05T07:38:00.732+0000] {subprocess.py:93} INFO - Menutup browser...
[2026-04-05T07:38:00.732+0000] {subprocess.py:93} INFO - 
[2026-04-05T07:38:00.733+0000] {subprocess.py:93} INFO - TOTAL DATA JOBSTREET DISCRAPE: 160
[2026-04-05T07:38:00.733+0000] {subprocess.py:93} INFO - ❌ [DB ERROR] Gagal ingest ke DB: (psycopg2.OperationalError) connection to server at "localhost" (::1), port 5433 failed: Connection refused
[2026-04-05T07:38:00.733+0000] {subprocess.py:93} INFO - 	Is the server running on that host and accepting TCP/IP connections?
[2026-04-05T07:38:00.734+0000] {subprocess.py:93} INFO - connection to server at "localhost" (127.0.0.1), port 5433 failed: Connection refused
[2026-04-05T07:38:00.734+0000] {subprocess.py:93} INFO - 	Is the server running on that host and accepting TCP/IP connections?
[2026-04-05T07:38:00.734+0000] {subprocess.py:93} INFO - 
[2026-04-05T07:38:00.735+0000] {subprocess.py:93} INFO - (Background on this error at: https://sqlalche.me/e/14/e3q8)
[2026-04-05T07:38:00.838+0000] {subprocess.py:97} INFO - Command exited with return code 0
[2026-04-05T07:38:00.882+0000] {taskinstance.py:1138} INFO - Marking task as SUCCESS. dag_id=job_search_medallion_pipeline_v1, task_id=scrape_jobstreet_to_bronze, execution_date=20260405T071003, start_date=20260405T073705, end_date=20260405T073800
[2026-04-05T07:38:00.916+0000] {local_task_job_runner.py:234} INFO - Task exited with return code 0
[2026-04-05T07:38:00.944+0000] {taskinstance.py:3280} INFO - 0 downstream tasks scheduled from follow-on schedule check
