[2026-04-05T08:01:05.476+0000] {logging_mixin.py:188} INFO - Changing /opt/***/logs/dag_id=job_search_medallion_pipeline_v1/run_id=manual__2026-04-05T07:10:03.640007+00:00/task_id=scrape_jobstreet_to_bronze permission to 509
[2026-04-05T08:01:05.477+0000] {logging_mixin.py:188} INFO - Failed to change /opt/***/logs/dag_id=job_search_medallion_pipeline_v1/run_id=manual__2026-04-05T07:10:03.640007+00:00/task_id=scrape_jobstreet_to_bronze permission to 509: [Errno 1] Operation not permitted: '/opt/***/logs/dag_id=job_search_medallion_pipeline_v1/run_id=manual__2026-04-05T07:10:03.640007+00:00/task_id=scrape_jobstreet_to_bronze'
[2026-04-05T08:01:05.523+0000] {logging_mixin.py:188} INFO - Changing /opt/***/logs/dag_id=job_search_medallion_pipeline_v1/run_id=manual__2026-04-05T07:10:03.640007+00:00/task_id=scrape_jobstreet_to_bronze permission to 509
[2026-04-05T08:01:05.524+0000] {logging_mixin.py:188} INFO - Failed to change /opt/***/logs/dag_id=job_search_medallion_pipeline_v1/run_id=manual__2026-04-05T07:10:03.640007+00:00/task_id=scrape_jobstreet_to_bronze permission to 509: [Errno 1] Operation not permitted: '/opt/***/logs/dag_id=job_search_medallion_pipeline_v1/run_id=manual__2026-04-05T07:10:03.640007+00:00/task_id=scrape_jobstreet_to_bronze'
[2026-04-05T08:01:05.567+0000] {taskinstance.py:1956} INFO - Dependencies all met for dep_context=non-requeueable deps ti=<TaskInstance: job_search_medallion_pipeline_v1.scrape_jobstreet_to_bronze manual__2026-04-05T07:10:03.640007+00:00 [queued]>
[2026-04-05T08:01:05.575+0000] {taskinstance.py:1956} INFO - Dependencies all met for dep_context=requeueable deps ti=<TaskInstance: job_search_medallion_pipeline_v1.scrape_jobstreet_to_bronze manual__2026-04-05T07:10:03.640007+00:00 [queued]>
[2026-04-05T08:01:05.576+0000] {taskinstance.py:2170} INFO - Starting attempt 7 of 8
[2026-04-05T08:01:05.597+0000] {taskinstance.py:2191} INFO - Executing <Task(BashOperator): scrape_jobstreet_to_bronze> on 2026-04-05 07:10:03.640007+00:00
[2026-04-05T08:01:05.603+0000] {standard_task_runner.py:60} INFO - Started process 215 to run task
[2026-04-05T08:01:05.606+0000] {standard_task_runner.py:87} INFO - Running: ['***', 'tasks', 'run', 'job_search_medallion_pipeline_v1', 'scrape_jobstreet_to_bronze', 'manual__2026-04-05T07:10:03.640007+00:00', '--job-id', '49', '--raw', '--subdir', 'DAGS_FOLDER/job_scraper_dag.py', '--cfg-path', '/tmp/tmpfd78o97r']
[2026-04-05T08:01:05.609+0000] {standard_task_runner.py:88} INFO - Job 49: Subtask scrape_jobstreet_to_bronze
[2026-04-05T08:01:05.669+0000] {logging_mixin.py:188} INFO - Changing /opt/***/logs/dag_id=job_search_medallion_pipeline_v1/run_id=manual__2026-04-05T07:10:03.640007+00:00/task_id=scrape_jobstreet_to_bronze permission to 509
[2026-04-05T08:01:05.669+0000] {logging_mixin.py:188} INFO - Failed to change /opt/***/logs/dag_id=job_search_medallion_pipeline_v1/run_id=manual__2026-04-05T07:10:03.640007+00:00/task_id=scrape_jobstreet_to_bronze permission to 509: [Errno 1] Operation not permitted: '/opt/***/logs/dag_id=job_search_medallion_pipeline_v1/run_id=manual__2026-04-05T07:10:03.640007+00:00/task_id=scrape_jobstreet_to_bronze'
[2026-04-05T08:01:05.678+0000] {task_command.py:423} INFO - Running <TaskInstance: job_search_medallion_pipeline_v1.scrape_jobstreet_to_bronze manual__2026-04-05T07:10:03.640007+00:00 [running]> on host abbd68d0f784
[2026-04-05T08:01:05.773+0000] {taskinstance.py:2480} INFO - Exporting env vars: AIRFLOW_CTX_DAG_OWNER='rafif' AIRFLOW_CTX_DAG_ID='job_search_medallion_pipeline_v1' AIRFLOW_CTX_TASK_ID='scrape_jobstreet_to_bronze' AIRFLOW_CTX_EXECUTION_DATE='2026-04-05T07:10:03.640007+00:00' AIRFLOW_CTX_TRY_NUMBER='7' AIRFLOW_CTX_DAG_RUN_ID='manual__2026-04-05T07:10:03.640007+00:00'
[2026-04-05T08:01:05.774+0000] {subprocess.py:63} INFO - Tmp dir root location: /tmp
[2026-04-05T08:01:05.775+0000] {subprocess.py:75} INFO - Running command: ['/usr/bin/bash', '-c', 'python3 /opt/***/dags/scripts/scraper_jobstreet.py']
[2026-04-05T08:01:05.787+0000] {subprocess.py:86} INFO - Output:
[2026-04-05T08:02:33.706+0000] {subprocess.py:93} INFO - Menghubungkan ke Selenium Grid di Docker untuk Jobstreet...
[2026-04-05T08:02:33.707+0000] {subprocess.py:93} INFO - Mulai scraping Jobstreet untuk keyword: 'data', maksimal 5 halaman...
[2026-04-05T08:02:33.707+0000] {subprocess.py:93} INFO - 
[2026-04-05T08:02:33.708+0000] {subprocess.py:93} INFO - --- Jobstreet: Membuka Halaman 1 ---
[2026-04-05T08:02:33.708+0000] {subprocess.py:93} INFO - Ditemukan 32 lowongan di halaman 1
[2026-04-05T08:02:33.709+0000] {subprocess.py:93} INFO - 
[2026-04-05T08:02:33.709+0000] {subprocess.py:93} INFO - --- Jobstreet: Membuka Halaman 2 ---
[2026-04-05T08:02:33.710+0000] {subprocess.py:93} INFO - Ditemukan 32 lowongan di halaman 2
[2026-04-05T08:02:33.710+0000] {subprocess.py:93} INFO - 
[2026-04-05T08:02:33.710+0000] {subprocess.py:93} INFO - --- Jobstreet: Membuka Halaman 3 ---
[2026-04-05T08:02:33.711+0000] {subprocess.py:93} INFO - Ditemukan 32 lowongan di halaman 3
[2026-04-05T08:02:33.711+0000] {subprocess.py:93} INFO - 
[2026-04-05T08:02:33.711+0000] {subprocess.py:93} INFO - --- Jobstreet: Membuka Halaman 4 ---
[2026-04-05T08:02:33.712+0000] {subprocess.py:93} INFO - Ditemukan 32 lowongan di halaman 4
[2026-04-05T08:02:33.712+0000] {subprocess.py:93} INFO - 
[2026-04-05T08:02:33.712+0000] {subprocess.py:93} INFO - --- Jobstreet: Membuka Halaman 5 ---
[2026-04-05T08:02:33.713+0000] {subprocess.py:93} INFO - Ditemukan 32 lowongan di halaman 5
[2026-04-05T08:02:33.713+0000] {subprocess.py:93} INFO - Menutup browser...
[2026-04-05T08:02:33.713+0000] {subprocess.py:93} INFO - 
[2026-04-05T08:02:33.714+0000] {subprocess.py:93} INFO - TOTAL DATA JOBSTREET DISCRAPE: 160
[2026-04-05T08:02:33.714+0000] {subprocess.py:93} INFO - ✅ [BRONZE] 160 data Jobstreet berhasil masuk ke DB.
[2026-04-05T08:02:33.808+0000] {subprocess.py:97} INFO - Command exited with return code 0
[2026-04-05T08:02:33.839+0000] {taskinstance.py:1138} INFO - Marking task as SUCCESS. dag_id=job_search_medallion_pipeline_v1, task_id=scrape_jobstreet_to_bronze, execution_date=20260405T071003, start_date=20260405T080105, end_date=20260405T080233
[2026-04-05T08:02:33.897+0000] {local_task_job_runner.py:234} INFO - Task exited with return code 0
[2026-04-05T08:02:33.919+0000] {taskinstance.py:3280} INFO - 1 downstream tasks scheduled from follow-on schedule check
