[2026-04-05T07:48:11.588+0000] {logging_mixin.py:188} INFO - Changing /opt/***/logs/dag_id=job_search_medallion_pipeline_v1/run_id=manual__2026-04-05T07:10:03.640007+00:00/task_id=clean_to_silver permission to 509
[2026-04-05T07:48:11.589+0000] {logging_mixin.py:188} INFO - Failed to change /opt/***/logs/dag_id=job_search_medallion_pipeline_v1/run_id=manual__2026-04-05T07:10:03.640007+00:00/task_id=clean_to_silver permission to 509: [Errno 1] Operation not permitted: '/opt/***/logs/dag_id=job_search_medallion_pipeline_v1/run_id=manual__2026-04-05T07:10:03.640007+00:00/task_id=clean_to_silver'
[2026-04-05T07:48:11.632+0000] {logging_mixin.py:188} INFO - Changing /opt/***/logs/dag_id=job_search_medallion_pipeline_v1/run_id=manual__2026-04-05T07:10:03.640007+00:00/task_id=clean_to_silver permission to 509
[2026-04-05T07:48:11.633+0000] {logging_mixin.py:188} INFO - Failed to change /opt/***/logs/dag_id=job_search_medallion_pipeline_v1/run_id=manual__2026-04-05T07:10:03.640007+00:00/task_id=clean_to_silver permission to 509: [Errno 1] Operation not permitted: '/opt/***/logs/dag_id=job_search_medallion_pipeline_v1/run_id=manual__2026-04-05T07:10:03.640007+00:00/task_id=clean_to_silver'
[2026-04-05T07:48:11.676+0000] {taskinstance.py:1956} INFO - Dependencies all met for dep_context=non-requeueable deps ti=<TaskInstance: job_search_medallion_pipeline_v1.clean_to_silver manual__2026-04-05T07:10:03.640007+00:00 [queued]>
[2026-04-05T07:48:11.684+0000] {taskinstance.py:1956} INFO - Dependencies all met for dep_context=requeueable deps ti=<TaskInstance: job_search_medallion_pipeline_v1.clean_to_silver manual__2026-04-05T07:10:03.640007+00:00 [queued]>
[2026-04-05T07:48:11.685+0000] {taskinstance.py:2170} INFO - Starting attempt 4 of 4
[2026-04-05T07:48:11.696+0000] {taskinstance.py:2191} INFO - Executing <Task(BashOperator): clean_to_silver> on 2026-04-05 07:10:03.640007+00:00
[2026-04-05T07:48:11.702+0000] {standard_task_runner.py:60} INFO - Started process 198 to run task
[2026-04-05T07:48:11.705+0000] {standard_task_runner.py:87} INFO - Running: ['***', 'tasks', 'run', 'job_search_medallion_pipeline_v1', 'clean_to_silver', 'manual__2026-04-05T07:10:03.640007+00:00', '--job-id', '39', '--raw', '--subdir', 'DAGS_FOLDER/job_scraper_dag.py', '--cfg-path', '/tmp/tmpjteyssym']
[2026-04-05T07:48:11.707+0000] {standard_task_runner.py:88} INFO - Job 39: Subtask clean_to_silver
[2026-04-05T07:48:11.760+0000] {logging_mixin.py:188} INFO - Changing /opt/***/logs/dag_id=job_search_medallion_pipeline_v1/run_id=manual__2026-04-05T07:10:03.640007+00:00/task_id=clean_to_silver permission to 509
[2026-04-05T07:48:11.760+0000] {logging_mixin.py:188} INFO - Failed to change /opt/***/logs/dag_id=job_search_medallion_pipeline_v1/run_id=manual__2026-04-05T07:10:03.640007+00:00/task_id=clean_to_silver permission to 509: [Errno 1] Operation not permitted: '/opt/***/logs/dag_id=job_search_medallion_pipeline_v1/run_id=manual__2026-04-05T07:10:03.640007+00:00/task_id=clean_to_silver'
[2026-04-05T07:48:11.769+0000] {task_command.py:423} INFO - Running <TaskInstance: job_search_medallion_pipeline_v1.clean_to_silver manual__2026-04-05T07:10:03.640007+00:00 [running]> on host 1a7e565aeb59
[2026-04-05T07:48:11.858+0000] {taskinstance.py:2480} INFO - Exporting env vars: AIRFLOW_CTX_DAG_OWNER='rafif' AIRFLOW_CTX_DAG_ID='job_search_medallion_pipeline_v1' AIRFLOW_CTX_TASK_ID='clean_to_silver' AIRFLOW_CTX_EXECUTION_DATE='2026-04-05T07:10:03.640007+00:00' AIRFLOW_CTX_TRY_NUMBER='4' AIRFLOW_CTX_DAG_RUN_ID='manual__2026-04-05T07:10:03.640007+00:00'
[2026-04-05T07:48:11.859+0000] {subprocess.py:63} INFO - Tmp dir root location: /tmp
[2026-04-05T07:48:11.861+0000] {subprocess.py:75} INFO - Running command: ['/usr/bin/bash', '-c', 'python3 /opt/***/dags/scripts/silver_layer.py']
[2026-04-05T07:48:11.876+0000] {subprocess.py:86} INFO - Output:
[2026-04-05T07:48:12.174+0000] {subprocess.py:93} INFO - 
[2026-04-05T07:48:12.174+0000] {subprocess.py:93} INFO - --- [SILVER LAYER] Cleaning & Parsing to 'silver' schema ---
[2026-04-05T07:48:12.185+0000] {subprocess.py:93} INFO - Traceback (most recent call last):
[2026-04-05T07:48:12.185+0000] {subprocess.py:93} INFO -   File "/home/***/.local/lib/python3.8/site-packages/sqlalchemy/engine/base.py", line 3371, in _wrap_pool_connect
[2026-04-05T07:48:12.186+0000] {subprocess.py:93} INFO -     return fn()
[2026-04-05T07:48:12.186+0000] {subprocess.py:93} INFO -   File "/home/***/.local/lib/python3.8/site-packages/sqlalchemy/pool/base.py", line 327, in connect
[2026-04-05T07:48:12.186+0000] {subprocess.py:93} INFO -     return _ConnectionFairy._checkout(self)
[2026-04-05T07:48:12.187+0000] {subprocess.py:93} INFO -   File "/home/***/.local/lib/python3.8/site-packages/sqlalchemy/pool/base.py", line 894, in _checkout
[2026-04-05T07:48:12.187+0000] {subprocess.py:93} INFO -     fairy = _ConnectionRecord.checkout(pool)
[2026-04-05T07:48:12.187+0000] {subprocess.py:93} INFO -   File "/home/***/.local/lib/python3.8/site-packages/sqlalchemy/pool/base.py", line 493, in checkout
[2026-04-05T07:48:12.188+0000] {subprocess.py:93} INFO -     rec = pool._do_get()
[2026-04-05T07:48:12.188+0000] {subprocess.py:93} INFO -   File "/home/***/.local/lib/python3.8/site-packages/sqlalchemy/pool/impl.py", line 146, in _do_get
[2026-04-05T07:48:12.188+0000] {subprocess.py:93} INFO -     self._dec_overflow()
[2026-04-05T07:48:12.189+0000] {subprocess.py:93} INFO -   File "/home/***/.local/lib/python3.8/site-packages/sqlalchemy/util/langhelpers.py", line 70, in __exit__
[2026-04-05T07:48:12.189+0000] {subprocess.py:93} INFO -     compat.raise_(
[2026-04-05T07:48:12.189+0000] {subprocess.py:93} INFO -   File "/home/***/.local/lib/python3.8/site-packages/sqlalchemy/util/compat.py", line 211, in raise_
[2026-04-05T07:48:12.190+0000] {subprocess.py:93} INFO -     raise exception
[2026-04-05T07:48:12.190+0000] {subprocess.py:93} INFO -   File "/home/***/.local/lib/python3.8/site-packages/sqlalchemy/pool/impl.py", line 143, in _do_get
[2026-04-05T07:48:12.190+0000] {subprocess.py:93} INFO -     return self._create_connection()
[2026-04-05T07:48:12.191+0000] {subprocess.py:93} INFO -   File "/home/***/.local/lib/python3.8/site-packages/sqlalchemy/pool/base.py", line 273, in _create_connection
[2026-04-05T07:48:12.191+0000] {subprocess.py:93} INFO -     return _ConnectionRecord(self)
[2026-04-05T07:48:12.191+0000] {subprocess.py:93} INFO -   File "/home/***/.local/lib/python3.8/site-packages/sqlalchemy/pool/base.py", line 388, in __init__
[2026-04-05T07:48:12.191+0000] {subprocess.py:93} INFO -     self.__connect()
[2026-04-05T07:48:12.192+0000] {subprocess.py:93} INFO -   File "/home/***/.local/lib/python3.8/site-packages/sqlalchemy/pool/base.py", line 691, in __connect
[2026-04-05T07:48:12.192+0000] {subprocess.py:93} INFO -     pool.logger.debug("Error on connect(): %s", e)
[2026-04-05T07:48:12.192+0000] {subprocess.py:93} INFO -   File "/home/***/.local/lib/python3.8/site-packages/sqlalchemy/util/langhelpers.py", line 70, in __exit__
[2026-04-05T07:48:12.193+0000] {subprocess.py:93} INFO -     compat.raise_(
[2026-04-05T07:48:12.193+0000] {subprocess.py:93} INFO -   File "/home/***/.local/lib/python3.8/site-packages/sqlalchemy/util/compat.py", line 211, in raise_
[2026-04-05T07:48:12.193+0000] {subprocess.py:93} INFO -     raise exception
[2026-04-05T07:48:12.194+0000] {subprocess.py:93} INFO -   File "/home/***/.local/lib/python3.8/site-packages/sqlalchemy/pool/base.py", line 686, in __connect
[2026-04-05T07:48:12.194+0000] {subprocess.py:93} INFO -     self.dbapi_connection = connection = pool._invoke_creator(self)
[2026-04-05T07:48:12.194+0000] {subprocess.py:93} INFO -   File "/home/***/.local/lib/python3.8/site-packages/sqlalchemy/engine/create.py", line 574, in connect
[2026-04-05T07:48:12.195+0000] {subprocess.py:93} INFO -     return dialect.connect(*cargs, **cparams)
[2026-04-05T07:48:12.195+0000] {subprocess.py:93} INFO -   File "/home/***/.local/lib/python3.8/site-packages/sqlalchemy/engine/default.py", line 598, in connect
[2026-04-05T07:48:12.195+0000] {subprocess.py:93} INFO -     return self.dbapi.connect(*cargs, **cparams)
[2026-04-05T07:48:12.196+0000] {subprocess.py:93} INFO -   File "/home/***/.local/lib/python3.8/site-packages/psycopg2/__init__.py", line 122, in connect
[2026-04-05T07:48:12.196+0000] {subprocess.py:93} INFO -     conn = _connect(dsn, connection_factory=connection_factory, **kwasync)
[2026-04-05T07:48:12.196+0000] {subprocess.py:93} INFO - psycopg2.OperationalError: connection to server at "localhost" (::1), port 5432 failed: Connection refused
[2026-04-05T07:48:12.197+0000] {subprocess.py:93} INFO - 	Is the server running on that host and accepting TCP/IP connections?
[2026-04-05T07:48:12.197+0000] {subprocess.py:93} INFO - connection to server at "localhost" (127.0.0.1), port 5432 failed: Connection refused
[2026-04-05T07:48:12.197+0000] {subprocess.py:93} INFO - 	Is the server running on that host and accepting TCP/IP connections?
[2026-04-05T07:48:12.198+0000] {subprocess.py:93} INFO - 
[2026-04-05T07:48:12.198+0000] {subprocess.py:93} INFO - 
[2026-04-05T07:48:12.199+0000] {subprocess.py:93} INFO - The above exception was the direct cause of the following exception:
[2026-04-05T07:48:12.199+0000] {subprocess.py:93} INFO - 
[2026-04-05T07:48:12.199+0000] {subprocess.py:93} INFO - Traceback (most recent call last):
[2026-04-05T07:48:12.200+0000] {subprocess.py:93} INFO -   File "/opt/***/dags/scripts/silver_layer.py", line 116, in <module>
[2026-04-05T07:48:12.200+0000] {subprocess.py:93} INFO -     run_silver()
[2026-04-05T07:48:12.200+0000] {subprocess.py:93} INFO -   File "/opt/***/dags/scripts/silver_layer.py", line 104, in run_silver
[2026-04-05T07:48:12.201+0000] {subprocess.py:93} INFO -     with engine.begin() as conn:
[2026-04-05T07:48:12.201+0000] {subprocess.py:93} INFO -   File "/home/***/.local/lib/python3.8/site-packages/sqlalchemy/engine/base.py", line 3153, in begin
[2026-04-05T07:48:12.201+0000] {subprocess.py:93} INFO -     conn = self.connect(close_with_result=close_with_result)
[2026-04-05T07:48:12.202+0000] {subprocess.py:93} INFO -   File "/home/***/.local/lib/python3.8/site-packages/sqlalchemy/engine/base.py", line 3325, in connect
[2026-04-05T07:48:12.202+0000] {subprocess.py:93} INFO -     return self._connection_cls(self, close_with_result=close_with_result)
[2026-04-05T07:48:12.202+0000] {subprocess.py:93} INFO -   File "/home/***/.local/lib/python3.8/site-packages/sqlalchemy/engine/base.py", line 96, in __init__
[2026-04-05T07:48:12.203+0000] {subprocess.py:93} INFO -     else engine.raw_connection()
[2026-04-05T07:48:12.203+0000] {subprocess.py:93} INFO -   File "/home/***/.local/lib/python3.8/site-packages/sqlalchemy/engine/base.py", line 3404, in raw_connection
[2026-04-05T07:48:12.203+0000] {subprocess.py:93} INFO -     return self._wrap_pool_connect(self.pool.connect, _connection)
[2026-04-05T07:48:12.204+0000] {subprocess.py:93} INFO -   File "/home/***/.local/lib/python3.8/site-packages/sqlalchemy/engine/base.py", line 3374, in _wrap_pool_connect
[2026-04-05T07:48:12.204+0000] {subprocess.py:93} INFO -     Connection._handle_dbapi_exception_noconnection(
[2026-04-05T07:48:12.204+0000] {subprocess.py:93} INFO -   File "/home/***/.local/lib/python3.8/site-packages/sqlalchemy/engine/base.py", line 2208, in _handle_dbapi_exception_noconnection
[2026-04-05T07:48:12.205+0000] {subprocess.py:93} INFO -     util.raise_(
[2026-04-05T07:48:12.205+0000] {subprocess.py:93} INFO -   File "/home/***/.local/lib/python3.8/site-packages/sqlalchemy/util/compat.py", line 211, in raise_
[2026-04-05T07:48:12.205+0000] {subprocess.py:93} INFO -     raise exception
[2026-04-05T07:48:12.206+0000] {subprocess.py:93} INFO -   File "/home/***/.local/lib/python3.8/site-packages/sqlalchemy/engine/base.py", line 3371, in _wrap_pool_connect
[2026-04-05T07:48:12.206+0000] {subprocess.py:93} INFO -     return fn()
[2026-04-05T07:48:12.206+0000] {subprocess.py:93} INFO -   File "/home/***/.local/lib/python3.8/site-packages/sqlalchemy/pool/base.py", line 327, in connect
[2026-04-05T07:48:12.207+0000] {subprocess.py:93} INFO -     return _ConnectionFairy._checkout(self)
[2026-04-05T07:48:12.207+0000] {subprocess.py:93} INFO -   File "/home/***/.local/lib/python3.8/site-packages/sqlalchemy/pool/base.py", line 894, in _checkout
[2026-04-05T07:48:12.207+0000] {subprocess.py:93} INFO -     fairy = _ConnectionRecord.checkout(pool)
[2026-04-05T07:48:12.208+0000] {subprocess.py:93} INFO -   File "/home/***/.local/lib/python3.8/site-packages/sqlalchemy/pool/base.py", line 493, in checkout
[2026-04-05T07:48:12.208+0000] {subprocess.py:93} INFO -     rec = pool._do_get()
[2026-04-05T07:48:12.208+0000] {subprocess.py:93} INFO -   File "/home/***/.local/lib/python3.8/site-packages/sqlalchemy/pool/impl.py", line 146, in _do_get
[2026-04-05T07:48:12.209+0000] {subprocess.py:93} INFO -     self._dec_overflow()
[2026-04-05T07:48:12.209+0000] {subprocess.py:93} INFO -   File "/home/***/.local/lib/python3.8/site-packages/sqlalchemy/util/langhelpers.py", line 70, in __exit__
[2026-04-05T07:48:12.209+0000] {subprocess.py:93} INFO -     compat.raise_(
[2026-04-05T07:48:12.209+0000] {subprocess.py:93} INFO -   File "/home/***/.local/lib/python3.8/site-packages/sqlalchemy/util/compat.py", line 211, in raise_
[2026-04-05T07:48:12.210+0000] {subprocess.py:93} INFO -     raise exception
[2026-04-05T07:48:12.210+0000] {subprocess.py:93} INFO -   File "/home/***/.local/lib/python3.8/site-packages/sqlalchemy/pool/impl.py", line 143, in _do_get
[2026-04-05T07:48:12.210+0000] {subprocess.py:93} INFO -     return self._create_connection()
[2026-04-05T07:48:12.211+0000] {subprocess.py:93} INFO -   File "/home/***/.local/lib/python3.8/site-packages/sqlalchemy/pool/base.py", line 273, in _create_connection
[2026-04-05T07:48:12.211+0000] {subprocess.py:93} INFO -     return _ConnectionRecord(self)
[2026-04-05T07:48:12.211+0000] {subprocess.py:93} INFO -   File "/home/***/.local/lib/python3.8/site-packages/sqlalchemy/pool/base.py", line 388, in __init__
[2026-04-05T07:48:12.212+0000] {subprocess.py:93} INFO -     self.__connect()
[2026-04-05T07:48:12.212+0000] {subprocess.py:93} INFO -   File "/home/***/.local/lib/python3.8/site-packages/sqlalchemy/pool/base.py", line 691, in __connect
[2026-04-05T07:48:12.213+0000] {subprocess.py:93} INFO -     pool.logger.debug("Error on connect(): %s", e)
[2026-04-05T07:48:12.213+0000] {subprocess.py:93} INFO -   File "/home/***/.local/lib/python3.8/site-packages/sqlalchemy/util/langhelpers.py", line 70, in __exit__
[2026-04-05T07:48:12.213+0000] {subprocess.py:93} INFO -     compat.raise_(
[2026-04-05T07:48:12.214+0000] {subprocess.py:93} INFO -   File "/home/***/.local/lib/python3.8/site-packages/sqlalchemy/util/compat.py", line 211, in raise_
[2026-04-05T07:48:12.214+0000] {subprocess.py:93} INFO -     raise exception
[2026-04-05T07:48:12.214+0000] {subprocess.py:93} INFO -   File "/home/***/.local/lib/python3.8/site-packages/sqlalchemy/pool/base.py", line 686, in __connect
[2026-04-05T07:48:12.215+0000] {subprocess.py:93} INFO -     self.dbapi_connection = connection = pool._invoke_creator(self)
[2026-04-05T07:48:12.215+0000] {subprocess.py:93} INFO -   File "/home/***/.local/lib/python3.8/site-packages/sqlalchemy/engine/create.py", line 574, in connect
[2026-04-05T07:48:12.215+0000] {subprocess.py:93} INFO -     return dialect.connect(*cargs, **cparams)
[2026-04-05T07:48:12.216+0000] {subprocess.py:93} INFO -   File "/home/***/.local/lib/python3.8/site-packages/sqlalchemy/engine/default.py", line 598, in connect
[2026-04-05T07:48:12.216+0000] {subprocess.py:93} INFO -     return self.dbapi.connect(*cargs, **cparams)
[2026-04-05T07:48:12.216+0000] {subprocess.py:93} INFO -   File "/home/***/.local/lib/python3.8/site-packages/psycopg2/__init__.py", line 122, in connect
[2026-04-05T07:48:12.217+0000] {subprocess.py:93} INFO -     conn = _connect(dsn, connection_factory=connection_factory, **kwasync)
[2026-04-05T07:48:12.217+0000] {subprocess.py:93} INFO - sqlalchemy.exc.OperationalError: (psycopg2.OperationalError) connection to server at "localhost" (::1), port 5432 failed: Connection refused
[2026-04-05T07:48:12.218+0000] {subprocess.py:93} INFO - 	Is the server running on that host and accepting TCP/IP connections?
[2026-04-05T07:48:12.218+0000] {subprocess.py:93} INFO - connection to server at "localhost" (127.0.0.1), port 5432 failed: Connection refused
[2026-04-05T07:48:12.219+0000] {subprocess.py:93} INFO - 	Is the server running on that host and accepting TCP/IP connections?
[2026-04-05T07:48:12.219+0000] {subprocess.py:93} INFO - 
[2026-04-05T07:48:12.219+0000] {subprocess.py:93} INFO - (Background on this error at: https://sqlalche.me/e/14/e3q8)
[2026-04-05T07:48:12.220+0000] {subprocess.py:97} INFO - Command exited with return code 1
[2026-04-05T07:48:12.233+0000] {taskinstance.py:2698} ERROR - Task failed with exception
Traceback (most recent call last):
  File "/home/airflow/.local/lib/python3.8/site-packages/airflow/models/taskinstance.py", line 433, in _execute_task
    result = execute_callable(context=context, **execute_callable_kwargs)
  File "/home/airflow/.local/lib/python3.8/site-packages/airflow/operators/bash.py", line 212, in execute
    raise AirflowException(
airflow.exceptions.AirflowException: Bash command failed. The command returned a non-zero exit code 1.
[2026-04-05T07:48:12.236+0000] {taskinstance.py:1138} INFO - Marking task as FAILED. dag_id=job_search_medallion_pipeline_v1, task_id=clean_to_silver, execution_date=20260405T071003, start_date=20260405T074811, end_date=20260405T074812
[2026-04-05T07:48:12.252+0000] {standard_task_runner.py:107} ERROR - Failed to execute job 39 for task clean_to_silver (Bash command failed. The command returned a non-zero exit code 1.; 198)
[2026-04-05T07:48:12.268+0000] {local_task_job_runner.py:234} INFO - Task exited with return code 1
[2026-04-05T07:48:12.293+0000] {taskinstance.py:3280} INFO - 0 downstream tasks scheduled from follow-on schedule check
