[2026-04-05T07:50:11.831+0000] {logging_mixin.py:188} INFO - Changing /opt/***/logs/dag_id=job_search_medallion_pipeline_v1/run_id=manual__2026-04-05T07:10:03.640007+00:00/task_id=clean_to_silver permission to 509
[2026-04-05T07:50:11.831+0000] {logging_mixin.py:188} INFO - Failed to change /opt/***/logs/dag_id=job_search_medallion_pipeline_v1/run_id=manual__2026-04-05T07:10:03.640007+00:00/task_id=clean_to_silver permission to 509: [Errno 1] Operation not permitted: '/opt/***/logs/dag_id=job_search_medallion_pipeline_v1/run_id=manual__2026-04-05T07:10:03.640007+00:00/task_id=clean_to_silver'
[2026-04-05T07:50:11.873+0000] {logging_mixin.py:188} INFO - Changing /opt/***/logs/dag_id=job_search_medallion_pipeline_v1/run_id=manual__2026-04-05T07:10:03.640007+00:00/task_id=clean_to_silver permission to 509
[2026-04-05T07:50:11.874+0000] {logging_mixin.py:188} INFO - Failed to change /opt/***/logs/dag_id=job_search_medallion_pipeline_v1/run_id=manual__2026-04-05T07:10:03.640007+00:00/task_id=clean_to_silver permission to 509: [Errno 1] Operation not permitted: '/opt/***/logs/dag_id=job_search_medallion_pipeline_v1/run_id=manual__2026-04-05T07:10:03.640007+00:00/task_id=clean_to_silver'
[2026-04-05T07:50:11.916+0000] {taskinstance.py:1956} INFO - Dependencies all met for dep_context=non-requeueable deps ti=<TaskInstance: job_search_medallion_pipeline_v1.clean_to_silver manual__2026-04-05T07:10:03.640007+00:00 [queued]>
[2026-04-05T07:50:11.925+0000] {taskinstance.py:1956} INFO - Dependencies all met for dep_context=requeueable deps ti=<TaskInstance: job_search_medallion_pipeline_v1.clean_to_silver manual__2026-04-05T07:10:03.640007+00:00 [queued]>
[2026-04-05T07:50:11.926+0000] {taskinstance.py:2170} INFO - Starting attempt 5 of 6
[2026-04-05T07:50:11.941+0000] {taskinstance.py:2191} INFO - Executing <Task(BashOperator): clean_to_silver> on 2026-04-05 07:10:03.640007+00:00
[2026-04-05T07:50:11.947+0000] {standard_task_runner.py:60} INFO - Started process 249 to run task
[2026-04-05T07:50:11.950+0000] {standard_task_runner.py:87} INFO - Running: ['***', 'tasks', 'run', 'job_search_medallion_pipeline_v1', 'clean_to_silver', 'manual__2026-04-05T07:10:03.640007+00:00', '--job-id', '42', '--raw', '--subdir', 'DAGS_FOLDER/job_scraper_dag.py', '--cfg-path', '/tmp/tmplg_ub4yz']
[2026-04-05T07:50:11.952+0000] {standard_task_runner.py:88} INFO - Job 42: Subtask clean_to_silver
[2026-04-05T07:50:12.008+0000] {logging_mixin.py:188} INFO - Changing /opt/***/logs/dag_id=job_search_medallion_pipeline_v1/run_id=manual__2026-04-05T07:10:03.640007+00:00/task_id=clean_to_silver permission to 509
[2026-04-05T07:50:12.009+0000] {logging_mixin.py:188} INFO - Failed to change /opt/***/logs/dag_id=job_search_medallion_pipeline_v1/run_id=manual__2026-04-05T07:10:03.640007+00:00/task_id=clean_to_silver permission to 509: [Errno 1] Operation not permitted: '/opt/***/logs/dag_id=job_search_medallion_pipeline_v1/run_id=manual__2026-04-05T07:10:03.640007+00:00/task_id=clean_to_silver'
[2026-04-05T07:50:12.019+0000] {task_command.py:423} INFO - Running <TaskInstance: job_search_medallion_pipeline_v1.clean_to_silver manual__2026-04-05T07:10:03.640007+00:00 [running]> on host 1a7e565aeb59
[2026-04-05T07:50:12.119+0000] {taskinstance.py:2480} INFO - Exporting env vars: AIRFLOW_CTX_DAG_OWNER='rafif' AIRFLOW_CTX_DAG_ID='job_search_medallion_pipeline_v1' AIRFLOW_CTX_TASK_ID='clean_to_silver' AIRFLOW_CTX_EXECUTION_DATE='2026-04-05T07:10:03.640007+00:00' AIRFLOW_CTX_TRY_NUMBER='5' AIRFLOW_CTX_DAG_RUN_ID='manual__2026-04-05T07:10:03.640007+00:00'
[2026-04-05T07:50:12.122+0000] {subprocess.py:63} INFO - Tmp dir root location: /tmp
[2026-04-05T07:50:12.123+0000] {subprocess.py:75} INFO - Running command: ['/usr/bin/bash', '-c', 'python3 /opt/***/dags/scripts/silver_layer.py']
[2026-04-05T07:50:12.140+0000] {subprocess.py:86} INFO - Output:
[2026-04-05T07:50:12.476+0000] {subprocess.py:93} INFO - 
[2026-04-05T07:50:12.476+0000] {subprocess.py:93} INFO - --- [SILVER LAYER] Cleaning & Parsing to 'silver' schema ---
[2026-04-05T07:50:12.487+0000] {subprocess.py:93} INFO - Traceback (most recent call last):
[2026-04-05T07:50:12.488+0000] {subprocess.py:93} INFO -   File "/home/***/.local/lib/python3.8/site-packages/sqlalchemy/engine/base.py", line 3371, in _wrap_pool_connect
[2026-04-05T07:50:12.488+0000] {subprocess.py:93} INFO -     return fn()
[2026-04-05T07:50:12.488+0000] {subprocess.py:93} INFO -   File "/home/***/.local/lib/python3.8/site-packages/sqlalchemy/pool/base.py", line 327, in connect
[2026-04-05T07:50:12.489+0000] {subprocess.py:93} INFO -     return _ConnectionFairy._checkout(self)
[2026-04-05T07:50:12.489+0000] {subprocess.py:93} INFO -   File "/home/***/.local/lib/python3.8/site-packages/sqlalchemy/pool/base.py", line 894, in _checkout
[2026-04-05T07:50:12.489+0000] {subprocess.py:93} INFO -     fairy = _ConnectionRecord.checkout(pool)
[2026-04-05T07:50:12.490+0000] {subprocess.py:93} INFO -   File "/home/***/.local/lib/python3.8/site-packages/sqlalchemy/pool/base.py", line 493, in checkout
[2026-04-05T07:50:12.490+0000] {subprocess.py:93} INFO -     rec = pool._do_get()
[2026-04-05T07:50:12.491+0000] {subprocess.py:93} INFO -   File "/home/***/.local/lib/python3.8/site-packages/sqlalchemy/pool/impl.py", line 146, in _do_get
[2026-04-05T07:50:12.491+0000] {subprocess.py:93} INFO -     self._dec_overflow()
[2026-04-05T07:50:12.491+0000] {subprocess.py:93} INFO -   File "/home/***/.local/lib/python3.8/site-packages/sqlalchemy/util/langhelpers.py", line 70, in __exit__
[2026-04-05T07:50:12.492+0000] {subprocess.py:93} INFO -     compat.raise_(
[2026-04-05T07:50:12.492+0000] {subprocess.py:93} INFO -   File "/home/***/.local/lib/python3.8/site-packages/sqlalchemy/util/compat.py", line 211, in raise_
[2026-04-05T07:50:12.492+0000] {subprocess.py:93} INFO -     raise exception
[2026-04-05T07:50:12.493+0000] {subprocess.py:93} INFO -   File "/home/***/.local/lib/python3.8/site-packages/sqlalchemy/pool/impl.py", line 143, in _do_get
[2026-04-05T07:50:12.493+0000] {subprocess.py:93} INFO -     return self._create_connection()
[2026-04-05T07:50:12.493+0000] {subprocess.py:93} INFO -   File "/home/***/.local/lib/python3.8/site-packages/sqlalchemy/pool/base.py", line 273, in _create_connection
[2026-04-05T07:50:12.494+0000] {subprocess.py:93} INFO -     return _ConnectionRecord(self)
[2026-04-05T07:50:12.494+0000] {subprocess.py:93} INFO -   File "/home/***/.local/lib/python3.8/site-packages/sqlalchemy/pool/base.py", line 388, in __init__
[2026-04-05T07:50:12.494+0000] {subprocess.py:93} INFO -     self.__connect()
[2026-04-05T07:50:12.495+0000] {subprocess.py:93} INFO -   File "/home/***/.local/lib/python3.8/site-packages/sqlalchemy/pool/base.py", line 691, in __connect
[2026-04-05T07:50:12.495+0000] {subprocess.py:93} INFO -     pool.logger.debug("Error on connect(): %s", e)
[2026-04-05T07:50:12.495+0000] {subprocess.py:93} INFO -   File "/home/***/.local/lib/python3.8/site-packages/sqlalchemy/util/langhelpers.py", line 70, in __exit__
[2026-04-05T07:50:12.496+0000] {subprocess.py:93} INFO -     compat.raise_(
[2026-04-05T07:50:12.496+0000] {subprocess.py:93} INFO -   File "/home/***/.local/lib/python3.8/site-packages/sqlalchemy/util/compat.py", line 211, in raise_
[2026-04-05T07:50:12.497+0000] {subprocess.py:93} INFO -     raise exception
[2026-04-05T07:50:12.497+0000] {subprocess.py:93} INFO -   File "/home/***/.local/lib/python3.8/site-packages/sqlalchemy/pool/base.py", line 686, in __connect
[2026-04-05T07:50:12.498+0000] {subprocess.py:93} INFO -     self.dbapi_connection = connection = pool._invoke_creator(self)
[2026-04-05T07:50:12.498+0000] {subprocess.py:93} INFO -   File "/home/***/.local/lib/python3.8/site-packages/sqlalchemy/engine/create.py", line 574, in connect
[2026-04-05T07:50:12.499+0000] {subprocess.py:93} INFO -     return dialect.connect(*cargs, **cparams)
[2026-04-05T07:50:12.499+0000] {subprocess.py:93} INFO -   File "/home/***/.local/lib/python3.8/site-packages/sqlalchemy/engine/default.py", line 598, in connect
[2026-04-05T07:50:12.499+0000] {subprocess.py:93} INFO -     return self.dbapi.connect(*cargs, **cparams)
[2026-04-05T07:50:12.500+0000] {subprocess.py:93} INFO -   File "/home/***/.local/lib/python3.8/site-packages/psycopg2/__init__.py", line 122, in connect
[2026-04-05T07:50:12.501+0000] {subprocess.py:93} INFO -     conn = _connect(dsn, connection_factory=connection_factory, **kwasync)
[2026-04-05T07:50:12.501+0000] {subprocess.py:93} INFO - psycopg2.OperationalError: connection to server at "localhost" (::1), port 5432 failed: Connection refused
[2026-04-05T07:50:12.501+0000] {subprocess.py:93} INFO - 	Is the server running on that host and accepting TCP/IP connections?
[2026-04-05T07:50:12.502+0000] {subprocess.py:93} INFO - connection to server at "localhost" (127.0.0.1), port 5432 failed: Connection refused
[2026-04-05T07:50:12.502+0000] {subprocess.py:93} INFO - 	Is the server running on that host and accepting TCP/IP connections?
[2026-04-05T07:50:12.502+0000] {subprocess.py:93} INFO - 
[2026-04-05T07:50:12.503+0000] {subprocess.py:93} INFO - 
[2026-04-05T07:50:12.503+0000] {subprocess.py:93} INFO - The above exception was the direct cause of the following exception:
[2026-04-05T07:50:12.503+0000] {subprocess.py:93} INFO - 
[2026-04-05T07:50:12.504+0000] {subprocess.py:93} INFO - Traceback (most recent call last):
[2026-04-05T07:50:12.504+0000] {subprocess.py:93} INFO -   File "/opt/***/dags/scripts/silver_layer.py", line 116, in <module>
[2026-04-05T07:50:12.504+0000] {subprocess.py:93} INFO -     run_silver()
[2026-04-05T07:50:12.505+0000] {subprocess.py:93} INFO -   File "/opt/***/dags/scripts/silver_layer.py", line 104, in run_silver
[2026-04-05T07:50:12.505+0000] {subprocess.py:93} INFO -     with engine.begin() as conn:
[2026-04-05T07:50:12.505+0000] {subprocess.py:93} INFO -   File "/home/***/.local/lib/python3.8/site-packages/sqlalchemy/engine/base.py", line 3153, in begin
[2026-04-05T07:50:12.506+0000] {subprocess.py:93} INFO -     conn = self.connect(close_with_result=close_with_result)
[2026-04-05T07:50:12.506+0000] {subprocess.py:93} INFO -   File "/home/***/.local/lib/python3.8/site-packages/sqlalchemy/engine/base.py", line 3325, in connect
[2026-04-05T07:50:12.506+0000] {subprocess.py:93} INFO -     return self._connection_cls(self, close_with_result=close_with_result)
[2026-04-05T07:50:12.507+0000] {subprocess.py:93} INFO -   File "/home/***/.local/lib/python3.8/site-packages/sqlalchemy/engine/base.py", line 96, in __init__
[2026-04-05T07:50:12.507+0000] {subprocess.py:93} INFO -     else engine.raw_connection()
[2026-04-05T07:50:12.507+0000] {subprocess.py:93} INFO -   File "/home/***/.local/lib/python3.8/site-packages/sqlalchemy/engine/base.py", line 3404, in raw_connection
[2026-04-05T07:50:12.508+0000] {subprocess.py:93} INFO -     return self._wrap_pool_connect(self.pool.connect, _connection)
[2026-04-05T07:50:12.509+0000] {subprocess.py:93} INFO -   File "/home/***/.local/lib/python3.8/site-packages/sqlalchemy/engine/base.py", line 3374, in _wrap_pool_connect
[2026-04-05T07:50:12.509+0000] {subprocess.py:93} INFO -     Connection._handle_dbapi_exception_noconnection(
[2026-04-05T07:50:12.509+0000] {subprocess.py:93} INFO -   File "/home/***/.local/lib/python3.8/site-packages/sqlalchemy/engine/base.py", line 2208, in _handle_dbapi_exception_noconnection
[2026-04-05T07:50:12.510+0000] {subprocess.py:93} INFO -     util.raise_(
[2026-04-05T07:50:12.510+0000] {subprocess.py:93} INFO -   File "/home/***/.local/lib/python3.8/site-packages/sqlalchemy/util/compat.py", line 211, in raise_
[2026-04-05T07:50:12.510+0000] {subprocess.py:93} INFO -     raise exception
[2026-04-05T07:50:12.510+0000] {subprocess.py:93} INFO -   File "/home/***/.local/lib/python3.8/site-packages/sqlalchemy/engine/base.py", line 3371, in _wrap_pool_connect
[2026-04-05T07:50:12.511+0000] {subprocess.py:93} INFO -     return fn()
[2026-04-05T07:50:12.511+0000] {subprocess.py:93} INFO -   File "/home/***/.local/lib/python3.8/site-packages/sqlalchemy/pool/base.py", line 327, in connect
[2026-04-05T07:50:12.512+0000] {subprocess.py:93} INFO -     return _ConnectionFairy._checkout(self)
[2026-04-05T07:50:12.512+0000] {subprocess.py:93} INFO -   File "/home/***/.local/lib/python3.8/site-packages/sqlalchemy/pool/base.py", line 894, in _checkout
[2026-04-05T07:50:12.512+0000] {subprocess.py:93} INFO -     fairy = _ConnectionRecord.checkout(pool)
[2026-04-05T07:50:12.513+0000] {subprocess.py:93} INFO -   File "/home/***/.local/lib/python3.8/site-packages/sqlalchemy/pool/base.py", line 493, in checkout
[2026-04-05T07:50:12.513+0000] {subprocess.py:93} INFO -     rec = pool._do_get()
[2026-04-05T07:50:12.513+0000] {subprocess.py:93} INFO -   File "/home/***/.local/lib/python3.8/site-packages/sqlalchemy/pool/impl.py", line 146, in _do_get
[2026-04-05T07:50:12.514+0000] {subprocess.py:93} INFO -     self._dec_overflow()
[2026-04-05T07:50:12.514+0000] {subprocess.py:93} INFO -   File "/home/***/.local/lib/python3.8/site-packages/sqlalchemy/util/langhelpers.py", line 70, in __exit__
[2026-04-05T07:50:12.514+0000] {subprocess.py:93} INFO -     compat.raise_(
[2026-04-05T07:50:12.515+0000] {subprocess.py:93} INFO -   File "/home/***/.local/lib/python3.8/site-packages/sqlalchemy/util/compat.py", line 211, in raise_
[2026-04-05T07:50:12.515+0000] {subprocess.py:93} INFO -     raise exception
[2026-04-05T07:50:12.515+0000] {subprocess.py:93} INFO -   File "/home/***/.local/lib/python3.8/site-packages/sqlalchemy/pool/impl.py", line 143, in _do_get
[2026-04-05T07:50:12.516+0000] {subprocess.py:93} INFO -     return self._create_connection()
[2026-04-05T07:50:12.516+0000] {subprocess.py:93} INFO -   File "/home/***/.local/lib/python3.8/site-packages/sqlalchemy/pool/base.py", line 273, in _create_connection
[2026-04-05T07:50:12.517+0000] {subprocess.py:93} INFO -     return _ConnectionRecord(self)
[2026-04-05T07:50:12.517+0000] {subprocess.py:93} INFO -   File "/home/***/.local/lib/python3.8/site-packages/sqlalchemy/pool/base.py", line 388, in __init__
[2026-04-05T07:50:12.518+0000] {subprocess.py:93} INFO -     self.__connect()
[2026-04-05T07:50:12.518+0000] {subprocess.py:93} INFO -   File "/home/***/.local/lib/python3.8/site-packages/sqlalchemy/pool/base.py", line 691, in __connect
[2026-04-05T07:50:12.518+0000] {subprocess.py:93} INFO -     pool.logger.debug("Error on connect(): %s", e)
[2026-04-05T07:50:12.519+0000] {subprocess.py:93} INFO -   File "/home/***/.local/lib/python3.8/site-packages/sqlalchemy/util/langhelpers.py", line 70, in __exit__
[2026-04-05T07:50:12.519+0000] {subprocess.py:93} INFO -     compat.raise_(
[2026-04-05T07:50:12.519+0000] {subprocess.py:93} INFO -   File "/home/***/.local/lib/python3.8/site-packages/sqlalchemy/util/compat.py", line 211, in raise_
[2026-04-05T07:50:12.520+0000] {subprocess.py:93} INFO -     raise exception
[2026-04-05T07:50:12.520+0000] {subprocess.py:93} INFO -   File "/home/***/.local/lib/python3.8/site-packages/sqlalchemy/pool/base.py", line 686, in __connect
[2026-04-05T07:50:12.520+0000] {subprocess.py:93} INFO -     self.dbapi_connection = connection = pool._invoke_creator(self)
[2026-04-05T07:50:12.521+0000] {subprocess.py:93} INFO -   File "/home/***/.local/lib/python3.8/site-packages/sqlalchemy/engine/create.py", line 574, in connect
[2026-04-05T07:50:12.521+0000] {subprocess.py:93} INFO -     return dialect.connect(*cargs, **cparams)
[2026-04-05T07:50:12.521+0000] {subprocess.py:93} INFO -   File "/home/***/.local/lib/python3.8/site-packages/sqlalchemy/engine/default.py", line 598, in connect
[2026-04-05T07:50:12.522+0000] {subprocess.py:93} INFO -     return self.dbapi.connect(*cargs, **cparams)
[2026-04-05T07:50:12.522+0000] {subprocess.py:93} INFO -   File "/home/***/.local/lib/python3.8/site-packages/psycopg2/__init__.py", line 122, in connect
[2026-04-05T07:50:12.522+0000] {subprocess.py:93} INFO -     conn = _connect(dsn, connection_factory=connection_factory, **kwasync)
[2026-04-05T07:50:12.523+0000] {subprocess.py:93} INFO - sqlalchemy.exc.OperationalError: (psycopg2.OperationalError) connection to server at "localhost" (::1), port 5432 failed: Connection refused
[2026-04-05T07:50:12.523+0000] {subprocess.py:93} INFO - 	Is the server running on that host and accepting TCP/IP connections?
[2026-04-05T07:50:12.523+0000] {subprocess.py:93} INFO - connection to server at "localhost" (127.0.0.1), port 5432 failed: Connection refused
[2026-04-05T07:50:12.524+0000] {subprocess.py:93} INFO - 	Is the server running on that host and accepting TCP/IP connections?
[2026-04-05T07:50:12.524+0000] {subprocess.py:93} INFO - 
[2026-04-05T07:50:12.524+0000] {subprocess.py:93} INFO - (Background on this error at: https://sqlalche.me/e/14/e3q8)
[2026-04-05T07:50:12.525+0000] {subprocess.py:97} INFO - Command exited with return code 1
[2026-04-05T07:50:12.540+0000] {taskinstance.py:2698} ERROR - Task failed with exception
Traceback (most recent call last):
  File "/home/airflow/.local/lib/python3.8/site-packages/airflow/models/taskinstance.py", line 433, in _execute_task
    result = execute_callable(context=context, **execute_callable_kwargs)
  File "/home/airflow/.local/lib/python3.8/site-packages/airflow/operators/bash.py", line 212, in execute
    raise AirflowException(
airflow.exceptions.AirflowException: Bash command failed. The command returned a non-zero exit code 1.
[2026-04-05T07:50:12.544+0000] {taskinstance.py:1138} INFO - Marking task as UP_FOR_RETRY. dag_id=job_search_medallion_pipeline_v1, task_id=clean_to_silver, execution_date=20260405T071003, start_date=20260405T075011, end_date=20260405T075012
[2026-04-05T07:50:12.559+0000] {standard_task_runner.py:107} ERROR - Failed to execute job 42 for task clean_to_silver (Bash command failed. The command returned a non-zero exit code 1.; 249)
[2026-04-05T07:50:12.591+0000] {local_task_job_runner.py:234} INFO - Task exited with return code 1
[2026-04-05T07:50:12.615+0000] {taskinstance.py:3280} INFO - 0 downstream tasks scheduled from follow-on schedule check
