[2026-04-05T07:38:31.643+0000] {logging_mixin.py:188} INFO - Changing /opt/***/logs/dag_id=job_search_medallion_pipeline_v1/run_id=manual__2026-04-05T07:10:03.640007+00:00/task_id=clean_to_silver permission to 509
[2026-04-05T07:38:31.644+0000] {logging_mixin.py:188} INFO - Failed to change /opt/***/logs/dag_id=job_search_medallion_pipeline_v1/run_id=manual__2026-04-05T07:10:03.640007+00:00/task_id=clean_to_silver permission to 509: [Errno 1] Operation not permitted: '/opt/***/logs/dag_id=job_search_medallion_pipeline_v1/run_id=manual__2026-04-05T07:10:03.640007+00:00/task_id=clean_to_silver'
[2026-04-05T07:38:31.683+0000] {logging_mixin.py:188} INFO - Changing /opt/***/logs/dag_id=job_search_medallion_pipeline_v1/run_id=manual__2026-04-05T07:10:03.640007+00:00/task_id=clean_to_silver permission to 509
[2026-04-05T07:38:31.684+0000] {logging_mixin.py:188} INFO - Failed to change /opt/***/logs/dag_id=job_search_medallion_pipeline_v1/run_id=manual__2026-04-05T07:10:03.640007+00:00/task_id=clean_to_silver permission to 509: [Errno 1] Operation not permitted: '/opt/***/logs/dag_id=job_search_medallion_pipeline_v1/run_id=manual__2026-04-05T07:10:03.640007+00:00/task_id=clean_to_silver'
[2026-04-05T07:38:31.733+0000] {taskinstance.py:1956} INFO - Dependencies all met for dep_context=non-requeueable deps ti=<TaskInstance: job_search_medallion_pipeline_v1.clean_to_silver manual__2026-04-05T07:10:03.640007+00:00 [queued]>
[2026-04-05T07:38:31.744+0000] {taskinstance.py:1956} INFO - Dependencies all met for dep_context=requeueable deps ti=<TaskInstance: job_search_medallion_pipeline_v1.clean_to_silver manual__2026-04-05T07:10:03.640007+00:00 [queued]>
[2026-04-05T07:38:31.745+0000] {taskinstance.py:2170} INFO - Starting attempt 2 of 3
[2026-04-05T07:38:31.761+0000] {taskinstance.py:2191} INFO - Executing <Task(BashOperator): clean_to_silver> on 2026-04-05 07:10:03.640007+00:00
[2026-04-05T07:38:31.768+0000] {standard_task_runner.py:60} INFO - Started process 261 to run task
[2026-04-05T07:38:31.771+0000] {standard_task_runner.py:87} INFO - Running: ['***', 'tasks', 'run', 'job_search_medallion_pipeline_v1', 'clean_to_silver', 'manual__2026-04-05T07:10:03.640007+00:00', '--job-id', '36', '--raw', '--subdir', 'DAGS_FOLDER/job_scraper_dag.py', '--cfg-path', '/tmp/tmpffm622vt']
[2026-04-05T07:38:31.773+0000] {standard_task_runner.py:88} INFO - Job 36: Subtask clean_to_silver
[2026-04-05T07:38:31.830+0000] {logging_mixin.py:188} INFO - Changing /opt/***/logs/dag_id=job_search_medallion_pipeline_v1/run_id=manual__2026-04-05T07:10:03.640007+00:00/task_id=clean_to_silver permission to 509
[2026-04-05T07:38:31.831+0000] {logging_mixin.py:188} INFO - Failed to change /opt/***/logs/dag_id=job_search_medallion_pipeline_v1/run_id=manual__2026-04-05T07:10:03.640007+00:00/task_id=clean_to_silver permission to 509: [Errno 1] Operation not permitted: '/opt/***/logs/dag_id=job_search_medallion_pipeline_v1/run_id=manual__2026-04-05T07:10:03.640007+00:00/task_id=clean_to_silver'
[2026-04-05T07:38:31.841+0000] {task_command.py:423} INFO - Running <TaskInstance: job_search_medallion_pipeline_v1.clean_to_silver manual__2026-04-05T07:10:03.640007+00:00 [running]> on host 14c85699bf15
[2026-04-05T07:38:31.934+0000] {taskinstance.py:2480} INFO - Exporting env vars: AIRFLOW_CTX_DAG_OWNER='rafif' AIRFLOW_CTX_DAG_ID='job_search_medallion_pipeline_v1' AIRFLOW_CTX_TASK_ID='clean_to_silver' AIRFLOW_CTX_EXECUTION_DATE='2026-04-05T07:10:03.640007+00:00' AIRFLOW_CTX_TRY_NUMBER='2' AIRFLOW_CTX_DAG_RUN_ID='manual__2026-04-05T07:10:03.640007+00:00'
[2026-04-05T07:38:31.935+0000] {subprocess.py:63} INFO - Tmp dir root location: /tmp
[2026-04-05T07:38:31.936+0000] {subprocess.py:75} INFO - Running command: ['/usr/bin/bash', '-c', 'python3 /opt/***/dags/scripts/silver_layer.py']
[2026-04-05T07:38:31.948+0000] {subprocess.py:86} INFO - Output:
[2026-04-05T07:38:32.225+0000] {subprocess.py:93} INFO - 
[2026-04-05T07:38:32.225+0000] {subprocess.py:93} INFO - --- [SILVER LAYER] Cleaning & Parsing to 'silver' schema ---
[2026-04-05T07:38:32.236+0000] {subprocess.py:93} INFO - Traceback (most recent call last):
[2026-04-05T07:38:32.237+0000] {subprocess.py:93} INFO -   File "/home/***/.local/lib/python3.8/site-packages/sqlalchemy/engine/base.py", line 3371, in _wrap_pool_connect
[2026-04-05T07:38:32.237+0000] {subprocess.py:93} INFO -     return fn()
[2026-04-05T07:38:32.238+0000] {subprocess.py:93} INFO -   File "/home/***/.local/lib/python3.8/site-packages/sqlalchemy/pool/base.py", line 327, in connect
[2026-04-05T07:38:32.238+0000] {subprocess.py:93} INFO -     return _ConnectionFairy._checkout(self)
[2026-04-05T07:38:32.238+0000] {subprocess.py:93} INFO -   File "/home/***/.local/lib/python3.8/site-packages/sqlalchemy/pool/base.py", line 894, in _checkout
[2026-04-05T07:38:32.239+0000] {subprocess.py:93} INFO -     fairy = _ConnectionRecord.checkout(pool)
[2026-04-05T07:38:32.239+0000] {subprocess.py:93} INFO -   File "/home/***/.local/lib/python3.8/site-packages/sqlalchemy/pool/base.py", line 493, in checkout
[2026-04-05T07:38:32.240+0000] {subprocess.py:93} INFO -     rec = pool._do_get()
[2026-04-05T07:38:32.240+0000] {subprocess.py:93} INFO -   File "/home/***/.local/lib/python3.8/site-packages/sqlalchemy/pool/impl.py", line 146, in _do_get
[2026-04-05T07:38:32.240+0000] {subprocess.py:93} INFO -     self._dec_overflow()
[2026-04-05T07:38:32.241+0000] {subprocess.py:93} INFO -   File "/home/***/.local/lib/python3.8/site-packages/sqlalchemy/util/langhelpers.py", line 70, in __exit__
[2026-04-05T07:38:32.241+0000] {subprocess.py:93} INFO -     compat.raise_(
[2026-04-05T07:38:32.241+0000] {subprocess.py:93} INFO -   File "/home/***/.local/lib/python3.8/site-packages/sqlalchemy/util/compat.py", line 211, in raise_
[2026-04-05T07:38:32.242+0000] {subprocess.py:93} INFO -     raise exception
[2026-04-05T07:38:32.242+0000] {subprocess.py:93} INFO -   File "/home/***/.local/lib/python3.8/site-packages/sqlalchemy/pool/impl.py", line 143, in _do_get
[2026-04-05T07:38:32.242+0000] {subprocess.py:93} INFO -     return self._create_connection()
[2026-04-05T07:38:32.243+0000] {subprocess.py:93} INFO -   File "/home/***/.local/lib/python3.8/site-packages/sqlalchemy/pool/base.py", line 273, in _create_connection
[2026-04-05T07:38:32.243+0000] {subprocess.py:93} INFO -     return _ConnectionRecord(self)
[2026-04-05T07:38:32.243+0000] {subprocess.py:93} INFO -   File "/home/***/.local/lib/python3.8/site-packages/sqlalchemy/pool/base.py", line 388, in __init__
[2026-04-05T07:38:32.244+0000] {subprocess.py:93} INFO -     self.__connect()
[2026-04-05T07:38:32.244+0000] {subprocess.py:93} INFO -   File "/home/***/.local/lib/python3.8/site-packages/sqlalchemy/pool/base.py", line 691, in __connect
[2026-04-05T07:38:32.244+0000] {subprocess.py:93} INFO -     pool.logger.debug("Error on connect(): %s", e)
[2026-04-05T07:38:32.245+0000] {subprocess.py:93} INFO -   File "/home/***/.local/lib/python3.8/site-packages/sqlalchemy/util/langhelpers.py", line 70, in __exit__
[2026-04-05T07:38:32.245+0000] {subprocess.py:93} INFO -     compat.raise_(
[2026-04-05T07:38:32.246+0000] {subprocess.py:93} INFO -   File "/home/***/.local/lib/python3.8/site-packages/sqlalchemy/util/compat.py", line 211, in raise_
[2026-04-05T07:38:32.246+0000] {subprocess.py:93} INFO -     raise exception
[2026-04-05T07:38:32.246+0000] {subprocess.py:93} INFO -   File "/home/***/.local/lib/python3.8/site-packages/sqlalchemy/pool/base.py", line 686, in __connect
[2026-04-05T07:38:32.247+0000] {subprocess.py:93} INFO -     self.dbapi_connection = connection = pool._invoke_creator(self)
[2026-04-05T07:38:32.247+0000] {subprocess.py:93} INFO -   File "/home/***/.local/lib/python3.8/site-packages/sqlalchemy/engine/create.py", line 574, in connect
[2026-04-05T07:38:32.248+0000] {subprocess.py:93} INFO -     return dialect.connect(*cargs, **cparams)
[2026-04-05T07:38:32.249+0000] {subprocess.py:93} INFO -   File "/home/***/.local/lib/python3.8/site-packages/sqlalchemy/engine/default.py", line 598, in connect
[2026-04-05T07:38:32.250+0000] {subprocess.py:93} INFO -     return self.dbapi.connect(*cargs, **cparams)
[2026-04-05T07:38:32.250+0000] {subprocess.py:93} INFO -   File "/home/***/.local/lib/python3.8/site-packages/psycopg2/__init__.py", line 122, in connect
[2026-04-05T07:38:32.251+0000] {subprocess.py:93} INFO -     conn = _connect(dsn, connection_factory=connection_factory, **kwasync)
[2026-04-05T07:38:32.251+0000] {subprocess.py:93} INFO - psycopg2.OperationalError: connection to server at "localhost" (::1), port 5433 failed: Connection refused
[2026-04-05T07:38:32.251+0000] {subprocess.py:93} INFO - 	Is the server running on that host and accepting TCP/IP connections?
[2026-04-05T07:38:32.252+0000] {subprocess.py:93} INFO - connection to server at "localhost" (127.0.0.1), port 5433 failed: Connection refused
[2026-04-05T07:38:32.252+0000] {subprocess.py:93} INFO - 	Is the server running on that host and accepting TCP/IP connections?
[2026-04-05T07:38:32.252+0000] {subprocess.py:93} INFO - 
[2026-04-05T07:38:32.253+0000] {subprocess.py:93} INFO - 
[2026-04-05T07:38:32.253+0000] {subprocess.py:93} INFO - The above exception was the direct cause of the following exception:
[2026-04-05T07:38:32.253+0000] {subprocess.py:93} INFO - 
[2026-04-05T07:38:32.254+0000] {subprocess.py:93} INFO - Traceback (most recent call last):
[2026-04-05T07:38:32.254+0000] {subprocess.py:93} INFO -   File "/opt/***/dags/scripts/silver_layer.py", line 116, in <module>
[2026-04-05T07:38:32.255+0000] {subprocess.py:93} INFO -     run_silver()
[2026-04-05T07:38:32.255+0000] {subprocess.py:93} INFO -   File "/opt/***/dags/scripts/silver_layer.py", line 104, in run_silver
[2026-04-05T07:38:32.255+0000] {subprocess.py:93} INFO -     with engine.begin() as conn:
[2026-04-05T07:38:32.256+0000] {subprocess.py:93} INFO -   File "/home/***/.local/lib/python3.8/site-packages/sqlalchemy/engine/base.py", line 3153, in begin
[2026-04-05T07:38:32.256+0000] {subprocess.py:93} INFO -     conn = self.connect(close_with_result=close_with_result)
[2026-04-05T07:38:32.257+0000] {subprocess.py:93} INFO -   File "/home/***/.local/lib/python3.8/site-packages/sqlalchemy/engine/base.py", line 3325, in connect
[2026-04-05T07:38:32.257+0000] {subprocess.py:93} INFO -     return self._connection_cls(self, close_with_result=close_with_result)
[2026-04-05T07:38:32.257+0000] {subprocess.py:93} INFO -   File "/home/***/.local/lib/python3.8/site-packages/sqlalchemy/engine/base.py", line 96, in __init__
[2026-04-05T07:38:32.258+0000] {subprocess.py:93} INFO -     else engine.raw_connection()
[2026-04-05T07:38:32.258+0000] {subprocess.py:93} INFO -   File "/home/***/.local/lib/python3.8/site-packages/sqlalchemy/engine/base.py", line 3404, in raw_connection
[2026-04-05T07:38:32.259+0000] {subprocess.py:93} INFO -     return self._wrap_pool_connect(self.pool.connect, _connection)
[2026-04-05T07:38:32.259+0000] {subprocess.py:93} INFO -   File "/home/***/.local/lib/python3.8/site-packages/sqlalchemy/engine/base.py", line 3374, in _wrap_pool_connect
[2026-04-05T07:38:32.260+0000] {subprocess.py:93} INFO -     Connection._handle_dbapi_exception_noconnection(
[2026-04-05T07:38:32.260+0000] {subprocess.py:93} INFO -   File "/home/***/.local/lib/python3.8/site-packages/sqlalchemy/engine/base.py", line 2208, in _handle_dbapi_exception_noconnection
[2026-04-05T07:38:32.261+0000] {subprocess.py:93} INFO -     util.raise_(
[2026-04-05T07:38:32.262+0000] {subprocess.py:93} INFO -   File "/home/***/.local/lib/python3.8/site-packages/sqlalchemy/util/compat.py", line 211, in raise_
[2026-04-05T07:38:32.263+0000] {subprocess.py:93} INFO -     raise exception
[2026-04-05T07:38:32.263+0000] {subprocess.py:93} INFO -   File "/home/***/.local/lib/python3.8/site-packages/sqlalchemy/engine/base.py", line 3371, in _wrap_pool_connect
[2026-04-05T07:38:32.263+0000] {subprocess.py:93} INFO -     return fn()
[2026-04-05T07:38:32.264+0000] {subprocess.py:93} INFO -   File "/home/***/.local/lib/python3.8/site-packages/sqlalchemy/pool/base.py", line 327, in connect
[2026-04-05T07:38:32.264+0000] {subprocess.py:93} INFO -     return _ConnectionFairy._checkout(self)
[2026-04-05T07:38:32.265+0000] {subprocess.py:93} INFO -   File "/home/***/.local/lib/python3.8/site-packages/sqlalchemy/pool/base.py", line 894, in _checkout
[2026-04-05T07:38:32.265+0000] {subprocess.py:93} INFO -     fairy = _ConnectionRecord.checkout(pool)
[2026-04-05T07:38:32.265+0000] {subprocess.py:93} INFO -   File "/home/***/.local/lib/python3.8/site-packages/sqlalchemy/pool/base.py", line 493, in checkout
[2026-04-05T07:38:32.266+0000] {subprocess.py:93} INFO -     rec = pool._do_get()
[2026-04-05T07:38:32.266+0000] {subprocess.py:93} INFO -   File "/home/***/.local/lib/python3.8/site-packages/sqlalchemy/pool/impl.py", line 146, in _do_get
[2026-04-05T07:38:32.266+0000] {subprocess.py:93} INFO -     self._dec_overflow()
[2026-04-05T07:38:32.267+0000] {subprocess.py:93} INFO -   File "/home/***/.local/lib/python3.8/site-packages/sqlalchemy/util/langhelpers.py", line 70, in __exit__
[2026-04-05T07:38:32.267+0000] {subprocess.py:93} INFO -     compat.raise_(
[2026-04-05T07:38:32.268+0000] {subprocess.py:93} INFO -   File "/home/***/.local/lib/python3.8/site-packages/sqlalchemy/util/compat.py", line 211, in raise_
[2026-04-05T07:38:32.268+0000] {subprocess.py:93} INFO -     raise exception
[2026-04-05T07:38:32.269+0000] {subprocess.py:93} INFO -   File "/home/***/.local/lib/python3.8/site-packages/sqlalchemy/pool/impl.py", line 143, in _do_get
[2026-04-05T07:38:32.269+0000] {subprocess.py:93} INFO -     return self._create_connection()
[2026-04-05T07:38:32.269+0000] {subprocess.py:93} INFO -   File "/home/***/.local/lib/python3.8/site-packages/sqlalchemy/pool/base.py", line 273, in _create_connection
[2026-04-05T07:38:32.270+0000] {subprocess.py:93} INFO -     return _ConnectionRecord(self)
[2026-04-05T07:38:32.270+0000] {subprocess.py:93} INFO -   File "/home/***/.local/lib/python3.8/site-packages/sqlalchemy/pool/base.py", line 388, in __init__
[2026-04-05T07:38:32.271+0000] {subprocess.py:93} INFO -     self.__connect()
[2026-04-05T07:38:32.271+0000] {subprocess.py:93} INFO -   File "/home/***/.local/lib/python3.8/site-packages/sqlalchemy/pool/base.py", line 691, in __connect
[2026-04-05T07:38:32.271+0000] {subprocess.py:93} INFO -     pool.logger.debug("Error on connect(): %s", e)
[2026-04-05T07:38:32.272+0000] {subprocess.py:93} INFO -   File "/home/***/.local/lib/python3.8/site-packages/sqlalchemy/util/langhelpers.py", line 70, in __exit__
[2026-04-05T07:38:32.272+0000] {subprocess.py:93} INFO -     compat.raise_(
[2026-04-05T07:38:32.273+0000] {subprocess.py:93} INFO -   File "/home/***/.local/lib/python3.8/site-packages/sqlalchemy/util/compat.py", line 211, in raise_
[2026-04-05T07:38:32.273+0000] {subprocess.py:93} INFO -     raise exception
[2026-04-05T07:38:32.274+0000] {subprocess.py:93} INFO -   File "/home/***/.local/lib/python3.8/site-packages/sqlalchemy/pool/base.py", line 686, in __connect
[2026-04-05T07:38:32.274+0000] {subprocess.py:93} INFO -     self.dbapi_connection = connection = pool._invoke_creator(self)
[2026-04-05T07:38:32.274+0000] {subprocess.py:93} INFO -   File "/home/***/.local/lib/python3.8/site-packages/sqlalchemy/engine/create.py", line 574, in connect
[2026-04-05T07:38:32.275+0000] {subprocess.py:93} INFO -     return dialect.connect(*cargs, **cparams)
[2026-04-05T07:38:32.275+0000] {subprocess.py:93} INFO -   File "/home/***/.local/lib/python3.8/site-packages/sqlalchemy/engine/default.py", line 598, in connect
[2026-04-05T07:38:32.276+0000] {subprocess.py:93} INFO -     return self.dbapi.connect(*cargs, **cparams)
[2026-04-05T07:38:32.276+0000] {subprocess.py:93} INFO -   File "/home/***/.local/lib/python3.8/site-packages/psycopg2/__init__.py", line 122, in connect
[2026-04-05T07:38:32.277+0000] {subprocess.py:93} INFO -     conn = _connect(dsn, connection_factory=connection_factory, **kwasync)
[2026-04-05T07:38:32.277+0000] {subprocess.py:93} INFO - sqlalchemy.exc.OperationalError: (psycopg2.OperationalError) connection to server at "localhost" (::1), port 5433 failed: Connection refused
[2026-04-05T07:38:32.277+0000] {subprocess.py:93} INFO - 	Is the server running on that host and accepting TCP/IP connections?
[2026-04-05T07:38:32.278+0000] {subprocess.py:93} INFO - connection to server at "localhost" (127.0.0.1), port 5433 failed: Connection refused
[2026-04-05T07:38:32.278+0000] {subprocess.py:93} INFO - 	Is the server running on that host and accepting TCP/IP connections?
[2026-04-05T07:38:32.278+0000] {subprocess.py:93} INFO - 
[2026-04-05T07:38:32.279+0000] {subprocess.py:93} INFO - (Background on this error at: https://sqlalche.me/e/14/e3q8)
[2026-04-05T07:38:32.279+0000] {subprocess.py:97} INFO - Command exited with return code 1
[2026-04-05T07:38:32.295+0000] {taskinstance.py:2698} ERROR - Task failed with exception
Traceback (most recent call last):
  File "/home/airflow/.local/lib/python3.8/site-packages/airflow/models/taskinstance.py", line 433, in _execute_task
    result = execute_callable(context=context, **execute_callable_kwargs)
  File "/home/airflow/.local/lib/python3.8/site-packages/airflow/operators/bash.py", line 212, in execute
    raise AirflowException(
airflow.exceptions.AirflowException: Bash command failed. The command returned a non-zero exit code 1.
[2026-04-05T07:38:32.298+0000] {taskinstance.py:1138} INFO - Marking task as UP_FOR_RETRY. dag_id=job_search_medallion_pipeline_v1, task_id=clean_to_silver, execution_date=20260405T071003, start_date=20260405T073831, end_date=20260405T073832
[2026-04-05T07:38:32.311+0000] {standard_task_runner.py:107} ERROR - Failed to execute job 36 for task clean_to_silver (Bash command failed. The command returned a non-zero exit code 1.; 261)
[2026-04-05T07:38:32.342+0000] {local_task_job_runner.py:234} INFO - Task exited with return code 1
[2026-04-05T07:38:32.369+0000] {taskinstance.py:3280} INFO - 0 downstream tasks scheduled from follow-on schedule check
