[2026-04-10T09:21:37.218+0000] {logging_mixin.py:188} INFO - Changing /opt/***/logs/dag_id=job_search_medallion_pipeline_v1/run_id=scheduled__2026-04-09T00:00:00+00:00/task_id=scrape_glints_to_bronze permission to 509
[2026-04-10T09:21:37.219+0000] {logging_mixin.py:188} INFO - Failed to change /opt/***/logs/dag_id=job_search_medallion_pipeline_v1/run_id=scheduled__2026-04-09T00:00:00+00:00/task_id=scrape_glints_to_bronze permission to 509: [Errno 1] Operation not permitted: '/opt/***/logs/dag_id=job_search_medallion_pipeline_v1/run_id=scheduled__2026-04-09T00:00:00+00:00/task_id=scrape_glints_to_bronze'
[2026-04-10T09:21:37.260+0000] {logging_mixin.py:188} INFO - Changing /opt/***/logs/dag_id=job_search_medallion_pipeline_v1/run_id=scheduled__2026-04-09T00:00:00+00:00/task_id=scrape_glints_to_bronze permission to 509
[2026-04-10T09:21:37.261+0000] {logging_mixin.py:188} INFO - Failed to change /opt/***/logs/dag_id=job_search_medallion_pipeline_v1/run_id=scheduled__2026-04-09T00:00:00+00:00/task_id=scrape_glints_to_bronze permission to 509: [Errno 1] Operation not permitted: '/opt/***/logs/dag_id=job_search_medallion_pipeline_v1/run_id=scheduled__2026-04-09T00:00:00+00:00/task_id=scrape_glints_to_bronze'
[2026-04-10T09:21:37.308+0000] {taskinstance.py:1956} INFO - Dependencies all met for dep_context=non-requeueable deps ti=<TaskInstance: job_search_medallion_pipeline_v1.scrape_glints_to_bronze scheduled__2026-04-09T00:00:00+00:00 [queued]>
[2026-04-10T09:21:37.315+0000] {taskinstance.py:1956} INFO - Dependencies all met for dep_context=requeueable deps ti=<TaskInstance: job_search_medallion_pipeline_v1.scrape_glints_to_bronze scheduled__2026-04-09T00:00:00+00:00 [queued]>
[2026-04-10T09:21:37.316+0000] {taskinstance.py:2170} INFO - Starting attempt 1 of 2
[2026-04-10T09:21:37.329+0000] {taskinstance.py:2191} INFO - Executing <Task(BashOperator): scrape_glints_to_bronze> on 2026-04-09 00:00:00+00:00
[2026-04-10T09:21:37.335+0000] {standard_task_runner.py:60} INFO - Started process 198 to run task
[2026-04-10T09:21:37.339+0000] {standard_task_runner.py:87} INFO - Running: ['***', 'tasks', 'run', 'job_search_medallion_pipeline_v1', 'scrape_glints_to_bronze', 'scheduled__2026-04-09T00:00:00+00:00', '--job-id', '100', '--raw', '--subdir', 'DAGS_FOLDER/job_scraper_dag.py', '--cfg-path', '/tmp/tmp85a7j311']
[2026-04-10T09:21:37.341+0000] {standard_task_runner.py:88} INFO - Job 100: Subtask scrape_glints_to_bronze
[2026-04-10T09:21:37.399+0000] {logging_mixin.py:188} INFO - Changing /opt/***/logs/dag_id=job_search_medallion_pipeline_v1/run_id=scheduled__2026-04-09T00:00:00+00:00/task_id=scrape_glints_to_bronze permission to 509
[2026-04-10T09:21:37.399+0000] {logging_mixin.py:188} INFO - Failed to change /opt/***/logs/dag_id=job_search_medallion_pipeline_v1/run_id=scheduled__2026-04-09T00:00:00+00:00/task_id=scrape_glints_to_bronze permission to 509: [Errno 1] Operation not permitted: '/opt/***/logs/dag_id=job_search_medallion_pipeline_v1/run_id=scheduled__2026-04-09T00:00:00+00:00/task_id=scrape_glints_to_bronze'
[2026-04-10T09:21:37.410+0000] {task_command.py:423} INFO - Running <TaskInstance: job_search_medallion_pipeline_v1.scrape_glints_to_bronze scheduled__2026-04-09T00:00:00+00:00 [running]> on host fa0bf68e89d0
[2026-04-10T09:21:37.499+0000] {taskinstance.py:2480} INFO - Exporting env vars: AIRFLOW_CTX_DAG_OWNER='rafif' AIRFLOW_CTX_DAG_ID='job_search_medallion_pipeline_v1' AIRFLOW_CTX_TASK_ID='scrape_glints_to_bronze' AIRFLOW_CTX_EXECUTION_DATE='2026-04-09T00:00:00+00:00' AIRFLOW_CTX_TRY_NUMBER='1' AIRFLOW_CTX_DAG_RUN_ID='scheduled__2026-04-09T00:00:00+00:00'
[2026-04-10T09:21:37.500+0000] {subprocess.py:63} INFO - Tmp dir root location: /tmp
[2026-04-10T09:21:37.501+0000] {subprocess.py:75} INFO - Running command: ['/usr/bin/bash', '-c', 'python3 /opt/***/dags/scripts/scraper_glints.py']
[2026-04-10T09:21:37.512+0000] {subprocess.py:86} INFO - Output:
[2026-04-10T09:24:38.387+0000] {subprocess.py:93} INFO - Mencoba login Glints ID: gigachaacc2@gmail.com...
[2026-04-10T09:24:38.388+0000] {subprocess.py:93} INFO - -> Mengetuk pintu 'Masuk dengan Email'...
[2026-04-10T09:24:38.388+0000] {subprocess.py:93} INFO - -> Email terisi...
[2026-04-10T09:24:38.388+0000] {subprocess.py:93} INFO - -> Password terisi & Enter ditekan...
[2026-04-10T09:24:38.389+0000] {subprocess.py:93} INFO - -> Tombol mungkin sudah terproses lewat Enter.
[2026-04-10T09:24:38.389+0000] {subprocess.py:93} INFO - ✅ Login Berhasil! Sesi aman.
[2026-04-10T09:24:38.389+0000] {subprocess.py:93} INFO - 
[2026-04-10T09:24:38.390+0000] {subprocess.py:93} INFO - --- Mengambil Halaman 1 ---
[2026-04-10T09:24:38.390+0000] {subprocess.py:93} INFO - Ditemukan 713 lowongan di halaman 1.
[2026-04-10T09:24:38.391+0000] {subprocess.py:93} INFO - Total Unik Sementara: 30
[2026-04-10T09:24:38.391+0000] {subprocess.py:93} INFO - 
[2026-04-10T09:24:38.391+0000] {subprocess.py:93} INFO - --- Mengambil Halaman 2 ---
[2026-04-10T09:24:38.392+0000] {subprocess.py:93} INFO - Ditemukan 1398 lowongan di halaman 2.
[2026-04-10T09:24:38.392+0000] {subprocess.py:93} INFO - Total Unik Sementara: 60
[2026-04-10T09:24:38.392+0000] {subprocess.py:93} INFO - 
[2026-04-10T09:24:38.394+0000] {subprocess.py:93} INFO - --- Mengambil Halaman 3 ---
[2026-04-10T09:24:38.395+0000] {subprocess.py:93} INFO - Ditemukan 1408 lowongan di halaman 3.
[2026-04-10T09:24:38.395+0000] {subprocess.py:93} INFO - Total Unik Sementara: 92
[2026-04-10T09:24:38.395+0000] {subprocess.py:93} INFO - 
[2026-04-10T09:24:38.396+0000] {subprocess.py:93} INFO - --- Mengambil Halaman 4 ---
[2026-04-10T09:24:38.396+0000] {subprocess.py:93} INFO - Ditemukan 707 lowongan di halaman 4.
[2026-04-10T09:24:38.397+0000] {subprocess.py:93} INFO - Total Unik Sementara: 120
[2026-04-10T09:24:38.397+0000] {subprocess.py:93} INFO - 
[2026-04-10T09:24:38.397+0000] {subprocess.py:93} INFO - --- Mengambil Halaman 5 ---
[2026-04-10T09:24:38.398+0000] {subprocess.py:93} INFO - Ditemukan 1413 lowongan di halaman 5.
[2026-04-10T09:24:38.398+0000] {subprocess.py:93} INFO - Total Unik Sementara: 153
[2026-04-10T09:24:38.398+0000] {subprocess.py:93} INFO - ✅ [BRONZE] 153 data Glints berhasil masuk ke DB.
[2026-04-10T09:24:38.399+0000] {subprocess.py:93} INFO - ✅ Backup CSV berhasil disimpan.
[2026-04-10T09:24:38.543+0000] {subprocess.py:97} INFO - Command exited with return code 0
[2026-04-10T09:24:38.613+0000] {taskinstance.py:1138} INFO - Marking task as SUCCESS. dag_id=job_search_medallion_pipeline_v1, task_id=scrape_glints_to_bronze, execution_date=20260409T000000, start_date=20260410T092137, end_date=20260410T092438
[2026-04-10T09:24:38.711+0000] {local_task_job_runner.py:234} INFO - Task exited with return code 0
[2026-04-10T09:24:38.740+0000] {taskinstance.py:3280} INFO - 0 downstream tasks scheduled from follow-on schedule check
