[2026-04-10T09:37:51.173+0000] {logging_mixin.py:188} INFO - Changing /opt/***/logs/dag_id=job_search_medallion_pipeline_v1/run_id=scheduled__2026-04-09T00:00:00+00:00/task_id=scrape_glints_to_bronze permission to 509
[2026-04-10T09:37:51.174+0000] {logging_mixin.py:188} INFO - Failed to change /opt/***/logs/dag_id=job_search_medallion_pipeline_v1/run_id=scheduled__2026-04-09T00:00:00+00:00/task_id=scrape_glints_to_bronze permission to 509: [Errno 1] Operation not permitted: '/opt/***/logs/dag_id=job_search_medallion_pipeline_v1/run_id=scheduled__2026-04-09T00:00:00+00:00/task_id=scrape_glints_to_bronze'
[2026-04-10T09:37:51.215+0000] {logging_mixin.py:188} INFO - Changing /opt/***/logs/dag_id=job_search_medallion_pipeline_v1/run_id=scheduled__2026-04-09T00:00:00+00:00/task_id=scrape_glints_to_bronze permission to 509
[2026-04-10T09:37:51.216+0000] {logging_mixin.py:188} INFO - Failed to change /opt/***/logs/dag_id=job_search_medallion_pipeline_v1/run_id=scheduled__2026-04-09T00:00:00+00:00/task_id=scrape_glints_to_bronze permission to 509: [Errno 1] Operation not permitted: '/opt/***/logs/dag_id=job_search_medallion_pipeline_v1/run_id=scheduled__2026-04-09T00:00:00+00:00/task_id=scrape_glints_to_bronze'
[2026-04-10T09:37:51.255+0000] {taskinstance.py:1956} INFO - Dependencies all met for dep_context=non-requeueable deps ti=<TaskInstance: job_search_medallion_pipeline_v1.scrape_glints_to_bronze scheduled__2026-04-09T00:00:00+00:00 [queued]>
[2026-04-10T09:37:51.262+0000] {taskinstance.py:1956} INFO - Dependencies all met for dep_context=requeueable deps ti=<TaskInstance: job_search_medallion_pipeline_v1.scrape_glints_to_bronze scheduled__2026-04-09T00:00:00+00:00 [queued]>
[2026-04-10T09:37:51.262+0000] {taskinstance.py:2170} INFO - Starting attempt 2 of 3
[2026-04-10T09:37:51.278+0000] {taskinstance.py:2191} INFO - Executing <Task(BashOperator): scrape_glints_to_bronze> on 2026-04-09 00:00:00+00:00
[2026-04-10T09:37:51.285+0000] {standard_task_runner.py:60} INFO - Started process 392 to run task
[2026-04-10T09:37:51.288+0000] {standard_task_runner.py:87} INFO - Running: ['***', 'tasks', 'run', 'job_search_medallion_pipeline_v1', 'scrape_glints_to_bronze', 'scheduled__2026-04-09T00:00:00+00:00', '--job-id', '105', '--raw', '--subdir', 'DAGS_FOLDER/job_scraper_dag.py', '--cfg-path', '/tmp/tmpcmq7zmb8']
[2026-04-10T09:37:51.292+0000] {standard_task_runner.py:88} INFO - Job 105: Subtask scrape_glints_to_bronze
[2026-04-10T09:37:51.359+0000] {logging_mixin.py:188} INFO - Changing /opt/***/logs/dag_id=job_search_medallion_pipeline_v1/run_id=scheduled__2026-04-09T00:00:00+00:00/task_id=scrape_glints_to_bronze permission to 509
[2026-04-10T09:37:51.360+0000] {logging_mixin.py:188} INFO - Failed to change /opt/***/logs/dag_id=job_search_medallion_pipeline_v1/run_id=scheduled__2026-04-09T00:00:00+00:00/task_id=scrape_glints_to_bronze permission to 509: [Errno 1] Operation not permitted: '/opt/***/logs/dag_id=job_search_medallion_pipeline_v1/run_id=scheduled__2026-04-09T00:00:00+00:00/task_id=scrape_glints_to_bronze'
[2026-04-10T09:37:51.370+0000] {task_command.py:423} INFO - Running <TaskInstance: job_search_medallion_pipeline_v1.scrape_glints_to_bronze scheduled__2026-04-09T00:00:00+00:00 [running]> on host fa0bf68e89d0
[2026-04-10T09:37:51.491+0000] {taskinstance.py:2480} INFO - Exporting env vars: AIRFLOW_CTX_DAG_OWNER='rafif' AIRFLOW_CTX_DAG_ID='job_search_medallion_pipeline_v1' AIRFLOW_CTX_TASK_ID='scrape_glints_to_bronze' AIRFLOW_CTX_EXECUTION_DATE='2026-04-09T00:00:00+00:00' AIRFLOW_CTX_TRY_NUMBER='2' AIRFLOW_CTX_DAG_RUN_ID='scheduled__2026-04-09T00:00:00+00:00'
[2026-04-10T09:37:51.493+0000] {subprocess.py:63} INFO - Tmp dir root location: /tmp
[2026-04-10T09:37:51.494+0000] {subprocess.py:75} INFO - Running command: ['/usr/bin/bash', '-c', 'python3 /opt/***/dags/scripts/scraper_glints.py']
[2026-04-10T09:37:51.509+0000] {subprocess.py:86} INFO - Output:
[2026-04-10T09:41:06.846+0000] {subprocess.py:93} INFO - Mencoba login Glints ID: gigachaacc2@gmail.com...
[2026-04-10T09:41:06.848+0000] {subprocess.py:93} INFO - -> Mengetuk pintu 'Masuk dengan Email'...
[2026-04-10T09:41:06.848+0000] {subprocess.py:93} INFO - -> Email terisi...
[2026-04-10T09:41:06.848+0000] {subprocess.py:93} INFO - -> Password terisi & Enter ditekan...
[2026-04-10T09:41:06.849+0000] {subprocess.py:93} INFO - -> Tombol mungkin sudah terproses lewat Enter.
[2026-04-10T09:41:06.850+0000] {subprocess.py:93} INFO - ✅ Login Berhasil! Sesi aman.
[2026-04-10T09:41:06.850+0000] {subprocess.py:93} INFO - 
[2026-04-10T09:41:06.851+0000] {subprocess.py:93} INFO - --- Mengambil Halaman 1 ---
[2026-04-10T09:41:06.851+0000] {subprocess.py:93} INFO - Ditemukan 1426 lowongan di halaman 1.
[2026-04-10T09:41:06.851+0000] {subprocess.py:93} INFO - Total Unik Sementara: 32
[2026-04-10T09:41:06.852+0000] {subprocess.py:93} INFO - 
[2026-04-10T09:41:06.852+0000] {subprocess.py:93} INFO - --- Mengambil Halaman 2 ---
[2026-04-10T09:41:06.852+0000] {subprocess.py:93} INFO - Ditemukan 699 lowongan di halaman 2.
[2026-04-10T09:41:06.853+0000] {subprocess.py:93} INFO - Total Unik Sementara: 60
[2026-04-10T09:41:06.853+0000] {subprocess.py:93} INFO - 
[2026-04-10T09:41:06.853+0000] {subprocess.py:93} INFO - --- Mengambil Halaman 3 ---
[2026-04-10T09:41:06.854+0000] {subprocess.py:93} INFO - Ditemukan 1408 lowongan di halaman 3.
[2026-04-10T09:41:06.854+0000] {subprocess.py:93} INFO - Total Unik Sementara: 92
[2026-04-10T09:41:06.854+0000] {subprocess.py:93} INFO - 
[2026-04-10T09:41:06.855+0000] {subprocess.py:93} INFO - --- Mengambil Halaman 4 ---
[2026-04-10T09:41:06.855+0000] {subprocess.py:93} INFO - Ditemukan 706 lowongan di halaman 4.
[2026-04-10T09:41:06.855+0000] {subprocess.py:93} INFO - Total Unik Sementara: 120
[2026-04-10T09:41:06.856+0000] {subprocess.py:93} INFO - 
[2026-04-10T09:41:06.856+0000] {subprocess.py:93} INFO - --- Mengambil Halaman 5 ---
[2026-04-10T09:41:06.857+0000] {subprocess.py:93} INFO - Ditemukan 1413 lowongan di halaman 5.
[2026-04-10T09:41:06.857+0000] {subprocess.py:93} INFO - Total Unik Sementara: 153
[2026-04-10T09:41:06.857+0000] {subprocess.py:93} INFO - ✅ [BRONZE] 153 data Glints berhasil masuk ke DB.
[2026-04-10T09:41:06.858+0000] {subprocess.py:93} INFO - ✅ Backup CSV berhasil disimpan.
[2026-04-10T09:41:06.948+0000] {subprocess.py:97} INFO - Command exited with return code 0
[2026-04-10T09:41:06.978+0000] {taskinstance.py:1138} INFO - Marking task as SUCCESS. dag_id=job_search_medallion_pipeline_v1, task_id=scrape_glints_to_bronze, execution_date=20260409T000000, start_date=20260410T093751, end_date=20260410T094106
[2026-04-10T09:41:06.998+0000] {local_task_job_runner.py:234} INFO - Task exited with return code 0
[2026-04-10T09:41:07.021+0000] {taskinstance.py:3280} INFO - 1 downstream tasks scheduled from follow-on schedule check
