[2026-04-05T08:24:20.746+0000] {logging_mixin.py:188} INFO - Changing /opt/***/logs/dag_id=job_search_medallion_pipeline_v1/run_id=manual__2026-04-05T08:17:55.972829+00:00/task_id=finalize_to_gold permission to 509
[2026-04-05T08:24:20.746+0000] {logging_mixin.py:188} INFO - Failed to change /opt/***/logs/dag_id=job_search_medallion_pipeline_v1/run_id=manual__2026-04-05T08:17:55.972829+00:00/task_id=finalize_to_gold permission to 509: [Errno 1] Operation not permitted: '/opt/***/logs/dag_id=job_search_medallion_pipeline_v1/run_id=manual__2026-04-05T08:17:55.972829+00:00/task_id=finalize_to_gold'
[2026-04-05T08:24:20.784+0000] {logging_mixin.py:188} INFO - Changing /opt/***/logs/dag_id=job_search_medallion_pipeline_v1/run_id=manual__2026-04-05T08:17:55.972829+00:00/task_id=finalize_to_gold permission to 509
[2026-04-05T08:24:20.785+0000] {logging_mixin.py:188} INFO - Failed to change /opt/***/logs/dag_id=job_search_medallion_pipeline_v1/run_id=manual__2026-04-05T08:17:55.972829+00:00/task_id=finalize_to_gold permission to 509: [Errno 1] Operation not permitted: '/opt/***/logs/dag_id=job_search_medallion_pipeline_v1/run_id=manual__2026-04-05T08:17:55.972829+00:00/task_id=finalize_to_gold'
[2026-04-05T08:24:20.823+0000] {taskinstance.py:1956} INFO - Dependencies all met for dep_context=non-requeueable deps ti=<TaskInstance: job_search_medallion_pipeline_v1.finalize_to_gold manual__2026-04-05T08:17:55.972829+00:00 [queued]>
[2026-04-05T08:24:20.830+0000] {taskinstance.py:1956} INFO - Dependencies all met for dep_context=requeueable deps ti=<TaskInstance: job_search_medallion_pipeline_v1.finalize_to_gold manual__2026-04-05T08:17:55.972829+00:00 [queued]>
[2026-04-05T08:24:20.831+0000] {taskinstance.py:2170} INFO - Starting attempt 1 of 2
[2026-04-05T08:24:20.845+0000] {taskinstance.py:2191} INFO - Executing <Task(BashOperator): finalize_to_gold> on 2026-04-05 08:17:55.972829+00:00
[2026-04-05T08:24:20.854+0000] {standard_task_runner.py:60} INFO - Started process 230 to run task
[2026-04-05T08:24:20.858+0000] {standard_task_runner.py:87} INFO - Running: ['***', 'tasks', 'run', 'job_search_medallion_pipeline_v1', 'finalize_to_gold', 'manual__2026-04-05T08:17:55.972829+00:00', '--job-id', '65', '--raw', '--subdir', 'DAGS_FOLDER/job_scraper_dag.py', '--cfg-path', '/tmp/tmp7r_vwgn6']
[2026-04-05T08:24:20.860+0000] {standard_task_runner.py:88} INFO - Job 65: Subtask finalize_to_gold
[2026-04-05T08:24:20.913+0000] {logging_mixin.py:188} INFO - Changing /opt/***/logs/dag_id=job_search_medallion_pipeline_v1/run_id=manual__2026-04-05T08:17:55.972829+00:00/task_id=finalize_to_gold permission to 509
[2026-04-05T08:24:20.913+0000] {logging_mixin.py:188} INFO - Failed to change /opt/***/logs/dag_id=job_search_medallion_pipeline_v1/run_id=manual__2026-04-05T08:17:55.972829+00:00/task_id=finalize_to_gold permission to 509: [Errno 1] Operation not permitted: '/opt/***/logs/dag_id=job_search_medallion_pipeline_v1/run_id=manual__2026-04-05T08:17:55.972829+00:00/task_id=finalize_to_gold'
[2026-04-05T08:24:20.922+0000] {task_command.py:423} INFO - Running <TaskInstance: job_search_medallion_pipeline_v1.finalize_to_gold manual__2026-04-05T08:17:55.972829+00:00 [running]> on host fa0bf68e89d0
[2026-04-05T08:24:21.007+0000] {taskinstance.py:2480} INFO - Exporting env vars: AIRFLOW_CTX_DAG_OWNER='rafif' AIRFLOW_CTX_DAG_ID='job_search_medallion_pipeline_v1' AIRFLOW_CTX_TASK_ID='finalize_to_gold' AIRFLOW_CTX_EXECUTION_DATE='2026-04-05T08:17:55.972829+00:00' AIRFLOW_CTX_TRY_NUMBER='1' AIRFLOW_CTX_DAG_RUN_ID='manual__2026-04-05T08:17:55.972829+00:00'
[2026-04-05T08:24:21.009+0000] {subprocess.py:63} INFO - Tmp dir root location: /tmp
[2026-04-05T08:24:21.010+0000] {subprocess.py:75} INFO - Running command: ['/usr/bin/bash', '-c', 'python3 /opt/***/dags/scripts/gold_layer.py']
[2026-04-05T08:24:21.023+0000] {subprocess.py:86} INFO - Output:
[2026-04-05T08:24:21.332+0000] {subprocess.py:93} INFO - 
[2026-04-05T08:24:21.333+0000] {subprocess.py:93} INFO - --- [GOLD LAYER] Building Normalized Schema + Aggregate Stats ---
[2026-04-05T08:24:21.333+0000] {subprocess.py:93} INFO - ✅ Sukses: Star Schema & Tabel Agregat Dashboard siap!
[2026-04-05T08:24:21.354+0000] {subprocess.py:97} INFO - Command exited with return code 0
[2026-04-05T08:24:21.386+0000] {taskinstance.py:1138} INFO - Marking task as SUCCESS. dag_id=job_search_medallion_pipeline_v1, task_id=finalize_to_gold, execution_date=20260405T081755, start_date=20260405T082420, end_date=20260405T082421
[2026-04-05T08:24:21.425+0000] {local_task_job_runner.py:234} INFO - Task exited with return code 0
[2026-04-05T08:24:21.447+0000] {taskinstance.py:3280} INFO - 0 downstream tasks scheduled from follow-on schedule check
