[2026-04-10T09:41:08.024+0000] {logging_mixin.py:188} INFO - Changing /opt/***/logs/dag_id=job_search_medallion_pipeline_v1/run_id=scheduled__2026-04-09T00:00:00+00:00/task_id=clean_to_silver permission to 509
[2026-04-10T09:41:08.024+0000] {logging_mixin.py:188} INFO - Failed to change /opt/***/logs/dag_id=job_search_medallion_pipeline_v1/run_id=scheduled__2026-04-09T00:00:00+00:00/task_id=clean_to_silver permission to 509: [Errno 1] Operation not permitted: '/opt/***/logs/dag_id=job_search_medallion_pipeline_v1/run_id=scheduled__2026-04-09T00:00:00+00:00/task_id=clean_to_silver'
[2026-04-10T09:41:08.061+0000] {logging_mixin.py:188} INFO - Changing /opt/***/logs/dag_id=job_search_medallion_pipeline_v1/run_id=scheduled__2026-04-09T00:00:00+00:00/task_id=clean_to_silver permission to 509
[2026-04-10T09:41:08.062+0000] {logging_mixin.py:188} INFO - Failed to change /opt/***/logs/dag_id=job_search_medallion_pipeline_v1/run_id=scheduled__2026-04-09T00:00:00+00:00/task_id=clean_to_silver permission to 509: [Errno 1] Operation not permitted: '/opt/***/logs/dag_id=job_search_medallion_pipeline_v1/run_id=scheduled__2026-04-09T00:00:00+00:00/task_id=clean_to_silver'
[2026-04-10T09:41:08.099+0000] {taskinstance.py:1956} INFO - Dependencies all met for dep_context=non-requeueable deps ti=<TaskInstance: job_search_medallion_pipeline_v1.clean_to_silver scheduled__2026-04-09T00:00:00+00:00 [queued]>
[2026-04-10T09:41:08.104+0000] {taskinstance.py:1956} INFO - Dependencies all met for dep_context=requeueable deps ti=<TaskInstance: job_search_medallion_pipeline_v1.clean_to_silver scheduled__2026-04-09T00:00:00+00:00 [queued]>
[2026-04-10T09:41:08.105+0000] {taskinstance.py:2170} INFO - Starting attempt 2 of 3
[2026-04-10T09:41:08.118+0000] {taskinstance.py:2191} INFO - Executing <Task(BashOperator): clean_to_silver> on 2026-04-09 00:00:00+00:00
[2026-04-10T09:41:08.126+0000] {standard_task_runner.py:60} INFO - Started process 453 to run task
[2026-04-10T09:41:08.130+0000] {standard_task_runner.py:87} INFO - Running: ['***', 'tasks', 'run', 'job_search_medallion_pipeline_v1', 'clean_to_silver', 'scheduled__2026-04-09T00:00:00+00:00', '--job-id', '106', '--raw', '--subdir', 'DAGS_FOLDER/job_scraper_dag.py', '--cfg-path', '/tmp/tmp34e16kbw']
[2026-04-10T09:41:08.132+0000] {standard_task_runner.py:88} INFO - Job 106: Subtask clean_to_silver
[2026-04-10T09:41:08.182+0000] {logging_mixin.py:188} INFO - Changing /opt/***/logs/dag_id=job_search_medallion_pipeline_v1/run_id=scheduled__2026-04-09T00:00:00+00:00/task_id=clean_to_silver permission to 509
[2026-04-10T09:41:08.182+0000] {logging_mixin.py:188} INFO - Failed to change /opt/***/logs/dag_id=job_search_medallion_pipeline_v1/run_id=scheduled__2026-04-09T00:00:00+00:00/task_id=clean_to_silver permission to 509: [Errno 1] Operation not permitted: '/opt/***/logs/dag_id=job_search_medallion_pipeline_v1/run_id=scheduled__2026-04-09T00:00:00+00:00/task_id=clean_to_silver'
[2026-04-10T09:41:08.190+0000] {task_command.py:423} INFO - Running <TaskInstance: job_search_medallion_pipeline_v1.clean_to_silver scheduled__2026-04-09T00:00:00+00:00 [running]> on host fa0bf68e89d0
[2026-04-10T09:41:08.291+0000] {taskinstance.py:2480} INFO - Exporting env vars: AIRFLOW_CTX_DAG_OWNER='rafif' AIRFLOW_CTX_DAG_ID='job_search_medallion_pipeline_v1' AIRFLOW_CTX_TASK_ID='clean_to_silver' AIRFLOW_CTX_EXECUTION_DATE='2026-04-09T00:00:00+00:00' AIRFLOW_CTX_TRY_NUMBER='2' AIRFLOW_CTX_DAG_RUN_ID='scheduled__2026-04-09T00:00:00+00:00'
[2026-04-10T09:41:08.292+0000] {subprocess.py:63} INFO - Tmp dir root location: /tmp
[2026-04-10T09:41:08.293+0000] {subprocess.py:75} INFO - Running command: ['/usr/bin/bash', '-c', 'python3 /opt/***/dags/scripts/silver_layer.py']
[2026-04-10T09:41:08.309+0000] {subprocess.py:86} INFO - Output:
[2026-04-10T09:41:08.590+0000] {subprocess.py:93} INFO - 
[2026-04-10T09:41:08.591+0000] {subprocess.py:93} INFO - --- [SILVER LAYER] Cleaning & Parsing to 'silver' schema ---
[2026-04-10T09:41:08.591+0000] {subprocess.py:93} INFO - ✅ Sukses: Data bersih dan ter-parsing mendarat di silver.jobs
[2026-04-10T09:41:08.615+0000] {subprocess.py:97} INFO - Command exited with return code 0
[2026-04-10T09:41:08.645+0000] {taskinstance.py:1138} INFO - Marking task as SUCCESS. dag_id=job_search_medallion_pipeline_v1, task_id=clean_to_silver, execution_date=20260409T000000, start_date=20260410T094108, end_date=20260410T094108
[2026-04-10T09:41:08.677+0000] {local_task_job_runner.py:234} INFO - Task exited with return code 0
[2026-04-10T09:41:08.696+0000] {taskinstance.py:3280} INFO - 1 downstream tasks scheduled from follow-on schedule check
