[2026-04-10T09:55:50.033+0000] {logging_mixin.py:188} INFO - Changing /opt/***/logs/dag_id=job_search_medallion_pipeline_v1/run_id=scheduled__2026-04-09T00:00:00+00:00/task_id=clean_to_silver permission to 509
[2026-04-10T09:55:50.033+0000] {logging_mixin.py:188} INFO - Failed to change /opt/***/logs/dag_id=job_search_medallion_pipeline_v1/run_id=scheduled__2026-04-09T00:00:00+00:00/task_id=clean_to_silver permission to 509: [Errno 1] Operation not permitted: '/opt/***/logs/dag_id=job_search_medallion_pipeline_v1/run_id=scheduled__2026-04-09T00:00:00+00:00/task_id=clean_to_silver'
[2026-04-10T09:55:50.075+0000] {logging_mixin.py:188} INFO - Changing /opt/***/logs/dag_id=job_search_medallion_pipeline_v1/run_id=scheduled__2026-04-09T00:00:00+00:00/task_id=clean_to_silver permission to 509
[2026-04-10T09:55:50.076+0000] {logging_mixin.py:188} INFO - Failed to change /opt/***/logs/dag_id=job_search_medallion_pipeline_v1/run_id=scheduled__2026-04-09T00:00:00+00:00/task_id=clean_to_silver permission to 509: [Errno 1] Operation not permitted: '/opt/***/logs/dag_id=job_search_medallion_pipeline_v1/run_id=scheduled__2026-04-09T00:00:00+00:00/task_id=clean_to_silver'
[2026-04-10T09:55:50.117+0000] {taskinstance.py:1956} INFO - Dependencies all met for dep_context=non-requeueable deps ti=<TaskInstance: job_search_medallion_pipeline_v1.clean_to_silver scheduled__2026-04-09T00:00:00+00:00 [queued]>
[2026-04-10T09:55:50.124+0000] {taskinstance.py:1956} INFO - Dependencies all met for dep_context=requeueable deps ti=<TaskInstance: job_search_medallion_pipeline_v1.clean_to_silver scheduled__2026-04-09T00:00:00+00:00 [queued]>
[2026-04-10T09:55:50.124+0000] {taskinstance.py:2170} INFO - Starting attempt 5 of 6
[2026-04-10T09:55:50.139+0000] {taskinstance.py:2191} INFO - Executing <Task(BashOperator): clean_to_silver> on 2026-04-09 00:00:00+00:00
[2026-04-10T09:55:50.145+0000] {standard_task_runner.py:60} INFO - Started process 195 to run task
[2026-04-10T09:55:50.151+0000] {standard_task_runner.py:87} INFO - Running: ['***', 'tasks', 'run', 'job_search_medallion_pipeline_v1', 'clean_to_silver', 'scheduled__2026-04-09T00:00:00+00:00', '--job-id', '113', '--raw', '--subdir', 'DAGS_FOLDER/job_scraper_dag.py', '--cfg-path', '/tmp/tmp01b1l2qv']
[2026-04-10T09:55:50.155+0000] {standard_task_runner.py:88} INFO - Job 113: Subtask clean_to_silver
[2026-04-10T09:55:50.212+0000] {logging_mixin.py:188} INFO - Changing /opt/***/logs/dag_id=job_search_medallion_pipeline_v1/run_id=scheduled__2026-04-09T00:00:00+00:00/task_id=clean_to_silver permission to 509
[2026-04-10T09:55:50.212+0000] {logging_mixin.py:188} INFO - Failed to change /opt/***/logs/dag_id=job_search_medallion_pipeline_v1/run_id=scheduled__2026-04-09T00:00:00+00:00/task_id=clean_to_silver permission to 509: [Errno 1] Operation not permitted: '/opt/***/logs/dag_id=job_search_medallion_pipeline_v1/run_id=scheduled__2026-04-09T00:00:00+00:00/task_id=clean_to_silver'
[2026-04-10T09:55:50.223+0000] {task_command.py:423} INFO - Running <TaskInstance: job_search_medallion_pipeline_v1.clean_to_silver scheduled__2026-04-09T00:00:00+00:00 [running]> on host fa0bf68e89d0
[2026-04-10T09:55:50.304+0000] {taskinstance.py:2480} INFO - Exporting env vars: AIRFLOW_CTX_DAG_OWNER='rafif' AIRFLOW_CTX_DAG_ID='job_search_medallion_pipeline_v1' AIRFLOW_CTX_TASK_ID='clean_to_silver' AIRFLOW_CTX_EXECUTION_DATE='2026-04-09T00:00:00+00:00' AIRFLOW_CTX_TRY_NUMBER='5' AIRFLOW_CTX_DAG_RUN_ID='scheduled__2026-04-09T00:00:00+00:00'
[2026-04-10T09:55:50.305+0000] {subprocess.py:63} INFO - Tmp dir root location: /tmp
[2026-04-10T09:55:50.307+0000] {subprocess.py:75} INFO - Running command: ['/usr/bin/bash', '-c', 'python3 /opt/***/dags/scripts/silver_layer.py']
[2026-04-10T09:55:50.318+0000] {subprocess.py:86} INFO - Output:
[2026-04-10T09:55:50.350+0000] {subprocess.py:93} INFO -   File "/opt/***/dags/scripts/silver_layer.py", line 108
[2026-04-10T09:55:50.351+0000] {subprocess.py:93} INFO -     with engine.begin() as conn:
[2026-04-10T09:55:50.351+0000] {subprocess.py:93} INFO -     ^
[2026-04-10T09:55:50.351+0000] {subprocess.py:93} INFO - IndentationError: unexpected indent
[2026-04-10T09:55:50.353+0000] {subprocess.py:97} INFO - Command exited with return code 1
[2026-04-10T09:55:50.364+0000] {taskinstance.py:2698} ERROR - Task failed with exception
Traceback (most recent call last):
  File "/home/airflow/.local/lib/python3.8/site-packages/airflow/models/taskinstance.py", line 433, in _execute_task
    result = execute_callable(context=context, **execute_callable_kwargs)
  File "/home/airflow/.local/lib/python3.8/site-packages/airflow/operators/bash.py", line 212, in execute
    raise AirflowException(
airflow.exceptions.AirflowException: Bash command failed. The command returned a non-zero exit code 1.
[2026-04-10T09:55:50.367+0000] {taskinstance.py:1138} INFO - Marking task as UP_FOR_RETRY. dag_id=job_search_medallion_pipeline_v1, task_id=clean_to_silver, execution_date=20260409T000000, start_date=20260410T095550, end_date=20260410T095550
[2026-04-10T09:55:50.381+0000] {standard_task_runner.py:107} ERROR - Failed to execute job 113 for task clean_to_silver (Bash command failed. The command returned a non-zero exit code 1.; 195)
[2026-04-10T09:55:50.409+0000] {local_task_job_runner.py:234} INFO - Task exited with return code 1
[2026-04-10T09:55:50.429+0000] {taskinstance.py:3280} INFO - 0 downstream tasks scheduled from follow-on schedule check
