[2026-04-05T07:11:49.369+0000] {logging_mixin.py:188} INFO - Changing /opt/***/logs/dag_id=job_search_medallion_pipeline_v1/run_id=scheduled__2026-04-04T00:00:00+00:00/task_id=scrape_glints_to_bronze permission to 509
[2026-04-05T07:11:49.371+0000] {logging_mixin.py:188} INFO - Failed to change /opt/***/logs/dag_id=job_search_medallion_pipeline_v1/run_id=scheduled__2026-04-04T00:00:00+00:00/task_id=scrape_glints_to_bronze permission to 509: [Errno 1] Operation not permitted: '/opt/***/logs/dag_id=job_search_medallion_pipeline_v1/run_id=scheduled__2026-04-04T00:00:00+00:00/task_id=scrape_glints_to_bronze'
[2026-04-05T07:11:49.420+0000] {logging_mixin.py:188} INFO - Changing /opt/***/logs/dag_id=job_search_medallion_pipeline_v1/run_id=scheduled__2026-04-04T00:00:00+00:00/task_id=scrape_glints_to_bronze permission to 509
[2026-04-05T07:11:49.421+0000] {logging_mixin.py:188} INFO - Failed to change /opt/***/logs/dag_id=job_search_medallion_pipeline_v1/run_id=scheduled__2026-04-04T00:00:00+00:00/task_id=scrape_glints_to_bronze permission to 509: [Errno 1] Operation not permitted: '/opt/***/logs/dag_id=job_search_medallion_pipeline_v1/run_id=scheduled__2026-04-04T00:00:00+00:00/task_id=scrape_glints_to_bronze'
[2026-04-05T07:11:49.476+0000] {taskinstance.py:1956} INFO - Dependencies all met for dep_context=non-requeueable deps ti=<TaskInstance: job_search_medallion_pipeline_v1.scrape_glints_to_bronze scheduled__2026-04-04T00:00:00+00:00 [queued]>
[2026-04-05T07:11:49.484+0000] {taskinstance.py:1956} INFO - Dependencies all met for dep_context=requeueable deps ti=<TaskInstance: job_search_medallion_pipeline_v1.scrape_glints_to_bronze scheduled__2026-04-04T00:00:00+00:00 [queued]>
[2026-04-05T07:11:49.485+0000] {taskinstance.py:2170} INFO - Starting attempt 2 of 2
[2026-04-05T07:11:49.505+0000] {taskinstance.py:2191} INFO - Executing <Task(BashOperator): scrape_glints_to_bronze> on 2026-04-04 00:00:00+00:00
[2026-04-05T07:11:49.512+0000] {standard_task_runner.py:60} INFO - Started process 339 to run task
[2026-04-05T07:11:49.517+0000] {standard_task_runner.py:87} INFO - Running: ['***', 'tasks', 'run', 'job_search_medallion_pipeline_v1', 'scrape_glints_to_bronze', 'scheduled__2026-04-04T00:00:00+00:00', '--job-id', '17', '--raw', '--subdir', 'DAGS_FOLDER/job_scraper_dag.py', '--cfg-path', '/tmp/tmp9lp6_ern']
[2026-04-05T07:11:49.520+0000] {standard_task_runner.py:88} INFO - Job 17: Subtask scrape_glints_to_bronze
[2026-04-05T07:11:49.600+0000] {logging_mixin.py:188} INFO - Changing /opt/***/logs/dag_id=job_search_medallion_pipeline_v1/run_id=scheduled__2026-04-04T00:00:00+00:00/task_id=scrape_glints_to_bronze permission to 509
[2026-04-05T07:11:49.601+0000] {logging_mixin.py:188} INFO - Failed to change /opt/***/logs/dag_id=job_search_medallion_pipeline_v1/run_id=scheduled__2026-04-04T00:00:00+00:00/task_id=scrape_glints_to_bronze permission to 509: [Errno 1] Operation not permitted: '/opt/***/logs/dag_id=job_search_medallion_pipeline_v1/run_id=scheduled__2026-04-04T00:00:00+00:00/task_id=scrape_glints_to_bronze'
[2026-04-05T07:11:49.610+0000] {task_command.py:423} INFO - Running <TaskInstance: job_search_medallion_pipeline_v1.scrape_glints_to_bronze scheduled__2026-04-04T00:00:00+00:00 [running]> on host 6961edabcf5c
[2026-04-05T07:11:49.712+0000] {taskinstance.py:2480} INFO - Exporting env vars: AIRFLOW_CTX_DAG_OWNER='rafif' AIRFLOW_CTX_DAG_ID='job_search_medallion_pipeline_v1' AIRFLOW_CTX_TASK_ID='scrape_glints_to_bronze' AIRFLOW_CTX_EXECUTION_DATE='2026-04-04T00:00:00+00:00' AIRFLOW_CTX_TRY_NUMBER='2' AIRFLOW_CTX_DAG_RUN_ID='scheduled__2026-04-04T00:00:00+00:00'
[2026-04-05T07:11:49.713+0000] {subprocess.py:63} INFO - Tmp dir root location: /tmp
[2026-04-05T07:11:49.717+0000] {subprocess.py:75} INFO - Running command: ['/usr/bin/bash', '-c', 'python3 /opt/***/dags/scripts/scraper_glints.py']
[2026-04-05T07:11:49.730+0000] {subprocess.py:86} INFO - Output:
[2026-04-05T07:11:50.408+0000] {subprocess.py:93} INFO - Traceback (most recent call last):
[2026-04-05T07:11:50.408+0000] {subprocess.py:93} INFO -   File "/opt/***/dags/scripts/scraper_glints.py", line 5, in <module>
[2026-04-05T07:11:50.409+0000] {subprocess.py:93} INFO -     from selenium import webdriver
[2026-04-05T07:11:50.409+0000] {subprocess.py:93} INFO - ModuleNotFoundError: No module named 'selenium'
[2026-04-05T07:11:50.509+0000] {subprocess.py:97} INFO - Command exited with return code 1
[2026-04-05T07:11:50.522+0000] {taskinstance.py:2698} ERROR - Task failed with exception
Traceback (most recent call last):
  File "/home/airflow/.local/lib/python3.8/site-packages/airflow/models/taskinstance.py", line 433, in _execute_task
    result = execute_callable(context=context, **execute_callable_kwargs)
  File "/home/airflow/.local/lib/python3.8/site-packages/airflow/operators/bash.py", line 212, in execute
    raise AirflowException(
airflow.exceptions.AirflowException: Bash command failed. The command returned a non-zero exit code 1.
[2026-04-05T07:11:50.526+0000] {taskinstance.py:1138} INFO - Marking task as FAILED. dag_id=job_search_medallion_pipeline_v1, task_id=scrape_glints_to_bronze, execution_date=20260404T000000, start_date=20260405T071149, end_date=20260405T071150
[2026-04-05T07:11:50.543+0000] {standard_task_runner.py:107} ERROR - Failed to execute job 17 for task scrape_glints_to_bronze (Bash command failed. The command returned a non-zero exit code 1.; 339)
[2026-04-05T07:11:50.560+0000] {local_task_job_runner.py:234} INFO - Task exited with return code 1
[2026-04-05T07:11:50.598+0000] {taskinstance.py:3280} INFO - 0 downstream tasks scheduled from follow-on schedule check
