[2026-04-05T07:23:10.594+0000] {logging_mixin.py:188} INFO - Changing /opt/***/logs/dag_id=job_search_medallion_pipeline_v1/run_id=scheduled__2026-04-04T00:00:00+00:00/task_id=scrape_glints_to_bronze permission to 509
[2026-04-05T07:23:10.595+0000] {logging_mixin.py:188} INFO - Failed to change /opt/***/logs/dag_id=job_search_medallion_pipeline_v1/run_id=scheduled__2026-04-04T00:00:00+00:00/task_id=scrape_glints_to_bronze permission to 509: [Errno 1] Operation not permitted: '/opt/***/logs/dag_id=job_search_medallion_pipeline_v1/run_id=scheduled__2026-04-04T00:00:00+00:00/task_id=scrape_glints_to_bronze'
[2026-04-05T07:23:10.634+0000] {logging_mixin.py:188} INFO - Changing /opt/***/logs/dag_id=job_search_medallion_pipeline_v1/run_id=scheduled__2026-04-04T00:00:00+00:00/task_id=scrape_glints_to_bronze permission to 509
[2026-04-05T07:23:10.635+0000] {logging_mixin.py:188} INFO - Failed to change /opt/***/logs/dag_id=job_search_medallion_pipeline_v1/run_id=scheduled__2026-04-04T00:00:00+00:00/task_id=scrape_glints_to_bronze permission to 509: [Errno 1] Operation not permitted: '/opt/***/logs/dag_id=job_search_medallion_pipeline_v1/run_id=scheduled__2026-04-04T00:00:00+00:00/task_id=scrape_glints_to_bronze'
[2026-04-05T07:23:10.681+0000] {taskinstance.py:1956} INFO - Dependencies all met for dep_context=non-requeueable deps ti=<TaskInstance: job_search_medallion_pipeline_v1.scrape_glints_to_bronze scheduled__2026-04-04T00:00:00+00:00 [queued]>
[2026-04-05T07:23:10.687+0000] {taskinstance.py:1956} INFO - Dependencies all met for dep_context=requeueable deps ti=<TaskInstance: job_search_medallion_pipeline_v1.scrape_glints_to_bronze scheduled__2026-04-04T00:00:00+00:00 [queued]>
[2026-04-05T07:23:10.688+0000] {taskinstance.py:2170} INFO - Starting attempt 3 of 4
[2026-04-05T07:23:10.709+0000] {taskinstance.py:2191} INFO - Executing <Task(BashOperator): scrape_glints_to_bronze> on 2026-04-04 00:00:00+00:00
[2026-04-05T07:23:10.714+0000] {standard_task_runner.py:60} INFO - Started process 331 to run task
[2026-04-05T07:23:10.720+0000] {standard_task_runner.py:87} INFO - Running: ['***', 'tasks', 'run', 'job_search_medallion_pipeline_v1', 'scrape_glints_to_bronze', 'scheduled__2026-04-04T00:00:00+00:00', '--job-id', '21', '--raw', '--subdir', 'DAGS_FOLDER/job_scraper_dag.py', '--cfg-path', '/tmp/tmptnvw9rce']
[2026-04-05T07:23:10.723+0000] {standard_task_runner.py:88} INFO - Job 21: Subtask scrape_glints_to_bronze
[2026-04-05T07:23:10.790+0000] {logging_mixin.py:188} INFO - Changing /opt/***/logs/dag_id=job_search_medallion_pipeline_v1/run_id=scheduled__2026-04-04T00:00:00+00:00/task_id=scrape_glints_to_bronze permission to 509
[2026-04-05T07:23:10.791+0000] {logging_mixin.py:188} INFO - Failed to change /opt/***/logs/dag_id=job_search_medallion_pipeline_v1/run_id=scheduled__2026-04-04T00:00:00+00:00/task_id=scrape_glints_to_bronze permission to 509: [Errno 1] Operation not permitted: '/opt/***/logs/dag_id=job_search_medallion_pipeline_v1/run_id=scheduled__2026-04-04T00:00:00+00:00/task_id=scrape_glints_to_bronze'
[2026-04-05T07:23:10.801+0000] {task_command.py:423} INFO - Running <TaskInstance: job_search_medallion_pipeline_v1.scrape_glints_to_bronze scheduled__2026-04-04T00:00:00+00:00 [running]> on host f3fed5265881
[2026-04-05T07:23:10.896+0000] {taskinstance.py:2480} INFO - Exporting env vars: AIRFLOW_CTX_DAG_OWNER='rafif' AIRFLOW_CTX_DAG_ID='job_search_medallion_pipeline_v1' AIRFLOW_CTX_TASK_ID='scrape_glints_to_bronze' AIRFLOW_CTX_EXECUTION_DATE='2026-04-04T00:00:00+00:00' AIRFLOW_CTX_TRY_NUMBER='3' AIRFLOW_CTX_DAG_RUN_ID='scheduled__2026-04-04T00:00:00+00:00'
[2026-04-05T07:23:10.897+0000] {subprocess.py:63} INFO - Tmp dir root location: /tmp
[2026-04-05T07:23:10.904+0000] {subprocess.py:75} INFO - Running command: ['/usr/bin/bash', '-c', 'python3 /opt/***/dags/scripts/scraper_glints.py']
[2026-04-05T07:23:10.918+0000] {subprocess.py:86} INFO - Output:
[2026-04-05T07:23:41.779+0000] {subprocess.py:93} INFO - Menghubungkan ke Selenium Grid di Docker...
[2026-04-05T07:23:41.780+0000] {subprocess.py:93} INFO - Mencoba login Glints ID: None...
[2026-04-05T07:23:41.781+0000] {subprocess.py:93} INFO - -> Mengetuk pintu 'Masuk dengan Email'...
[2026-04-05T07:23:41.781+0000] {subprocess.py:93} INFO - ❌ Login Gagal di tengah jalan: Message:
[2026-04-05T07:23:41.781+0000] {subprocess.py:93} INFO - Stacktrace:
[2026-04-05T07:23:41.782+0000] {subprocess.py:93} INFO - #0 0x5ee587e0bb6a <unknown>
[2026-04-05T07:23:41.782+0000] {subprocess.py:93} INFO - #1 0x5ee58781ea32 <unknown>
[2026-04-05T07:23:41.783+0000] {subprocess.py:93} INFO - #2 0x5ee587873d66 <unknown>
[2026-04-05T07:23:41.783+0000] {subprocess.py:93} INFO - #3 0x5ee587873fa1 <unknown>
[2026-04-05T07:23:41.784+0000] {subprocess.py:93} INFO - #4 0x5ee5878bf144 <unknown>
[2026-04-05T07:23:41.784+0000] {subprocess.py:93} INFO - #5 0x5ee5878bc369 <unknown>
[2026-04-05T07:23:41.785+0000] {subprocess.py:93} INFO - #6 0x5ee587865c0f <unknown>
[2026-04-05T07:23:41.785+0000] {subprocess.py:93} INFO - #7 0x5ee5878669d1 <unknown>
[2026-04-05T07:23:41.785+0000] {subprocess.py:93} INFO - #8 0x5ee587dd06b9 <unknown>
[2026-04-05T07:23:41.786+0000] {subprocess.py:93} INFO - #9 0x5ee587dd35c1 <unknown>
[2026-04-05T07:23:41.786+0000] {subprocess.py:93} INFO - #10 0x5ee587dbce29 <unknown>
[2026-04-05T07:23:41.786+0000] {subprocess.py:93} INFO - #11 0x5ee587dd417e <unknown>
[2026-04-05T07:23:41.786+0000] {subprocess.py:93} INFO - #12 0x5ee587da34b0 <unknown>
[2026-04-05T07:23:41.787+0000] {subprocess.py:93} INFO - #13 0x5ee587df8578 <unknown>
[2026-04-05T07:23:41.787+0000] {subprocess.py:93} INFO - #14 0x5ee587df874b <unknown>
[2026-04-05T07:23:41.787+0000] {subprocess.py:93} INFO - #15 0x5ee587e0a1a3 <unknown>
[2026-04-05T07:23:41.788+0000] {subprocess.py:93} INFO - #16 0x73bfd7a7aaa4 <unknown>
[2026-04-05T07:23:41.788+0000] {subprocess.py:93} INFO - #17 0x73bfd7b07a64 __clone
[2026-04-05T07:23:41.788+0000] {subprocess.py:93} INFO - 
[2026-04-05T07:23:41.789+0000] {subprocess.py:93} INFO - -> Cek screenshot di data/error_login_gatekeeper.png
[2026-04-05T07:23:41.789+0000] {subprocess.py:93} INFO - 
[2026-04-05T07:23:41.789+0000] {subprocess.py:93} INFO - --- Mengambil Halaman 1 ---
[2026-04-05T07:23:41.790+0000] {subprocess.py:93} INFO - Data tidak ditemukan di halaman 1. Berhenti.
[2026-04-05T07:23:41.790+0000] {subprocess.py:93} INFO - ❌ Tidak ada data Glints yang didapat.
[2026-04-05T07:23:41.891+0000] {subprocess.py:97} INFO - Command exited with return code 0
[2026-04-05T07:23:41.921+0000] {taskinstance.py:1138} INFO - Marking task as SUCCESS. dag_id=job_search_medallion_pipeline_v1, task_id=scrape_glints_to_bronze, execution_date=20260404T000000, start_date=20260405T072310, end_date=20260405T072341
[2026-04-05T07:23:41.949+0000] {local_task_job_runner.py:234} INFO - Task exited with return code 0
[2026-04-05T07:23:41.982+0000] {taskinstance.py:3280} INFO - 0 downstream tasks scheduled from follow-on schedule check
