[2026-04-06T01:42:31.761+0000] {logging_mixin.py:188} INFO - Changing /opt/***/logs/dag_id=job_search_medallion_pipeline_v1/run_id=scheduled__2026-04-05T00:00:00+00:00/task_id=scrape_glints_to_bronze permission to 509
[2026-04-06T01:42:31.762+0000] {logging_mixin.py:188} INFO - Failed to change /opt/***/logs/dag_id=job_search_medallion_pipeline_v1/run_id=scheduled__2026-04-05T00:00:00+00:00/task_id=scrape_glints_to_bronze permission to 509: [Errno 1] Operation not permitted: '/opt/***/logs/dag_id=job_search_medallion_pipeline_v1/run_id=scheduled__2026-04-05T00:00:00+00:00/task_id=scrape_glints_to_bronze'
[2026-04-06T01:42:31.800+0000] {logging_mixin.py:188} INFO - Changing /opt/***/logs/dag_id=job_search_medallion_pipeline_v1/run_id=scheduled__2026-04-05T00:00:00+00:00/task_id=scrape_glints_to_bronze permission to 509
[2026-04-06T01:42:31.801+0000] {logging_mixin.py:188} INFO - Failed to change /opt/***/logs/dag_id=job_search_medallion_pipeline_v1/run_id=scheduled__2026-04-05T00:00:00+00:00/task_id=scrape_glints_to_bronze permission to 509: [Errno 1] Operation not permitted: '/opt/***/logs/dag_id=job_search_medallion_pipeline_v1/run_id=scheduled__2026-04-05T00:00:00+00:00/task_id=scrape_glints_to_bronze'
[2026-04-06T01:42:31.841+0000] {taskinstance.py:1956} INFO - Dependencies all met for dep_context=non-requeueable deps ti=<TaskInstance: job_search_medallion_pipeline_v1.scrape_glints_to_bronze scheduled__2026-04-05T00:00:00+00:00 [queued]>
[2026-04-06T01:42:31.848+0000] {taskinstance.py:1956} INFO - Dependencies all met for dep_context=requeueable deps ti=<TaskInstance: job_search_medallion_pipeline_v1.scrape_glints_to_bronze scheduled__2026-04-05T00:00:00+00:00 [queued]>
[2026-04-06T01:42:31.848+0000] {taskinstance.py:2170} INFO - Starting attempt 1 of 2
[2026-04-06T01:42:31.861+0000] {taskinstance.py:2191} INFO - Executing <Task(BashOperator): scrape_glints_to_bronze> on 2026-04-05 00:00:00+00:00
[2026-04-06T01:42:31.866+0000] {standard_task_runner.py:60} INFO - Started process 196 to run task
[2026-04-06T01:42:31.870+0000] {standard_task_runner.py:87} INFO - Running: ['***', 'tasks', 'run', 'job_search_medallion_pipeline_v1', 'scrape_glints_to_bronze', 'scheduled__2026-04-05T00:00:00+00:00', '--job-id', '68', '--raw', '--subdir', 'DAGS_FOLDER/job_scraper_dag.py', '--cfg-path', '/tmp/tmpeu85yks8']
[2026-04-06T01:42:31.873+0000] {standard_task_runner.py:88} INFO - Job 68: Subtask scrape_glints_to_bronze
[2026-04-06T01:42:31.933+0000] {logging_mixin.py:188} INFO - Changing /opt/***/logs/dag_id=job_search_medallion_pipeline_v1/run_id=scheduled__2026-04-05T00:00:00+00:00/task_id=scrape_glints_to_bronze permission to 509
[2026-04-06T01:42:31.933+0000] {logging_mixin.py:188} INFO - Failed to change /opt/***/logs/dag_id=job_search_medallion_pipeline_v1/run_id=scheduled__2026-04-05T00:00:00+00:00/task_id=scrape_glints_to_bronze permission to 509: [Errno 1] Operation not permitted: '/opt/***/logs/dag_id=job_search_medallion_pipeline_v1/run_id=scheduled__2026-04-05T00:00:00+00:00/task_id=scrape_glints_to_bronze'
[2026-04-06T01:42:31.940+0000] {task_command.py:423} INFO - Running <TaskInstance: job_search_medallion_pipeline_v1.scrape_glints_to_bronze scheduled__2026-04-05T00:00:00+00:00 [running]> on host fa0bf68e89d0
[2026-04-06T01:42:32.027+0000] {taskinstance.py:2480} INFO - Exporting env vars: AIRFLOW_CTX_DAG_OWNER='rafif' AIRFLOW_CTX_DAG_ID='job_search_medallion_pipeline_v1' AIRFLOW_CTX_TASK_ID='scrape_glints_to_bronze' AIRFLOW_CTX_EXECUTION_DATE='2026-04-05T00:00:00+00:00' AIRFLOW_CTX_TRY_NUMBER='1' AIRFLOW_CTX_DAG_RUN_ID='scheduled__2026-04-05T00:00:00+00:00'
[2026-04-06T01:42:32.028+0000] {subprocess.py:63} INFO - Tmp dir root location: /tmp
[2026-04-06T01:42:32.029+0000] {subprocess.py:75} INFO - Running command: ['/usr/bin/bash', '-c', 'python3 /opt/***/dags/scripts/scraper_glints.py']
[2026-04-06T01:42:32.041+0000] {subprocess.py:86} INFO - Output:
[2026-04-06T01:43:32.402+0000] {subprocess.py:93} INFO - Mencoba login Glints ID: gigachaacc2@gmail.com...
[2026-04-06T01:43:32.403+0000] {subprocess.py:93} INFO - -> Mengetuk pintu 'Masuk dengan Email'...
[2026-04-06T01:43:32.403+0000] {subprocess.py:93} INFO - -> Email terisi...
[2026-04-06T01:43:32.404+0000] {subprocess.py:93} INFO - -> Password terisi...
[2026-04-06T01:43:32.404+0000] {subprocess.py:93} INFO - -> Klik tombol login...
[2026-04-06T01:43:32.404+0000] {subprocess.py:93} INFO - ❌ Login Gagal: Message:
[2026-04-06T01:43:32.405+0000] {subprocess.py:93} INFO - 
[2026-04-06T01:43:32.405+0000] {subprocess.py:93} INFO - -> Foto TKP sudah dikirim ke: /opt/***/data/error_login_gatekeeper.png
[2026-04-06T01:43:32.406+0000] {subprocess.py:93} INFO - 
[2026-04-06T01:43:32.406+0000] {subprocess.py:93} INFO - --- Mengambil Halaman 1 ---
[2026-04-06T01:43:32.406+0000] {subprocess.py:93} INFO - Ditemukan 557 lowongan.
[2026-04-06T01:43:32.407+0000] {subprocess.py:93} INFO - Total Unik: 30
[2026-04-06T01:43:32.407+0000] {subprocess.py:93} INFO - 
[2026-04-06T01:43:32.407+0000] {subprocess.py:93} INFO - --- Mengambil Halaman 2 ---
[2026-04-06T01:43:32.408+0000] {subprocess.py:93} INFO - Data tidak ditemukan di halaman 2. Berhenti.
[2026-04-06T01:43:32.408+0000] {subprocess.py:93} INFO - ✅ [BRONZE] 30 data Glints berhasil masuk ke DB.
[2026-04-06T01:43:32.578+0000] {subprocess.py:97} INFO - Command exited with return code 0
[2026-04-06T01:43:32.621+0000] {taskinstance.py:1138} INFO - Marking task as SUCCESS. dag_id=job_search_medallion_pipeline_v1, task_id=scrape_glints_to_bronze, execution_date=20260405T000000, start_date=20260406T014231, end_date=20260406T014332
[2026-04-06T01:43:32.727+0000] {local_task_job_runner.py:234} INFO - Task exited with return code 0
[2026-04-06T01:43:32.754+0000] {taskinstance.py:3280} INFO - 0 downstream tasks scheduled from follow-on schedule check
