[2026-04-06T02:25:44.617+0000] {logging_mixin.py:188} INFO - Changing /opt/***/logs/dag_id=job_search_medallion_pipeline_v1/run_id=scheduled__2026-04-05T00:00:00+00:00/task_id=scrape_glints_to_bronze permission to 509
[2026-04-06T02:25:44.617+0000] {logging_mixin.py:188} INFO - Failed to change /opt/***/logs/dag_id=job_search_medallion_pipeline_v1/run_id=scheduled__2026-04-05T00:00:00+00:00/task_id=scrape_glints_to_bronze permission to 509: [Errno 1] Operation not permitted: '/opt/***/logs/dag_id=job_search_medallion_pipeline_v1/run_id=scheduled__2026-04-05T00:00:00+00:00/task_id=scrape_glints_to_bronze'
[2026-04-06T02:25:44.679+0000] {logging_mixin.py:188} INFO - Changing /opt/***/logs/dag_id=job_search_medallion_pipeline_v1/run_id=scheduled__2026-04-05T00:00:00+00:00/task_id=scrape_glints_to_bronze permission to 509
[2026-04-06T02:25:44.680+0000] {logging_mixin.py:188} INFO - Failed to change /opt/***/logs/dag_id=job_search_medallion_pipeline_v1/run_id=scheduled__2026-04-05T00:00:00+00:00/task_id=scrape_glints_to_bronze permission to 509: [Errno 1] Operation not permitted: '/opt/***/logs/dag_id=job_search_medallion_pipeline_v1/run_id=scheduled__2026-04-05T00:00:00+00:00/task_id=scrape_glints_to_bronze'
[2026-04-06T02:25:44.745+0000] {taskinstance.py:1956} INFO - Dependencies all met for dep_context=non-requeueable deps ti=<TaskInstance: job_search_medallion_pipeline_v1.scrape_glints_to_bronze scheduled__2026-04-05T00:00:00+00:00 [queued]>
[2026-04-06T02:25:44.751+0000] {taskinstance.py:1956} INFO - Dependencies all met for dep_context=requeueable deps ti=<TaskInstance: job_search_medallion_pipeline_v1.scrape_glints_to_bronze scheduled__2026-04-05T00:00:00+00:00 [queued]>
[2026-04-06T02:25:44.751+0000] {taskinstance.py:2170} INFO - Starting attempt 6 of 7
[2026-04-06T02:25:44.771+0000] {taskinstance.py:2191} INFO - Executing <Task(BashOperator): scrape_glints_to_bronze> on 2026-04-05 00:00:00+00:00
[2026-04-06T02:25:44.777+0000] {standard_task_runner.py:60} INFO - Started process 801 to run task
[2026-04-06T02:25:44.781+0000] {standard_task_runner.py:87} INFO - Running: ['***', 'tasks', 'run', 'job_search_medallion_pipeline_v1', 'scrape_glints_to_bronze', 'scheduled__2026-04-05T00:00:00+00:00', '--job-id', '86', '--raw', '--subdir', 'DAGS_FOLDER/job_scraper_dag.py', '--cfg-path', '/tmp/tmpipk8rlnb']
[2026-04-06T02:25:44.784+0000] {standard_task_runner.py:88} INFO - Job 86: Subtask scrape_glints_to_bronze
[2026-04-06T02:25:44.845+0000] {logging_mixin.py:188} INFO - Changing /opt/***/logs/dag_id=job_search_medallion_pipeline_v1/run_id=scheduled__2026-04-05T00:00:00+00:00/task_id=scrape_glints_to_bronze permission to 509
[2026-04-06T02:25:44.845+0000] {logging_mixin.py:188} INFO - Failed to change /opt/***/logs/dag_id=job_search_medallion_pipeline_v1/run_id=scheduled__2026-04-05T00:00:00+00:00/task_id=scrape_glints_to_bronze permission to 509: [Errno 1] Operation not permitted: '/opt/***/logs/dag_id=job_search_medallion_pipeline_v1/run_id=scheduled__2026-04-05T00:00:00+00:00/task_id=scrape_glints_to_bronze'
[2026-04-06T02:25:44.854+0000] {task_command.py:423} INFO - Running <TaskInstance: job_search_medallion_pipeline_v1.scrape_glints_to_bronze scheduled__2026-04-05T00:00:00+00:00 [running]> on host fa0bf68e89d0
[2026-04-06T02:25:44.947+0000] {taskinstance.py:2480} INFO - Exporting env vars: AIRFLOW_CTX_DAG_OWNER='rafif' AIRFLOW_CTX_DAG_ID='job_search_medallion_pipeline_v1' AIRFLOW_CTX_TASK_ID='scrape_glints_to_bronze' AIRFLOW_CTX_EXECUTION_DATE='2026-04-05T00:00:00+00:00' AIRFLOW_CTX_TRY_NUMBER='6' AIRFLOW_CTX_DAG_RUN_ID='scheduled__2026-04-05T00:00:00+00:00'
[2026-04-06T02:25:44.948+0000] {subprocess.py:63} INFO - Tmp dir root location: /tmp
[2026-04-06T02:25:44.949+0000] {subprocess.py:75} INFO - Running command: ['/usr/bin/bash', '-c', 'python3 /opt/***/dags/scripts/scraper_glints.py']
[2026-04-06T02:25:44.961+0000] {subprocess.py:86} INFO - Output:
[2026-04-06T02:28:13.840+0000] {subprocess.py:93} INFO - Mencoba login Glints ID: gigachaacc2@gmail.com...
[2026-04-06T02:28:13.841+0000] {subprocess.py:93} INFO - -> Mengetuk pintu 'Masuk dengan Email'...
[2026-04-06T02:28:13.841+0000] {subprocess.py:93} INFO - -> Email terisi...
[2026-04-06T02:28:13.842+0000] {subprocess.py:93} INFO - -> Password terisi & Enter ditekan...
[2026-04-06T02:28:13.842+0000] {subprocess.py:93} INFO - -> Tombol mungkin sudah terproses lewat Enter.
[2026-04-06T02:28:13.843+0000] {subprocess.py:93} INFO - ✅ Login Berhasil! Sesi aman.
[2026-04-06T02:28:13.843+0000] {subprocess.py:93} INFO - 
[2026-04-06T02:28:13.843+0000] {subprocess.py:93} INFO - --- Mengambil Halaman 1 ---
[2026-04-06T02:28:13.844+0000] {subprocess.py:93} INFO - Ditemukan 712 lowongan di halaman 1.
[2026-04-06T02:28:13.844+0000] {subprocess.py:93} INFO - Total Unik Sementara: 30
[2026-04-06T02:28:13.844+0000] {subprocess.py:93} INFO - 
[2026-04-06T02:28:13.845+0000] {subprocess.py:93} INFO - --- Mengambil Halaman 2 ---
[2026-04-06T02:28:13.845+0000] {subprocess.py:93} INFO - Ditemukan 700 lowongan di halaman 2.
[2026-04-06T02:28:13.845+0000] {subprocess.py:93} INFO - Total Unik Sementara: 60
[2026-04-06T02:28:13.846+0000] {subprocess.py:93} INFO - 
[2026-04-06T02:28:13.846+0000] {subprocess.py:93} INFO - --- Mengambil Halaman 3 ---
[2026-04-06T02:28:13.846+0000] {subprocess.py:93} INFO - Ditemukan 1409 lowongan di halaman 3.
[2026-04-06T02:28:13.847+0000] {subprocess.py:93} INFO - Total Unik Sementara: 90
[2026-04-06T02:28:13.847+0000] {subprocess.py:93} INFO - 
[2026-04-06T02:28:13.847+0000] {subprocess.py:93} INFO - --- Mengambil Halaman 4 ---
[2026-04-06T02:28:13.848+0000] {subprocess.py:93} INFO - Ditemukan 707 lowongan di halaman 4.
[2026-04-06T02:28:13.848+0000] {subprocess.py:93} INFO - Total Unik Sementara: 120
[2026-04-06T02:28:13.848+0000] {subprocess.py:93} INFO - 
[2026-04-06T02:28:13.849+0000] {subprocess.py:93} INFO - --- Mengambil Halaman 5 ---
[2026-04-06T02:28:13.849+0000] {subprocess.py:93} INFO - Ditemukan 1413 lowongan di halaman 5.
[2026-04-06T02:28:13.850+0000] {subprocess.py:93} INFO - Total Unik Sementara: 152
[2026-04-06T02:28:13.850+0000] {subprocess.py:93} INFO - ✅ [BRONZE] 152 data Glints berhasil masuk ke DB.
[2026-04-06T02:28:13.850+0000] {subprocess.py:93} INFO - ✅ Backup CSV berhasil disimpan.
[2026-04-06T02:28:14.006+0000] {subprocess.py:97} INFO - Command exited with return code 0
[2026-04-06T02:28:14.040+0000] {taskinstance.py:1138} INFO - Marking task as SUCCESS. dag_id=job_search_medallion_pipeline_v1, task_id=scrape_glints_to_bronze, execution_date=20260405T000000, start_date=20260406T022544, end_date=20260406T022814
[2026-04-06T02:28:14.089+0000] {local_task_job_runner.py:234} INFO - Task exited with return code 0
[2026-04-06T02:28:14.110+0000] {taskinstance.py:3280} INFO - 0 downstream tasks scheduled from follow-on schedule check
