[2026-04-06T01:53:22.328+0000] {logging_mixin.py:188} INFO - Changing /opt/***/logs/dag_id=job_search_medallion_pipeline_v1/run_id=scheduled__2026-04-05T00:00:00+00:00/task_id=scrape_glints_to_bronze permission to 509
[2026-04-06T01:53:22.329+0000] {logging_mixin.py:188} INFO - Failed to change /opt/***/logs/dag_id=job_search_medallion_pipeline_v1/run_id=scheduled__2026-04-05T00:00:00+00:00/task_id=scrape_glints_to_bronze permission to 509: [Errno 1] Operation not permitted: '/opt/***/logs/dag_id=job_search_medallion_pipeline_v1/run_id=scheduled__2026-04-05T00:00:00+00:00/task_id=scrape_glints_to_bronze'
[2026-04-06T01:53:22.379+0000] {logging_mixin.py:188} INFO - Changing /opt/***/logs/dag_id=job_search_medallion_pipeline_v1/run_id=scheduled__2026-04-05T00:00:00+00:00/task_id=scrape_glints_to_bronze permission to 509
[2026-04-06T01:53:22.380+0000] {logging_mixin.py:188} INFO - Failed to change /opt/***/logs/dag_id=job_search_medallion_pipeline_v1/run_id=scheduled__2026-04-05T00:00:00+00:00/task_id=scrape_glints_to_bronze permission to 509: [Errno 1] Operation not permitted: '/opt/***/logs/dag_id=job_search_medallion_pipeline_v1/run_id=scheduled__2026-04-05T00:00:00+00:00/task_id=scrape_glints_to_bronze'
[2026-04-06T01:53:22.770+0000] {taskinstance.py:1956} INFO - Dependencies all met for dep_context=non-requeueable deps ti=<TaskInstance: job_search_medallion_pipeline_v1.scrape_glints_to_bronze scheduled__2026-04-05T00:00:00+00:00 [queued]>
[2026-04-06T01:53:22.777+0000] {taskinstance.py:1956} INFO - Dependencies all met for dep_context=requeueable deps ti=<TaskInstance: job_search_medallion_pipeline_v1.scrape_glints_to_bronze scheduled__2026-04-05T00:00:00+00:00 [queued]>
[2026-04-06T01:53:22.778+0000] {taskinstance.py:2170} INFO - Starting attempt 3 of 4
[2026-04-06T01:53:22.803+0000] {taskinstance.py:2191} INFO - Executing <Task(BashOperator): scrape_glints_to_bronze> on 2026-04-05 00:00:00+00:00
[2026-04-06T01:53:22.810+0000] {standard_task_runner.py:60} INFO - Started process 382 to run task
[2026-04-06T01:53:22.815+0000] {standard_task_runner.py:87} INFO - Running: ['***', 'tasks', 'run', 'job_search_medallion_pipeline_v1', 'scrape_glints_to_bronze', 'scheduled__2026-04-05T00:00:00+00:00', '--job-id', '75', '--raw', '--subdir', 'DAGS_FOLDER/job_scraper_dag.py', '--cfg-path', '/tmp/tmps4hp91fs']
[2026-04-06T01:53:22.819+0000] {standard_task_runner.py:88} INFO - Job 75: Subtask scrape_glints_to_bronze
[2026-04-06T01:53:22.887+0000] {logging_mixin.py:188} INFO - Changing /opt/***/logs/dag_id=job_search_medallion_pipeline_v1/run_id=scheduled__2026-04-05T00:00:00+00:00/task_id=scrape_glints_to_bronze permission to 509
[2026-04-06T01:53:22.888+0000] {logging_mixin.py:188} INFO - Failed to change /opt/***/logs/dag_id=job_search_medallion_pipeline_v1/run_id=scheduled__2026-04-05T00:00:00+00:00/task_id=scrape_glints_to_bronze permission to 509: [Errno 1] Operation not permitted: '/opt/***/logs/dag_id=job_search_medallion_pipeline_v1/run_id=scheduled__2026-04-05T00:00:00+00:00/task_id=scrape_glints_to_bronze'
[2026-04-06T01:53:22.896+0000] {task_command.py:423} INFO - Running <TaskInstance: job_search_medallion_pipeline_v1.scrape_glints_to_bronze scheduled__2026-04-05T00:00:00+00:00 [running]> on host fa0bf68e89d0
[2026-04-06T01:53:23.001+0000] {taskinstance.py:2480} INFO - Exporting env vars: AIRFLOW_CTX_DAG_OWNER='rafif' AIRFLOW_CTX_DAG_ID='job_search_medallion_pipeline_v1' AIRFLOW_CTX_TASK_ID='scrape_glints_to_bronze' AIRFLOW_CTX_EXECUTION_DATE='2026-04-05T00:00:00+00:00' AIRFLOW_CTX_TRY_NUMBER='3' AIRFLOW_CTX_DAG_RUN_ID='scheduled__2026-04-05T00:00:00+00:00'
[2026-04-06T01:53:23.004+0000] {subprocess.py:63} INFO - Tmp dir root location: /tmp
[2026-04-06T01:53:23.005+0000] {subprocess.py:75} INFO - Running command: ['/usr/bin/bash', '-c', 'python3 /opt/***/dags/scripts/scraper_glints.py']
[2026-04-06T01:53:23.018+0000] {subprocess.py:86} INFO - Output:
[2026-04-06T01:54:25.897+0000] {subprocess.py:93} INFO - Mencoba login Glints ID: gigachaacc2@gmail.com...
[2026-04-06T01:54:25.897+0000] {subprocess.py:93} INFO - -> Mengetuk pintu 'Masuk dengan Email'...
[2026-04-06T01:54:25.898+0000] {subprocess.py:93} INFO - -> Email terisi...
[2026-04-06T01:54:25.898+0000] {subprocess.py:93} INFO - -> Password terisi...
[2026-04-06T01:54:25.898+0000] {subprocess.py:93} INFO - -> Klik tombol login...
[2026-04-06T01:54:25.899+0000] {subprocess.py:93} INFO - ❌ Login Gagal: Message:
[2026-04-06T01:54:25.899+0000] {subprocess.py:93} INFO - 
[2026-04-06T01:54:25.899+0000] {subprocess.py:93} INFO - -> Screenshot error disimpan ke Windows folder /data
[2026-04-06T01:54:25.900+0000] {subprocess.py:93} INFO - 
[2026-04-06T01:54:25.900+0000] {subprocess.py:93} INFO - --- Mengambil Halaman 1 ---
[2026-04-06T01:54:25.900+0000] {subprocess.py:93} INFO - Ditemukan 1114 lowongan.
[2026-04-06T01:54:25.901+0000] {subprocess.py:93} INFO - Total Unik: 31
[2026-04-06T01:54:25.901+0000] {subprocess.py:93} INFO - 
[2026-04-06T01:54:25.901+0000] {subprocess.py:93} INFO - --- Mengambil Halaman 2 ---
[2026-04-06T01:54:25.902+0000] {subprocess.py:93} INFO - Data tidak ditemukan di halaman 2. Berhenti.
[2026-04-06T01:54:25.902+0000] {subprocess.py:93} INFO - ✅ [BRONZE] 31 data Glints berhasil masuk ke DB.
[2026-04-06T01:54:26.025+0000] {subprocess.py:97} INFO - Command exited with return code 0
[2026-04-06T01:54:26.084+0000] {taskinstance.py:1138} INFO - Marking task as SUCCESS. dag_id=job_search_medallion_pipeline_v1, task_id=scrape_glints_to_bronze, execution_date=20260405T000000, start_date=20260406T015322, end_date=20260406T015426
[2026-04-06T01:54:26.154+0000] {local_task_job_runner.py:234} INFO - Task exited with return code 0
[2026-04-06T01:54:26.189+0000] {taskinstance.py:3280} INFO - 0 downstream tasks scheduled from follow-on schedule check
