[2026-04-06T01:44:12.384+0000] {logging_mixin.py:188} INFO - Changing /opt/***/logs/dag_id=job_search_medallion_pipeline_v1/run_id=scheduled__2026-04-05T00:00:00+00:00/task_id=scrape_glints_to_bronze permission to 509
[2026-04-06T01:44:12.385+0000] {logging_mixin.py:188} INFO - Failed to change /opt/***/logs/dag_id=job_search_medallion_pipeline_v1/run_id=scheduled__2026-04-05T00:00:00+00:00/task_id=scrape_glints_to_bronze permission to 509: [Errno 1] Operation not permitted: '/opt/***/logs/dag_id=job_search_medallion_pipeline_v1/run_id=scheduled__2026-04-05T00:00:00+00:00/task_id=scrape_glints_to_bronze'
[2026-04-06T01:44:12.431+0000] {logging_mixin.py:188} INFO - Changing /opt/***/logs/dag_id=job_search_medallion_pipeline_v1/run_id=scheduled__2026-04-05T00:00:00+00:00/task_id=scrape_glints_to_bronze permission to 509
[2026-04-06T01:44:12.432+0000] {logging_mixin.py:188} INFO - Failed to change /opt/***/logs/dag_id=job_search_medallion_pipeline_v1/run_id=scheduled__2026-04-05T00:00:00+00:00/task_id=scrape_glints_to_bronze permission to 509: [Errno 1] Operation not permitted: '/opt/***/logs/dag_id=job_search_medallion_pipeline_v1/run_id=scheduled__2026-04-05T00:00:00+00:00/task_id=scrape_glints_to_bronze'
[2026-04-06T01:44:12.487+0000] {taskinstance.py:1956} INFO - Dependencies all met for dep_context=non-requeueable deps ti=<TaskInstance: job_search_medallion_pipeline_v1.scrape_glints_to_bronze scheduled__2026-04-05T00:00:00+00:00 [queued]>
[2026-04-06T01:44:12.495+0000] {taskinstance.py:1956} INFO - Dependencies all met for dep_context=requeueable deps ti=<TaskInstance: job_search_medallion_pipeline_v1.scrape_glints_to_bronze scheduled__2026-04-05T00:00:00+00:00 [queued]>
[2026-04-06T01:44:12.496+0000] {taskinstance.py:2170} INFO - Starting attempt 2 of 3
[2026-04-06T01:44:12.514+0000] {taskinstance.py:2191} INFO - Executing <Task(BashOperator): scrape_glints_to_bronze> on 2026-04-05 00:00:00+00:00
[2026-04-06T01:44:12.522+0000] {standard_task_runner.py:60} INFO - Started process 251 to run task
[2026-04-06T01:44:12.526+0000] {standard_task_runner.py:87} INFO - Running: ['***', 'tasks', 'run', 'job_search_medallion_pipeline_v1', 'scrape_glints_to_bronze', 'scheduled__2026-04-05T00:00:00+00:00', '--job-id', '71', '--raw', '--subdir', 'DAGS_FOLDER/job_scraper_dag.py', '--cfg-path', '/tmp/tmpr8u48nl9']
[2026-04-06T01:44:12.529+0000] {standard_task_runner.py:88} INFO - Job 71: Subtask scrape_glints_to_bronze
[2026-04-06T01:44:12.592+0000] {logging_mixin.py:188} INFO - Changing /opt/***/logs/dag_id=job_search_medallion_pipeline_v1/run_id=scheduled__2026-04-05T00:00:00+00:00/task_id=scrape_glints_to_bronze permission to 509
[2026-04-06T01:44:12.592+0000] {logging_mixin.py:188} INFO - Failed to change /opt/***/logs/dag_id=job_search_medallion_pipeline_v1/run_id=scheduled__2026-04-05T00:00:00+00:00/task_id=scrape_glints_to_bronze permission to 509: [Errno 1] Operation not permitted: '/opt/***/logs/dag_id=job_search_medallion_pipeline_v1/run_id=scheduled__2026-04-05T00:00:00+00:00/task_id=scrape_glints_to_bronze'
[2026-04-06T01:44:12.603+0000] {task_command.py:423} INFO - Running <TaskInstance: job_search_medallion_pipeline_v1.scrape_glints_to_bronze scheduled__2026-04-05T00:00:00+00:00 [running]> on host fa0bf68e89d0
[2026-04-06T01:44:12.732+0000] {taskinstance.py:2480} INFO - Exporting env vars: AIRFLOW_CTX_DAG_OWNER='rafif' AIRFLOW_CTX_DAG_ID='job_search_medallion_pipeline_v1' AIRFLOW_CTX_TASK_ID='scrape_glints_to_bronze' AIRFLOW_CTX_EXECUTION_DATE='2026-04-05T00:00:00+00:00' AIRFLOW_CTX_TRY_NUMBER='2' AIRFLOW_CTX_DAG_RUN_ID='scheduled__2026-04-05T00:00:00+00:00'
[2026-04-06T01:44:12.733+0000] {subprocess.py:63} INFO - Tmp dir root location: /tmp
[2026-04-06T01:44:12.734+0000] {subprocess.py:75} INFO - Running command: ['/usr/bin/bash', '-c', 'python3 /opt/***/dags/scripts/scraper_glints.py']
[2026-04-06T01:44:12.748+0000] {subprocess.py:86} INFO - Output:
[2026-04-06T01:45:23.807+0000] {subprocess.py:93} INFO - Mencoba login Glints ID: gigachaacc2@gmail.com...
[2026-04-06T01:45:23.808+0000] {subprocess.py:93} INFO - -> Mengetuk pintu 'Masuk dengan Email'...
[2026-04-06T01:45:23.808+0000] {subprocess.py:93} INFO - -> Email terisi...
[2026-04-06T01:45:23.809+0000] {subprocess.py:93} INFO - -> Password terisi...
[2026-04-06T01:45:23.809+0000] {subprocess.py:93} INFO - -> Klik tombol login...
[2026-04-06T01:45:23.809+0000] {subprocess.py:93} INFO - ❌ Login Gagal: Message:
[2026-04-06T01:45:23.810+0000] {subprocess.py:93} INFO - 
[2026-04-06T01:45:23.810+0000] {subprocess.py:93} INFO - -> Foto TKP sudah dikirim ke: /opt/***/data/error_login_gatekeeper.png
[2026-04-06T01:45:23.810+0000] {subprocess.py:93} INFO - 
[2026-04-06T01:45:23.811+0000] {subprocess.py:93} INFO - --- Mengambil Halaman 1 ---
[2026-04-06T01:45:23.811+0000] {subprocess.py:93} INFO - Ditemukan 1114 lowongan.
[2026-04-06T01:45:23.811+0000] {subprocess.py:93} INFO - Total Unik: 31
[2026-04-06T01:45:23.812+0000] {subprocess.py:93} INFO - 
[2026-04-06T01:45:23.812+0000] {subprocess.py:93} INFO - --- Mengambil Halaman 2 ---
[2026-04-06T01:45:23.813+0000] {subprocess.py:93} INFO - Data tidak ditemukan di halaman 2. Berhenti.
[2026-04-06T01:45:23.813+0000] {subprocess.py:93} INFO - ✅ [BRONZE] 31 data Glints berhasil masuk ke DB.
[2026-04-06T01:45:23.963+0000] {subprocess.py:97} INFO - Command exited with return code 0
[2026-04-06T01:45:24.026+0000] {taskinstance.py:1138} INFO - Marking task as SUCCESS. dag_id=job_search_medallion_pipeline_v1, task_id=scrape_glints_to_bronze, execution_date=20260405T000000, start_date=20260406T014412, end_date=20260406T014524
[2026-04-06T01:45:24.075+0000] {local_task_job_runner.py:234} INFO - Task exited with return code 0
[2026-04-06T01:45:24.108+0000] {taskinstance.py:3280} INFO - 0 downstream tasks scheduled from follow-on schedule check
