[2026-04-06T01:59:41.830+0000] {logging_mixin.py:188} INFO - Changing /opt/***/logs/dag_id=job_search_medallion_pipeline_v1/run_id=scheduled__2026-04-05T00:00:00+00:00/task_id=scrape_glints_to_bronze permission to 509
[2026-04-06T01:59:41.831+0000] {logging_mixin.py:188} INFO - Failed to change /opt/***/logs/dag_id=job_search_medallion_pipeline_v1/run_id=scheduled__2026-04-05T00:00:00+00:00/task_id=scrape_glints_to_bronze permission to 509: [Errno 1] Operation not permitted: '/opt/***/logs/dag_id=job_search_medallion_pipeline_v1/run_id=scheduled__2026-04-05T00:00:00+00:00/task_id=scrape_glints_to_bronze'
[2026-04-06T01:59:41.875+0000] {logging_mixin.py:188} INFO - Changing /opt/***/logs/dag_id=job_search_medallion_pipeline_v1/run_id=scheduled__2026-04-05T00:00:00+00:00/task_id=scrape_glints_to_bronze permission to 509
[2026-04-06T01:59:41.876+0000] {logging_mixin.py:188} INFO - Failed to change /opt/***/logs/dag_id=job_search_medallion_pipeline_v1/run_id=scheduled__2026-04-05T00:00:00+00:00/task_id=scrape_glints_to_bronze permission to 509: [Errno 1] Operation not permitted: '/opt/***/logs/dag_id=job_search_medallion_pipeline_v1/run_id=scheduled__2026-04-05T00:00:00+00:00/task_id=scrape_glints_to_bronze'
[2026-04-06T01:59:41.920+0000] {taskinstance.py:1956} INFO - Dependencies all met for dep_context=non-requeueable deps ti=<TaskInstance: job_search_medallion_pipeline_v1.scrape_glints_to_bronze scheduled__2026-04-05T00:00:00+00:00 [queued]>
[2026-04-06T01:59:41.926+0000] {taskinstance.py:1956} INFO - Dependencies all met for dep_context=requeueable deps ti=<TaskInstance: job_search_medallion_pipeline_v1.scrape_glints_to_bronze scheduled__2026-04-05T00:00:00+00:00 [queued]>
[2026-04-06T01:59:41.927+0000] {taskinstance.py:2170} INFO - Starting attempt 4 of 5
[2026-04-06T01:59:41.943+0000] {taskinstance.py:2191} INFO - Executing <Task(BashOperator): scrape_glints_to_bronze> on 2026-04-05 00:00:00+00:00
[2026-04-06T01:59:41.950+0000] {standard_task_runner.py:60} INFO - Started process 481 to run task
[2026-04-06T01:59:41.956+0000] {standard_task_runner.py:87} INFO - Running: ['***', 'tasks', 'run', 'job_search_medallion_pipeline_v1', 'scrape_glints_to_bronze', 'scheduled__2026-04-05T00:00:00+00:00', '--job-id', '80', '--raw', '--subdir', 'DAGS_FOLDER/job_scraper_dag.py', '--cfg-path', '/tmp/tmp3gq8y6i0']
[2026-04-06T01:59:41.958+0000] {standard_task_runner.py:88} INFO - Job 80: Subtask scrape_glints_to_bronze
[2026-04-06T01:59:42.025+0000] {logging_mixin.py:188} INFO - Changing /opt/***/logs/dag_id=job_search_medallion_pipeline_v1/run_id=scheduled__2026-04-05T00:00:00+00:00/task_id=scrape_glints_to_bronze permission to 509
[2026-04-06T01:59:42.025+0000] {logging_mixin.py:188} INFO - Failed to change /opt/***/logs/dag_id=job_search_medallion_pipeline_v1/run_id=scheduled__2026-04-05T00:00:00+00:00/task_id=scrape_glints_to_bronze permission to 509: [Errno 1] Operation not permitted: '/opt/***/logs/dag_id=job_search_medallion_pipeline_v1/run_id=scheduled__2026-04-05T00:00:00+00:00/task_id=scrape_glints_to_bronze'
[2026-04-06T01:59:42.035+0000] {task_command.py:423} INFO - Running <TaskInstance: job_search_medallion_pipeline_v1.scrape_glints_to_bronze scheduled__2026-04-05T00:00:00+00:00 [running]> on host fa0bf68e89d0
[2026-04-06T01:59:42.132+0000] {taskinstance.py:2480} INFO - Exporting env vars: AIRFLOW_CTX_DAG_OWNER='rafif' AIRFLOW_CTX_DAG_ID='job_search_medallion_pipeline_v1' AIRFLOW_CTX_TASK_ID='scrape_glints_to_bronze' AIRFLOW_CTX_EXECUTION_DATE='2026-04-05T00:00:00+00:00' AIRFLOW_CTX_TRY_NUMBER='4' AIRFLOW_CTX_DAG_RUN_ID='scheduled__2026-04-05T00:00:00+00:00'
[2026-04-06T01:59:42.134+0000] {subprocess.py:63} INFO - Tmp dir root location: /tmp
[2026-04-06T01:59:42.135+0000] {subprocess.py:75} INFO - Running command: ['/usr/bin/bash', '-c', 'python3 /opt/***/dags/scripts/scraper_glints.py']
[2026-04-06T01:59:42.146+0000] {subprocess.py:86} INFO - Output:
[2026-04-06T02:00:39.965+0000] {subprocess.py:93} INFO - Mencoba login Glints ID: gigachaacc2@gmail.com...
[2026-04-06T02:00:39.966+0000] {subprocess.py:93} INFO - -> Mengetuk pintu 'Masuk dengan Email'...
[2026-04-06T02:00:39.966+0000] {subprocess.py:93} INFO - -> Email terisi...
[2026-04-06T02:00:39.967+0000] {subprocess.py:93} INFO - -> Password terisi...
[2026-04-06T02:00:39.967+0000] {subprocess.py:93} INFO - -> Klik tombol login...
[2026-04-06T02:00:39.967+0000] {subprocess.py:93} INFO - ❌ Login Gagal: Message:
[2026-04-06T02:00:39.968+0000] {subprocess.py:93} INFO - 
[2026-04-06T02:00:39.968+0000] {subprocess.py:93} INFO - -> Screenshot error disimpan ke Windows folder /data
[2026-04-06T02:00:39.968+0000] {subprocess.py:93} INFO - 
[2026-04-06T02:00:39.969+0000] {subprocess.py:93} INFO - --- Mengambil Halaman 1 ---
[2026-04-06T02:00:39.969+0000] {subprocess.py:93} INFO - Ditemukan 816 lowongan.
[2026-04-06T02:00:39.969+0000] {subprocess.py:93} INFO - Total Unik: 30
[2026-04-06T02:00:39.970+0000] {subprocess.py:93} INFO - 
[2026-04-06T02:00:39.970+0000] {subprocess.py:93} INFO - --- Mengambil Halaman 2 ---
[2026-04-06T02:00:39.970+0000] {subprocess.py:93} INFO - Data tidak ditemukan di halaman 2. Berhenti.
[2026-04-06T02:00:39.971+0000] {subprocess.py:93} INFO - ✅ [BRONZE] 30 data Glints berhasil masuk ke DB.
[2026-04-06T02:00:40.132+0000] {subprocess.py:97} INFO - Command exited with return code 0
[2026-04-06T02:00:40.190+0000] {taskinstance.py:1138} INFO - Marking task as SUCCESS. dag_id=job_search_medallion_pipeline_v1, task_id=scrape_glints_to_bronze, execution_date=20260405T000000, start_date=20260406T015941, end_date=20260406T020040
[2026-04-06T02:00:40.267+0000] {local_task_job_runner.py:234} INFO - Task exited with return code 0
[2026-04-06T02:00:40.294+0000] {taskinstance.py:3280} INFO - 0 downstream tasks scheduled from follow-on schedule check
