[2026-04-10T13:27:28.982+0000] {logging_mixin.py:188} INFO - Changing /opt/***/logs/dag_id=job_search_medallion_pipeline_v1/run_id=manual__2026-04-10T10:04:54.687123+00:00/task_id=finalize_to_gold permission to 509
[2026-04-10T13:27:28.982+0000] {logging_mixin.py:188} INFO - Failed to change /opt/***/logs/dag_id=job_search_medallion_pipeline_v1/run_id=manual__2026-04-10T10:04:54.687123+00:00/task_id=finalize_to_gold permission to 509: [Errno 1] Operation not permitted: '/opt/***/logs/dag_id=job_search_medallion_pipeline_v1/run_id=manual__2026-04-10T10:04:54.687123+00:00/task_id=finalize_to_gold'
[2026-04-10T13:27:29.022+0000] {logging_mixin.py:188} INFO - Changing /opt/***/logs/dag_id=job_search_medallion_pipeline_v1/run_id=manual__2026-04-10T10:04:54.687123+00:00/task_id=finalize_to_gold permission to 509
[2026-04-10T13:27:29.023+0000] {logging_mixin.py:188} INFO - Failed to change /opt/***/logs/dag_id=job_search_medallion_pipeline_v1/run_id=manual__2026-04-10T10:04:54.687123+00:00/task_id=finalize_to_gold permission to 509: [Errno 1] Operation not permitted: '/opt/***/logs/dag_id=job_search_medallion_pipeline_v1/run_id=manual__2026-04-10T10:04:54.687123+00:00/task_id=finalize_to_gold'
[2026-04-10T13:27:29.074+0000] {taskinstance.py:1956} INFO - Dependencies all met for dep_context=non-requeueable deps ti=<TaskInstance: job_search_medallion_pipeline_v1.finalize_to_gold manual__2026-04-10T10:04:54.687123+00:00 [queued]>
[2026-04-10T13:27:29.084+0000] {taskinstance.py:1956} INFO - Dependencies all met for dep_context=requeueable deps ti=<TaskInstance: job_search_medallion_pipeline_v1.finalize_to_gold manual__2026-04-10T10:04:54.687123+00:00 [queued]>
[2026-04-10T13:27:29.086+0000] {taskinstance.py:2170} INFO - Starting attempt 2 of 3
[2026-04-10T13:27:29.111+0000] {taskinstance.py:2191} INFO - Executing <Task(BashOperator): finalize_to_gold> on 2026-04-10 10:04:54.687123+00:00
[2026-04-10T13:27:29.120+0000] {standard_task_runner.py:60} INFO - Started process 596 to run task
[2026-04-10T13:27:29.124+0000] {standard_task_runner.py:87} INFO - Running: ['***', 'tasks', 'run', 'job_search_medallion_pipeline_v1', 'finalize_to_gold', 'manual__2026-04-10T10:04:54.687123+00:00', '--job-id', '128', '--raw', '--subdir', 'DAGS_FOLDER/job_scraper_dag.py', '--cfg-path', '/tmp/tmppt97k2_2']
[2026-04-10T13:27:29.129+0000] {standard_task_runner.py:88} INFO - Job 128: Subtask finalize_to_gold
[2026-04-10T13:27:29.204+0000] {logging_mixin.py:188} INFO - Changing /opt/***/logs/dag_id=job_search_medallion_pipeline_v1/run_id=manual__2026-04-10T10:04:54.687123+00:00/task_id=finalize_to_gold permission to 509
[2026-04-10T13:27:29.205+0000] {logging_mixin.py:188} INFO - Failed to change /opt/***/logs/dag_id=job_search_medallion_pipeline_v1/run_id=manual__2026-04-10T10:04:54.687123+00:00/task_id=finalize_to_gold permission to 509: [Errno 1] Operation not permitted: '/opt/***/logs/dag_id=job_search_medallion_pipeline_v1/run_id=manual__2026-04-10T10:04:54.687123+00:00/task_id=finalize_to_gold'
[2026-04-10T13:27:29.218+0000] {task_command.py:423} INFO - Running <TaskInstance: job_search_medallion_pipeline_v1.finalize_to_gold manual__2026-04-10T10:04:54.687123+00:00 [running]> on host fa0bf68e89d0
[2026-04-10T13:27:29.332+0000] {taskinstance.py:2480} INFO - Exporting env vars: AIRFLOW_CTX_DAG_OWNER='rafif' AIRFLOW_CTX_DAG_ID='job_search_medallion_pipeline_v1' AIRFLOW_CTX_TASK_ID='finalize_to_gold' AIRFLOW_CTX_EXECUTION_DATE='2026-04-10T10:04:54.687123+00:00' AIRFLOW_CTX_TRY_NUMBER='2' AIRFLOW_CTX_DAG_RUN_ID='manual__2026-04-10T10:04:54.687123+00:00'
[2026-04-10T13:27:29.334+0000] {subprocess.py:63} INFO - Tmp dir root location: /tmp
[2026-04-10T13:27:29.336+0000] {subprocess.py:75} INFO - Running command: ['/usr/bin/bash', '-c', 'python3 /opt/***/dags/scripts/gold_layer.py']
[2026-04-10T13:27:29.354+0000] {subprocess.py:86} INFO - Output:
[2026-04-10T13:27:29.737+0000] {subprocess.py:93} INFO - 
[2026-04-10T13:27:29.738+0000] {subprocess.py:93} INFO - --- [GOLD LAYER] Building Normalized Schema + Aggregate Stats ---
[2026-04-10T13:27:29.738+0000] {subprocess.py:93} INFO - ✅ Sukses: Star Schema & Tabel Agregat Dashboard siap!
[2026-04-10T13:27:29.772+0000] {subprocess.py:97} INFO - Command exited with return code 0
[2026-04-10T13:27:29.803+0000] {taskinstance.py:1138} INFO - Marking task as SUCCESS. dag_id=job_search_medallion_pipeline_v1, task_id=finalize_to_gold, execution_date=20260410T100454, start_date=20260410T132729, end_date=20260410T132729
[2026-04-10T13:27:29.829+0000] {local_task_job_runner.py:234} INFO - Task exited with return code 0
[2026-04-10T13:27:29.848+0000] {taskinstance.py:3280} INFO - 0 downstream tasks scheduled from follow-on schedule check
