[2026-04-10T09:57:57.659+0000] {logging_mixin.py:188} INFO - Changing /opt/***/logs/dag_id=job_search_medallion_pipeline_v1/run_id=scheduled__2026-04-09T00:00:00+00:00/task_id=finalize_to_gold permission to 509
[2026-04-10T09:57:57.659+0000] {logging_mixin.py:188} INFO - Failed to change /opt/***/logs/dag_id=job_search_medallion_pipeline_v1/run_id=scheduled__2026-04-09T00:00:00+00:00/task_id=finalize_to_gold permission to 509: [Errno 1] Operation not permitted: '/opt/***/logs/dag_id=job_search_medallion_pipeline_v1/run_id=scheduled__2026-04-09T00:00:00+00:00/task_id=finalize_to_gold'
[2026-04-10T09:57:57.698+0000] {logging_mixin.py:188} INFO - Changing /opt/***/logs/dag_id=job_search_medallion_pipeline_v1/run_id=scheduled__2026-04-09T00:00:00+00:00/task_id=finalize_to_gold permission to 509
[2026-04-10T09:57:57.698+0000] {logging_mixin.py:188} INFO - Failed to change /opt/***/logs/dag_id=job_search_medallion_pipeline_v1/run_id=scheduled__2026-04-09T00:00:00+00:00/task_id=finalize_to_gold permission to 509: [Errno 1] Operation not permitted: '/opt/***/logs/dag_id=job_search_medallion_pipeline_v1/run_id=scheduled__2026-04-09T00:00:00+00:00/task_id=finalize_to_gold'
[2026-04-10T09:57:57.736+0000] {taskinstance.py:1956} INFO - Dependencies all met for dep_context=non-requeueable deps ti=<TaskInstance: job_search_medallion_pipeline_v1.finalize_to_gold scheduled__2026-04-09T00:00:00+00:00 [queued]>
[2026-04-10T09:57:57.742+0000] {taskinstance.py:1956} INFO - Dependencies all met for dep_context=requeueable deps ti=<TaskInstance: job_search_medallion_pipeline_v1.finalize_to_gold scheduled__2026-04-09T00:00:00+00:00 [queued]>
[2026-04-10T09:57:57.742+0000] {taskinstance.py:2170} INFO - Starting attempt 3 of 4
[2026-04-10T09:57:57.758+0000] {taskinstance.py:2191} INFO - Executing <Task(BashOperator): finalize_to_gold> on 2026-04-09 00:00:00+00:00
[2026-04-10T09:57:57.764+0000] {standard_task_runner.py:60} INFO - Started process 199 to run task
[2026-04-10T09:57:57.768+0000] {standard_task_runner.py:87} INFO - Running: ['***', 'tasks', 'run', 'job_search_medallion_pipeline_v1', 'finalize_to_gold', 'scheduled__2026-04-09T00:00:00+00:00', '--job-id', '116', '--raw', '--subdir', 'DAGS_FOLDER/job_scraper_dag.py', '--cfg-path', '/tmp/tmpp5yc2fdl']
[2026-04-10T09:57:57.770+0000] {standard_task_runner.py:88} INFO - Job 116: Subtask finalize_to_gold
[2026-04-10T09:57:57.821+0000] {logging_mixin.py:188} INFO - Changing /opt/***/logs/dag_id=job_search_medallion_pipeline_v1/run_id=scheduled__2026-04-09T00:00:00+00:00/task_id=finalize_to_gold permission to 509
[2026-04-10T09:57:57.821+0000] {logging_mixin.py:188} INFO - Failed to change /opt/***/logs/dag_id=job_search_medallion_pipeline_v1/run_id=scheduled__2026-04-09T00:00:00+00:00/task_id=finalize_to_gold permission to 509: [Errno 1] Operation not permitted: '/opt/***/logs/dag_id=job_search_medallion_pipeline_v1/run_id=scheduled__2026-04-09T00:00:00+00:00/task_id=finalize_to_gold'
[2026-04-10T09:57:57.829+0000] {task_command.py:423} INFO - Running <TaskInstance: job_search_medallion_pipeline_v1.finalize_to_gold scheduled__2026-04-09T00:00:00+00:00 [running]> on host fa0bf68e89d0
[2026-04-10T09:57:57.915+0000] {taskinstance.py:2480} INFO - Exporting env vars: AIRFLOW_CTX_DAG_OWNER='rafif' AIRFLOW_CTX_DAG_ID='job_search_medallion_pipeline_v1' AIRFLOW_CTX_TASK_ID='finalize_to_gold' AIRFLOW_CTX_EXECUTION_DATE='2026-04-09T00:00:00+00:00' AIRFLOW_CTX_TRY_NUMBER='3' AIRFLOW_CTX_DAG_RUN_ID='scheduled__2026-04-09T00:00:00+00:00'
[2026-04-10T09:57:57.916+0000] {subprocess.py:63} INFO - Tmp dir root location: /tmp
[2026-04-10T09:57:57.917+0000] {subprocess.py:75} INFO - Running command: ['/usr/bin/bash', '-c', 'python3 /opt/***/dags/scripts/gold_layer.py']
[2026-04-10T09:57:57.929+0000] {subprocess.py:86} INFO - Output:
[2026-04-10T09:57:57.651+0000] {subprocess.py:93} INFO - 
[2026-04-10T09:57:57.652+0000] {subprocess.py:93} INFO - --- [GOLD LAYER] Building Normalized Schema + Aggregate Stats ---
[2026-04-10T09:57:57.652+0000] {subprocess.py:93} INFO - ✅ Sukses: Star Schema & Tabel Agregat Dashboard siap!
[2026-04-10T09:57:57.672+0000] {subprocess.py:97} INFO - Command exited with return code 0
[2026-04-10T09:57:57.699+0000] {taskinstance.py:1138} INFO - Marking task as SUCCESS. dag_id=job_search_medallion_pipeline_v1, task_id=finalize_to_gold, execution_date=20260409T000000, start_date=20260410T095757, end_date=20260410T095757
[2026-04-10T09:57:56.882+0000] {local_task_job_runner.py:234} INFO - Task exited with return code 0
[2026-04-10T09:57:56.899+0000] {taskinstance.py:3280} INFO - 0 downstream tasks scheduled from follow-on schedule check
