[2026-04-10T09:41:09.143+0000] {logging_mixin.py:188} INFO - Changing /opt/***/logs/dag_id=job_search_medallion_pipeline_v1/run_id=scheduled__2026-04-09T00:00:00+00:00/task_id=finalize_to_gold permission to 509
[2026-04-10T09:41:09.144+0000] {logging_mixin.py:188} INFO - Failed to change /opt/***/logs/dag_id=job_search_medallion_pipeline_v1/run_id=scheduled__2026-04-09T00:00:00+00:00/task_id=finalize_to_gold permission to 509: [Errno 1] Operation not permitted: '/opt/***/logs/dag_id=job_search_medallion_pipeline_v1/run_id=scheduled__2026-04-09T00:00:00+00:00/task_id=finalize_to_gold'
[2026-04-10T09:41:09.180+0000] {logging_mixin.py:188} INFO - Changing /opt/***/logs/dag_id=job_search_medallion_pipeline_v1/run_id=scheduled__2026-04-09T00:00:00+00:00/task_id=finalize_to_gold permission to 509
[2026-04-10T09:41:09.181+0000] {logging_mixin.py:188} INFO - Failed to change /opt/***/logs/dag_id=job_search_medallion_pipeline_v1/run_id=scheduled__2026-04-09T00:00:00+00:00/task_id=finalize_to_gold permission to 509: [Errno 1] Operation not permitted: '/opt/***/logs/dag_id=job_search_medallion_pipeline_v1/run_id=scheduled__2026-04-09T00:00:00+00:00/task_id=finalize_to_gold'
[2026-04-10T09:41:09.217+0000] {taskinstance.py:1956} INFO - Dependencies all met for dep_context=non-requeueable deps ti=<TaskInstance: job_search_medallion_pipeline_v1.finalize_to_gold scheduled__2026-04-09T00:00:00+00:00 [queued]>
[2026-04-10T09:41:09.223+0000] {taskinstance.py:1956} INFO - Dependencies all met for dep_context=requeueable deps ti=<TaskInstance: job_search_medallion_pipeline_v1.finalize_to_gold scheduled__2026-04-09T00:00:00+00:00 [queued]>
[2026-04-10T09:41:09.223+0000] {taskinstance.py:2170} INFO - Starting attempt 2 of 3
[2026-04-10T09:41:09.236+0000] {taskinstance.py:2191} INFO - Executing <Task(BashOperator): finalize_to_gold> on 2026-04-09 00:00:00+00:00
[2026-04-10T09:41:09.242+0000] {standard_task_runner.py:60} INFO - Started process 462 to run task
[2026-04-10T09:41:09.245+0000] {standard_task_runner.py:87} INFO - Running: ['***', 'tasks', 'run', 'job_search_medallion_pipeline_v1', 'finalize_to_gold', 'scheduled__2026-04-09T00:00:00+00:00', '--job-id', '107', '--raw', '--subdir', 'DAGS_FOLDER/job_scraper_dag.py', '--cfg-path', '/tmp/tmpu9bt2cb1']
[2026-04-10T09:41:09.247+0000] {standard_task_runner.py:88} INFO - Job 107: Subtask finalize_to_gold
[2026-04-10T09:41:09.295+0000] {logging_mixin.py:188} INFO - Changing /opt/***/logs/dag_id=job_search_medallion_pipeline_v1/run_id=scheduled__2026-04-09T00:00:00+00:00/task_id=finalize_to_gold permission to 509
[2026-04-10T09:41:09.296+0000] {logging_mixin.py:188} INFO - Failed to change /opt/***/logs/dag_id=job_search_medallion_pipeline_v1/run_id=scheduled__2026-04-09T00:00:00+00:00/task_id=finalize_to_gold permission to 509: [Errno 1] Operation not permitted: '/opt/***/logs/dag_id=job_search_medallion_pipeline_v1/run_id=scheduled__2026-04-09T00:00:00+00:00/task_id=finalize_to_gold'
[2026-04-10T09:41:09.303+0000] {task_command.py:423} INFO - Running <TaskInstance: job_search_medallion_pipeline_v1.finalize_to_gold scheduled__2026-04-09T00:00:00+00:00 [running]> on host fa0bf68e89d0
[2026-04-10T09:41:09.382+0000] {taskinstance.py:2480} INFO - Exporting env vars: AIRFLOW_CTX_DAG_OWNER='rafif' AIRFLOW_CTX_DAG_ID='job_search_medallion_pipeline_v1' AIRFLOW_CTX_TASK_ID='finalize_to_gold' AIRFLOW_CTX_EXECUTION_DATE='2026-04-09T00:00:00+00:00' AIRFLOW_CTX_TRY_NUMBER='2' AIRFLOW_CTX_DAG_RUN_ID='scheduled__2026-04-09T00:00:00+00:00'
[2026-04-10T09:41:09.383+0000] {subprocess.py:63} INFO - Tmp dir root location: /tmp
[2026-04-10T09:41:09.385+0000] {subprocess.py:75} INFO - Running command: ['/usr/bin/bash', '-c', 'python3 /opt/***/dags/scripts/gold_layer.py']
[2026-04-10T09:41:09.395+0000] {subprocess.py:86} INFO - Output:
[2026-04-10T09:41:09.708+0000] {subprocess.py:93} INFO - 
[2026-04-10T09:41:09.709+0000] {subprocess.py:93} INFO - --- [GOLD LAYER] Building Normalized Schema + Aggregate Stats ---
[2026-04-10T09:41:09.709+0000] {subprocess.py:93} INFO - ✅ Sukses: Star Schema & Tabel Agregat Dashboard siap!
[2026-04-10T09:41:09.735+0000] {subprocess.py:97} INFO - Command exited with return code 0
[2026-04-10T09:41:09.760+0000] {taskinstance.py:1138} INFO - Marking task as SUCCESS. dag_id=job_search_medallion_pipeline_v1, task_id=finalize_to_gold, execution_date=20260409T000000, start_date=20260410T094109, end_date=20260410T094109
[2026-04-10T09:41:09.795+0000] {local_task_job_runner.py:234} INFO - Task exited with return code 0
[2026-04-10T09:41:09.811+0000] {taskinstance.py:3280} INFO - 0 downstream tasks scheduled from follow-on schedule check
