[2026-04-05T07:06:46.824+0000] {logging_mixin.py:188} INFO - Changing /opt/***/logs/dag_id=job_search_medallion_pipeline_v1/run_id=manual__2026-04-05T07:06:46.353973+00:00/task_id=scrape_jobstreet_to_bronze permission to 509
[2026-04-05T07:06:46.826+0000] {logging_mixin.py:188} INFO - Failed to change /opt/***/logs/dag_id=job_search_medallion_pipeline_v1/run_id=manual__2026-04-05T07:06:46.353973+00:00/task_id=scrape_jobstreet_to_bronze permission to 509: [Errno 1] Operation not permitted: '/opt/***/logs/dag_id=job_search_medallion_pipeline_v1/run_id=manual__2026-04-05T07:06:46.353973+00:00/task_id=scrape_jobstreet_to_bronze'
[2026-04-05T07:06:46.915+0000] {logging_mixin.py:188} INFO - Changing /opt/***/logs/dag_id=job_search_medallion_pipeline_v1/run_id=manual__2026-04-05T07:06:46.353973+00:00/task_id=scrape_jobstreet_to_bronze permission to 509
[2026-04-05T07:06:46.922+0000] {logging_mixin.py:188} INFO - Failed to change /opt/***/logs/dag_id=job_search_medallion_pipeline_v1/run_id=manual__2026-04-05T07:06:46.353973+00:00/task_id=scrape_jobstreet_to_bronze permission to 509: [Errno 1] Operation not permitted: '/opt/***/logs/dag_id=job_search_medallion_pipeline_v1/run_id=manual__2026-04-05T07:06:46.353973+00:00/task_id=scrape_jobstreet_to_bronze'
[2026-04-05T07:06:47.018+0000] {taskinstance.py:1956} INFO - Dependencies all met for dep_context=non-requeueable deps ti=<TaskInstance: job_search_medallion_pipeline_v1.scrape_jobstreet_to_bronze manual__2026-04-05T07:06:46.353973+00:00 [queued]>
[2026-04-05T07:06:47.030+0000] {taskinstance.py:1956} INFO - Dependencies all met for dep_context=requeueable deps ti=<TaskInstance: job_search_medallion_pipeline_v1.scrape_jobstreet_to_bronze manual__2026-04-05T07:06:46.353973+00:00 [queued]>
[2026-04-05T07:06:47.031+0000] {taskinstance.py:2170} INFO - Starting attempt 1 of 2
[2026-04-05T07:06:47.052+0000] {taskinstance.py:2191} INFO - Executing <Task(BashOperator): scrape_jobstreet_to_bronze> on 2026-04-05 07:06:46.353973+00:00
[2026-04-05T07:06:47.060+0000] {standard_task_runner.py:60} INFO - Started process 193 to run task
[2026-04-05T07:06:47.066+0000] {standard_task_runner.py:87} INFO - Running: ['***', 'tasks', 'run', 'job_search_medallion_pipeline_v1', 'scrape_jobstreet_to_bronze', 'manual__2026-04-05T07:06:46.353973+00:00', '--job-id', '11', '--raw', '--subdir', 'DAGS_FOLDER/job_scraper_dag.py', '--cfg-path', '/tmp/tmpjar_lonz']
[2026-04-05T07:06:47.070+0000] {standard_task_runner.py:88} INFO - Job 11: Subtask scrape_jobstreet_to_bronze
[2026-04-05T07:06:47.145+0000] {logging_mixin.py:188} INFO - Changing /opt/***/logs/dag_id=job_search_medallion_pipeline_v1/run_id=manual__2026-04-05T07:06:46.353973+00:00/task_id=scrape_jobstreet_to_bronze permission to 509
[2026-04-05T07:06:47.145+0000] {logging_mixin.py:188} INFO - Failed to change /opt/***/logs/dag_id=job_search_medallion_pipeline_v1/run_id=manual__2026-04-05T07:06:46.353973+00:00/task_id=scrape_jobstreet_to_bronze permission to 509: [Errno 1] Operation not permitted: '/opt/***/logs/dag_id=job_search_medallion_pipeline_v1/run_id=manual__2026-04-05T07:06:46.353973+00:00/task_id=scrape_jobstreet_to_bronze'
[2026-04-05T07:06:47.155+0000] {task_command.py:423} INFO - Running <TaskInstance: job_search_medallion_pipeline_v1.scrape_jobstreet_to_bronze manual__2026-04-05T07:06:46.353973+00:00 [running]> on host 6961edabcf5c
[2026-04-05T07:06:47.271+0000] {taskinstance.py:2480} INFO - Exporting env vars: AIRFLOW_CTX_DAG_OWNER='rafif' AIRFLOW_CTX_DAG_ID='job_search_medallion_pipeline_v1' AIRFLOW_CTX_TASK_ID='scrape_jobstreet_to_bronze' AIRFLOW_CTX_EXECUTION_DATE='2026-04-05T07:06:46.353973+00:00' AIRFLOW_CTX_TRY_NUMBER='1' AIRFLOW_CTX_DAG_RUN_ID='manual__2026-04-05T07:06:46.353973+00:00'
[2026-04-05T07:06:47.273+0000] {subprocess.py:63} INFO - Tmp dir root location: /tmp
[2026-04-05T07:06:47.275+0000] {subprocess.py:75} INFO - Running command: ['/usr/bin/bash', '-c', 'python3 /opt/***/dags/scripts/scraper_jobstreet.py']
[2026-04-05T07:06:47.293+0000] {subprocess.py:86} INFO - Output:
[2026-04-05T07:06:48.592+0000] {subprocess.py:93} INFO - Traceback (most recent call last):
[2026-04-05T07:06:48.593+0000] {subprocess.py:93} INFO -   File "/opt/***/dags/scripts/scraper_jobstreet.py", line 5, in <module>
[2026-04-05T07:06:48.594+0000] {subprocess.py:93} INFO -     from selenium import webdriver
[2026-04-05T07:06:48.594+0000] {subprocess.py:93} INFO - ModuleNotFoundError: No module named 'selenium'
[2026-04-05T07:06:48.718+0000] {subprocess.py:97} INFO - Command exited with return code 1
[2026-04-05T07:06:48.734+0000] {taskinstance.py:2698} ERROR - Task failed with exception
Traceback (most recent call last):
  File "/home/airflow/.local/lib/python3.8/site-packages/airflow/models/taskinstance.py", line 433, in _execute_task
    result = execute_callable(context=context, **execute_callable_kwargs)
  File "/home/airflow/.local/lib/python3.8/site-packages/airflow/operators/bash.py", line 212, in execute
    raise AirflowException(
airflow.exceptions.AirflowException: Bash command failed. The command returned a non-zero exit code 1.
[2026-04-05T07:06:48.736+0000] {taskinstance.py:1138} INFO - Marking task as UP_FOR_RETRY. dag_id=job_search_medallion_pipeline_v1, task_id=scrape_jobstreet_to_bronze, execution_date=20260405T070646, start_date=20260405T070647, end_date=20260405T070648
[2026-04-05T07:06:48.755+0000] {standard_task_runner.py:107} ERROR - Failed to execute job 11 for task scrape_jobstreet_to_bronze (Bash command failed. The command returned a non-zero exit code 1.; 193)
[2026-04-05T07:06:48.774+0000] {local_task_job_runner.py:234} INFO - Task exited with return code 1
[2026-04-05T07:06:48.797+0000] {taskinstance.py:3280} INFO - 0 downstream tasks scheduled from follow-on schedule check
