[2026-04-05T07:53:59.071+0000] {logging_mixin.py:188} INFO - Changing /opt/***/logs/dag_id=job_search_medallion_pipeline_v1/run_id=manual__2026-04-05T07:10:03.640007+00:00/task_id=finalize_to_gold permission to 509
[2026-04-05T07:53:59.072+0000] {logging_mixin.py:188} INFO - Failed to change /opt/***/logs/dag_id=job_search_medallion_pipeline_v1/run_id=manual__2026-04-05T07:10:03.640007+00:00/task_id=finalize_to_gold permission to 509: [Errno 1] Operation not permitted: '/opt/***/logs/dag_id=job_search_medallion_pipeline_v1/run_id=manual__2026-04-05T07:10:03.640007+00:00/task_id=finalize_to_gold'
[2026-04-05T07:53:59.138+0000] {logging_mixin.py:188} INFO - Changing /opt/***/logs/dag_id=job_search_medallion_pipeline_v1/run_id=manual__2026-04-05T07:10:03.640007+00:00/task_id=finalize_to_gold permission to 509
[2026-04-05T07:53:59.139+0000] {logging_mixin.py:188} INFO - Failed to change /opt/***/logs/dag_id=job_search_medallion_pipeline_v1/run_id=manual__2026-04-05T07:10:03.640007+00:00/task_id=finalize_to_gold permission to 509: [Errno 1] Operation not permitted: '/opt/***/logs/dag_id=job_search_medallion_pipeline_v1/run_id=manual__2026-04-05T07:10:03.640007+00:00/task_id=finalize_to_gold'
[2026-04-05T07:53:59.195+0000] {taskinstance.py:1956} INFO - Dependencies all met for dep_context=non-requeueable deps ti=<TaskInstance: job_search_medallion_pipeline_v1.finalize_to_gold manual__2026-04-05T07:10:03.640007+00:00 [queued]>
[2026-04-05T07:53:59.202+0000] {taskinstance.py:1956} INFO - Dependencies all met for dep_context=requeueable deps ti=<TaskInstance: job_search_medallion_pipeline_v1.finalize_to_gold manual__2026-04-05T07:10:03.640007+00:00 [queued]>
[2026-04-05T07:53:59.203+0000] {taskinstance.py:2170} INFO - Starting attempt 2 of 3
[2026-04-05T07:53:59.215+0000] {taskinstance.py:2191} INFO - Executing <Task(BashOperator): finalize_to_gold> on 2026-04-05 07:10:03.640007+00:00
[2026-04-05T07:53:59.221+0000] {standard_task_runner.py:60} INFO - Started process 249 to run task
[2026-04-05T07:53:59.224+0000] {standard_task_runner.py:87} INFO - Running: ['***', 'tasks', 'run', 'job_search_medallion_pipeline_v1', 'finalize_to_gold', 'manual__2026-04-05T07:10:03.640007+00:00', '--job-id', '47', '--raw', '--subdir', 'DAGS_FOLDER/job_scraper_dag.py', '--cfg-path', '/tmp/tmpv5bf81ps']
[2026-04-05T07:53:59.227+0000] {standard_task_runner.py:88} INFO - Job 47: Subtask finalize_to_gold
[2026-04-05T07:53:59.277+0000] {logging_mixin.py:188} INFO - Changing /opt/***/logs/dag_id=job_search_medallion_pipeline_v1/run_id=manual__2026-04-05T07:10:03.640007+00:00/task_id=finalize_to_gold permission to 509
[2026-04-05T07:53:59.277+0000] {logging_mixin.py:188} INFO - Failed to change /opt/***/logs/dag_id=job_search_medallion_pipeline_v1/run_id=manual__2026-04-05T07:10:03.640007+00:00/task_id=finalize_to_gold permission to 509: [Errno 1] Operation not permitted: '/opt/***/logs/dag_id=job_search_medallion_pipeline_v1/run_id=manual__2026-04-05T07:10:03.640007+00:00/task_id=finalize_to_gold'
[2026-04-05T07:53:59.286+0000] {task_command.py:423} INFO - Running <TaskInstance: job_search_medallion_pipeline_v1.finalize_to_gold manual__2026-04-05T07:10:03.640007+00:00 [running]> on host 978b9c7ee09d
[2026-04-05T07:53:59.370+0000] {taskinstance.py:2480} INFO - Exporting env vars: AIRFLOW_CTX_DAG_OWNER='rafif' AIRFLOW_CTX_DAG_ID='job_search_medallion_pipeline_v1' AIRFLOW_CTX_TASK_ID='finalize_to_gold' AIRFLOW_CTX_EXECUTION_DATE='2026-04-05T07:10:03.640007+00:00' AIRFLOW_CTX_TRY_NUMBER='2' AIRFLOW_CTX_DAG_RUN_ID='manual__2026-04-05T07:10:03.640007+00:00'
[2026-04-05T07:53:59.372+0000] {subprocess.py:63} INFO - Tmp dir root location: /tmp
[2026-04-05T07:53:59.374+0000] {subprocess.py:75} INFO - Running command: ['/usr/bin/bash', '-c', 'python3 /opt/***/dags/scripts/gold_layer.py']
[2026-04-05T07:53:59.385+0000] {subprocess.py:86} INFO - Output:
[2026-04-05T07:53:59.688+0000] {subprocess.py:93} INFO - 
[2026-04-05T07:53:59.688+0000] {subprocess.py:93} INFO - --- [GOLD LAYER] Building Normalized Schema + Aggregate Stats ---
[2026-04-05T07:53:59.689+0000] {subprocess.py:93} INFO - ✅ Sukses: Star Schema & Tabel Agregat Dashboard siap!
[2026-04-05T07:53:59.709+0000] {subprocess.py:97} INFO - Command exited with return code 0
[2026-04-05T07:53:59.744+0000] {taskinstance.py:1138} INFO - Marking task as SUCCESS. dag_id=job_search_medallion_pipeline_v1, task_id=finalize_to_gold, execution_date=20260405T071003, start_date=20260405T075359, end_date=20260405T075359
[2026-04-05T07:53:59.804+0000] {local_task_job_runner.py:234} INFO - Task exited with return code 0
[2026-04-05T07:53:59.826+0000] {taskinstance.py:3280} INFO - 0 downstream tasks scheduled from follow-on schedule check
