[2026-04-05T08:02:35.492+0000] {logging_mixin.py:188} INFO - Changing /opt/***/logs/dag_id=job_search_medallion_pipeline_v1/run_id=manual__2026-04-05T07:10:03.640007+00:00/task_id=finalize_to_gold permission to 509
[2026-04-05T08:02:35.493+0000] {logging_mixin.py:188} INFO - Failed to change /opt/***/logs/dag_id=job_search_medallion_pipeline_v1/run_id=manual__2026-04-05T07:10:03.640007+00:00/task_id=finalize_to_gold permission to 509: [Errno 1] Operation not permitted: '/opt/***/logs/dag_id=job_search_medallion_pipeline_v1/run_id=manual__2026-04-05T07:10:03.640007+00:00/task_id=finalize_to_gold'
[2026-04-05T08:02:35.536+0000] {logging_mixin.py:188} INFO - Changing /opt/***/logs/dag_id=job_search_medallion_pipeline_v1/run_id=manual__2026-04-05T07:10:03.640007+00:00/task_id=finalize_to_gold permission to 509
[2026-04-05T08:02:35.537+0000] {logging_mixin.py:188} INFO - Failed to change /opt/***/logs/dag_id=job_search_medallion_pipeline_v1/run_id=manual__2026-04-05T07:10:03.640007+00:00/task_id=finalize_to_gold permission to 509: [Errno 1] Operation not permitted: '/opt/***/logs/dag_id=job_search_medallion_pipeline_v1/run_id=manual__2026-04-05T07:10:03.640007+00:00/task_id=finalize_to_gold'
[2026-04-05T08:02:35.580+0000] {taskinstance.py:1956} INFO - Dependencies all met for dep_context=non-requeueable deps ti=<TaskInstance: job_search_medallion_pipeline_v1.finalize_to_gold manual__2026-04-05T07:10:03.640007+00:00 [queued]>
[2026-04-05T08:02:35.588+0000] {taskinstance.py:1956} INFO - Dependencies all met for dep_context=requeueable deps ti=<TaskInstance: job_search_medallion_pipeline_v1.finalize_to_gold manual__2026-04-05T07:10:03.640007+00:00 [queued]>
[2026-04-05T08:02:35.589+0000] {taskinstance.py:2170} INFO - Starting attempt 3 of 4
[2026-04-05T08:02:35.601+0000] {taskinstance.py:2191} INFO - Executing <Task(BashOperator): finalize_to_gold> on 2026-04-05 07:10:03.640007+00:00
[2026-04-05T08:02:35.608+0000] {standard_task_runner.py:60} INFO - Started process 264 to run task
[2026-04-05T08:02:35.611+0000] {standard_task_runner.py:87} INFO - Running: ['***', 'tasks', 'run', 'job_search_medallion_pipeline_v1', 'finalize_to_gold', 'manual__2026-04-05T07:10:03.640007+00:00', '--job-id', '52', '--raw', '--subdir', 'DAGS_FOLDER/job_scraper_dag.py', '--cfg-path', '/tmp/tmpm4q84a_y']
[2026-04-05T08:02:35.614+0000] {standard_task_runner.py:88} INFO - Job 52: Subtask finalize_to_gold
[2026-04-05T08:02:35.693+0000] {logging_mixin.py:188} INFO - Changing /opt/***/logs/dag_id=job_search_medallion_pipeline_v1/run_id=manual__2026-04-05T07:10:03.640007+00:00/task_id=finalize_to_gold permission to 509
[2026-04-05T08:02:35.696+0000] {logging_mixin.py:188} INFO - Failed to change /opt/***/logs/dag_id=job_search_medallion_pipeline_v1/run_id=manual__2026-04-05T07:10:03.640007+00:00/task_id=finalize_to_gold permission to 509: [Errno 1] Operation not permitted: '/opt/***/logs/dag_id=job_search_medallion_pipeline_v1/run_id=manual__2026-04-05T07:10:03.640007+00:00/task_id=finalize_to_gold'
[2026-04-05T08:02:35.716+0000] {task_command.py:423} INFO - Running <TaskInstance: job_search_medallion_pipeline_v1.finalize_to_gold manual__2026-04-05T07:10:03.640007+00:00 [running]> on host abbd68d0f784
[2026-04-05T08:02:35.900+0000] {taskinstance.py:2480} INFO - Exporting env vars: AIRFLOW_CTX_DAG_OWNER='rafif' AIRFLOW_CTX_DAG_ID='job_search_medallion_pipeline_v1' AIRFLOW_CTX_TASK_ID='finalize_to_gold' AIRFLOW_CTX_EXECUTION_DATE='2026-04-05T07:10:03.640007+00:00' AIRFLOW_CTX_TRY_NUMBER='3' AIRFLOW_CTX_DAG_RUN_ID='manual__2026-04-05T07:10:03.640007+00:00'
[2026-04-05T08:02:35.910+0000] {subprocess.py:63} INFO - Tmp dir root location: /tmp
[2026-04-05T08:02:35.912+0000] {subprocess.py:75} INFO - Running command: ['/usr/bin/bash', '-c', 'python3 /opt/***/dags/scripts/gold_layer.py']
[2026-04-05T08:02:35.930+0000] {subprocess.py:86} INFO - Output:
[2026-04-05T08:02:36.294+0000] {subprocess.py:93} INFO - 
[2026-04-05T08:02:36.295+0000] {subprocess.py:93} INFO - --- [GOLD LAYER] Building Normalized Schema + Aggregate Stats ---
[2026-04-05T08:02:36.295+0000] {subprocess.py:93} INFO - ✅ Sukses: Star Schema & Tabel Agregat Dashboard siap!
[2026-04-05T08:02:36.320+0000] {subprocess.py:97} INFO - Command exited with return code 0
[2026-04-05T08:02:36.355+0000] {taskinstance.py:1138} INFO - Marking task as SUCCESS. dag_id=job_search_medallion_pipeline_v1, task_id=finalize_to_gold, execution_date=20260405T071003, start_date=20260405T080235, end_date=20260405T080236
[2026-04-05T08:02:36.412+0000] {local_task_job_runner.py:234} INFO - Task exited with return code 0
[2026-04-05T08:02:36.445+0000] {taskinstance.py:3280} INFO - 0 downstream tasks scheduled from follow-on schedule check
