[2026-04-05T08:12:08.317+0000] {logging_mixin.py:188} INFO - Changing /opt/***/logs/dag_id=job_search_medallion_pipeline_v1/run_id=manual__2026-04-05T07:10:03.640007+00:00/task_id=finalize_to_gold permission to 509
[2026-04-05T08:12:08.318+0000] {logging_mixin.py:188} INFO - Failed to change /opt/***/logs/dag_id=job_search_medallion_pipeline_v1/run_id=manual__2026-04-05T07:10:03.640007+00:00/task_id=finalize_to_gold permission to 509: [Errno 1] Operation not permitted: '/opt/***/logs/dag_id=job_search_medallion_pipeline_v1/run_id=manual__2026-04-05T07:10:03.640007+00:00/task_id=finalize_to_gold'
[2026-04-05T08:12:08.357+0000] {logging_mixin.py:188} INFO - Changing /opt/***/logs/dag_id=job_search_medallion_pipeline_v1/run_id=manual__2026-04-05T07:10:03.640007+00:00/task_id=finalize_to_gold permission to 509
[2026-04-05T08:12:08.358+0000] {logging_mixin.py:188} INFO - Failed to change /opt/***/logs/dag_id=job_search_medallion_pipeline_v1/run_id=manual__2026-04-05T07:10:03.640007+00:00/task_id=finalize_to_gold permission to 509: [Errno 1] Operation not permitted: '/opt/***/logs/dag_id=job_search_medallion_pipeline_v1/run_id=manual__2026-04-05T07:10:03.640007+00:00/task_id=finalize_to_gold'
[2026-04-05T08:12:08.403+0000] {taskinstance.py:1956} INFO - Dependencies all met for dep_context=non-requeueable deps ti=<TaskInstance: job_search_medallion_pipeline_v1.finalize_to_gold manual__2026-04-05T07:10:03.640007+00:00 [queued]>
[2026-04-05T08:12:08.411+0000] {taskinstance.py:1956} INFO - Dependencies all met for dep_context=requeueable deps ti=<TaskInstance: job_search_medallion_pipeline_v1.finalize_to_gold manual__2026-04-05T07:10:03.640007+00:00 [queued]>
[2026-04-05T08:12:08.411+0000] {taskinstance.py:2170} INFO - Starting attempt 4 of 5
[2026-04-05T08:12:08.431+0000] {taskinstance.py:2191} INFO - Executing <Task(BashOperator): finalize_to_gold> on 2026-04-05 07:10:03.640007+00:00
[2026-04-05T08:12:08.439+0000] {standard_task_runner.py:60} INFO - Started process 249 to run task
[2026-04-05T08:12:08.442+0000] {standard_task_runner.py:87} INFO - Running: ['***', 'tasks', 'run', 'job_search_medallion_pipeline_v1', 'finalize_to_gold', 'manual__2026-04-05T07:10:03.640007+00:00', '--job-id', '58', '--raw', '--subdir', 'DAGS_FOLDER/job_scraper_dag.py', '--cfg-path', '/tmp/tmppdj_wr6r']
[2026-04-05T08:12:08.445+0000] {standard_task_runner.py:88} INFO - Job 58: Subtask finalize_to_gold
[2026-04-05T08:12:08.498+0000] {logging_mixin.py:188} INFO - Changing /opt/***/logs/dag_id=job_search_medallion_pipeline_v1/run_id=manual__2026-04-05T07:10:03.640007+00:00/task_id=finalize_to_gold permission to 509
[2026-04-05T08:12:08.499+0000] {logging_mixin.py:188} INFO - Failed to change /opt/***/logs/dag_id=job_search_medallion_pipeline_v1/run_id=manual__2026-04-05T07:10:03.640007+00:00/task_id=finalize_to_gold permission to 509: [Errno 1] Operation not permitted: '/opt/***/logs/dag_id=job_search_medallion_pipeline_v1/run_id=manual__2026-04-05T07:10:03.640007+00:00/task_id=finalize_to_gold'
[2026-04-05T08:12:08.507+0000] {task_command.py:423} INFO - Running <TaskInstance: job_search_medallion_pipeline_v1.finalize_to_gold manual__2026-04-05T07:10:03.640007+00:00 [running]> on host fa0bf68e89d0
[2026-04-05T08:12:08.590+0000] {taskinstance.py:2480} INFO - Exporting env vars: AIRFLOW_CTX_DAG_OWNER='rafif' AIRFLOW_CTX_DAG_ID='job_search_medallion_pipeline_v1' AIRFLOW_CTX_TASK_ID='finalize_to_gold' AIRFLOW_CTX_EXECUTION_DATE='2026-04-05T07:10:03.640007+00:00' AIRFLOW_CTX_TRY_NUMBER='4' AIRFLOW_CTX_DAG_RUN_ID='manual__2026-04-05T07:10:03.640007+00:00'
[2026-04-05T08:12:08.591+0000] {subprocess.py:63} INFO - Tmp dir root location: /tmp
[2026-04-05T08:12:08.592+0000] {subprocess.py:75} INFO - Running command: ['/usr/bin/bash', '-c', 'python3 /opt/***/dags/scripts/gold_layer.py']
[2026-04-05T08:12:08.604+0000] {subprocess.py:86} INFO - Output:
[2026-04-05T08:12:08.955+0000] {subprocess.py:93} INFO - 
[2026-04-05T08:12:08.956+0000] {subprocess.py:93} INFO - --- [GOLD LAYER] Building Normalized Schema + Aggregate Stats ---
[2026-04-05T08:12:08.956+0000] {subprocess.py:93} INFO - ✅ Sukses: Star Schema & Tabel Agregat Dashboard siap!
[2026-04-05T08:12:08.977+0000] {subprocess.py:97} INFO - Command exited with return code 0
[2026-04-05T08:12:09.011+0000] {taskinstance.py:1138} INFO - Marking task as SUCCESS. dag_id=job_search_medallion_pipeline_v1, task_id=finalize_to_gold, execution_date=20260405T071003, start_date=20260405T081208, end_date=20260405T081209
[2026-04-05T08:12:09.060+0000] {local_task_job_runner.py:234} INFO - Task exited with return code 0
[2026-04-05T08:12:09.079+0000] {taskinstance.py:3280} INFO - 0 downstream tasks scheduled from follow-on schedule check
