[2026-04-10T10:08:43.772+0000] {logging_mixin.py:188} INFO - Changing /opt/***/logs/dag_id=job_search_medallion_pipeline_v1/run_id=manual__2026-04-10T10:04:54.687123+00:00/task_id=clean_to_silver permission to 509
[2026-04-10T10:08:43.773+0000] {logging_mixin.py:188} INFO - Failed to change /opt/***/logs/dag_id=job_search_medallion_pipeline_v1/run_id=manual__2026-04-10T10:04:54.687123+00:00/task_id=clean_to_silver permission to 509: [Errno 1] Operation not permitted: '/opt/***/logs/dag_id=job_search_medallion_pipeline_v1/run_id=manual__2026-04-10T10:04:54.687123+00:00/task_id=clean_to_silver'
[2026-04-10T10:08:43.814+0000] {logging_mixin.py:188} INFO - Changing /opt/***/logs/dag_id=job_search_medallion_pipeline_v1/run_id=manual__2026-04-10T10:04:54.687123+00:00/task_id=clean_to_silver permission to 509
[2026-04-10T10:08:43.815+0000] {logging_mixin.py:188} INFO - Failed to change /opt/***/logs/dag_id=job_search_medallion_pipeline_v1/run_id=manual__2026-04-10T10:04:54.687123+00:00/task_id=clean_to_silver permission to 509: [Errno 1] Operation not permitted: '/opt/***/logs/dag_id=job_search_medallion_pipeline_v1/run_id=manual__2026-04-10T10:04:54.687123+00:00/task_id=clean_to_silver'
[2026-04-10T10:08:43.855+0000] {taskinstance.py:1956} INFO - Dependencies all met for dep_context=non-requeueable deps ti=<TaskInstance: job_search_medallion_pipeline_v1.clean_to_silver manual__2026-04-10T10:04:54.687123+00:00 [queued]>
[2026-04-10T10:08:43.861+0000] {taskinstance.py:1956} INFO - Dependencies all met for dep_context=requeueable deps ti=<TaskInstance: job_search_medallion_pipeline_v1.clean_to_silver manual__2026-04-10T10:04:54.687123+00:00 [queued]>
[2026-04-10T10:08:43.862+0000] {taskinstance.py:2170} INFO - Starting attempt 1 of 2
[2026-04-10T10:08:43.876+0000] {taskinstance.py:2191} INFO - Executing <Task(BashOperator): clean_to_silver> on 2026-04-10 10:04:54.687123+00:00
[2026-04-10T10:08:43.882+0000] {standard_task_runner.py:60} INFO - Started process 295 to run task
[2026-04-10T10:08:43.886+0000] {standard_task_runner.py:87} INFO - Running: ['***', 'tasks', 'run', 'job_search_medallion_pipeline_v1', 'clean_to_silver', 'manual__2026-04-10T10:04:54.687123+00:00', '--job-id', '122', '--raw', '--subdir', 'DAGS_FOLDER/job_scraper_dag.py', '--cfg-path', '/tmp/tmpm9cy1cid']
[2026-04-10T10:08:43.888+0000] {standard_task_runner.py:88} INFO - Job 122: Subtask clean_to_silver
[2026-04-10T10:08:43.937+0000] {logging_mixin.py:188} INFO - Changing /opt/***/logs/dag_id=job_search_medallion_pipeline_v1/run_id=manual__2026-04-10T10:04:54.687123+00:00/task_id=clean_to_silver permission to 509
[2026-04-10T10:08:43.938+0000] {logging_mixin.py:188} INFO - Failed to change /opt/***/logs/dag_id=job_search_medallion_pipeline_v1/run_id=manual__2026-04-10T10:04:54.687123+00:00/task_id=clean_to_silver permission to 509: [Errno 1] Operation not permitted: '/opt/***/logs/dag_id=job_search_medallion_pipeline_v1/run_id=manual__2026-04-10T10:04:54.687123+00:00/task_id=clean_to_silver'
[2026-04-10T10:08:43.946+0000] {task_command.py:423} INFO - Running <TaskInstance: job_search_medallion_pipeline_v1.clean_to_silver manual__2026-04-10T10:04:54.687123+00:00 [running]> on host fa0bf68e89d0
[2026-04-10T10:08:44.026+0000] {taskinstance.py:2480} INFO - Exporting env vars: AIRFLOW_CTX_DAG_OWNER='rafif' AIRFLOW_CTX_DAG_ID='job_search_medallion_pipeline_v1' AIRFLOW_CTX_TASK_ID='clean_to_silver' AIRFLOW_CTX_EXECUTION_DATE='2026-04-10T10:04:54.687123+00:00' AIRFLOW_CTX_TRY_NUMBER='1' AIRFLOW_CTX_DAG_RUN_ID='manual__2026-04-10T10:04:54.687123+00:00'
[2026-04-10T10:08:44.028+0000] {subprocess.py:63} INFO - Tmp dir root location: /tmp
[2026-04-10T10:08:44.029+0000] {subprocess.py:75} INFO - Running command: ['/usr/bin/bash', '-c', 'python3 /opt/***/dags/scripts/silver_layer.py']
[2026-04-10T10:08:44.041+0000] {subprocess.py:86} INFO - Output:
[2026-04-10T10:08:44.398+0000] {subprocess.py:93} INFO - 
[2026-04-10T10:08:44.399+0000] {subprocess.py:93} INFO - --- [SILVER LAYER] Cleaning & Parsing to 'silver' schema ---
[2026-04-10T10:08:44.400+0000] {subprocess.py:93} INFO - ✅ Sukses: Data bersih dan ter-parsing mendarat di silver.jobs
[2026-04-10T10:08:44.425+0000] {subprocess.py:97} INFO - Command exited with return code 0
[2026-04-10T10:08:44.457+0000] {taskinstance.py:1138} INFO - Marking task as SUCCESS. dag_id=job_search_medallion_pipeline_v1, task_id=clean_to_silver, execution_date=20260410T100454, start_date=20260410T100843, end_date=20260410T100844
[2026-04-10T10:08:44.487+0000] {local_task_job_runner.py:234} INFO - Task exited with return code 0
[2026-04-10T10:08:44.510+0000] {taskinstance.py:3280} INFO - 1 downstream tasks scheduled from follow-on schedule check
